<?xml version="1.0" encoding="utf-8"?>
<test-run id="2" testcasecount="151" result="Failed(Child)" total="151" passed="145" failed="6" inconclusive="0" skipped="0" asserts="0" engine-version="3.5.0.0" clr-version="4.0.30319.42000" start-time="2025-07-26 19:12:12Z" end-time="2025-07-26 19:14:20Z" duration="128.4846567">
  <test-suite type="TestSuite" id="1172" name="TTG" fullname="TTG" runstate="Runnable" testcasecount="151" result="Failed" site="Child" start-time="2025-07-26 19:12:12Z" end-time="2025-07-26 19:14:20Z" duration="128.484657" total="151" passed="145" failed="6" inconclusive="0" skipped="0" asserts="0">
    <properties>
      <property name="platform" value="PlayMode" />
    </properties>
    <failure>
      <message><![CDATA[One or more child tests had errors]]></message>
    </failure>
    <test-suite type="Assembly" id="1164" name="TinyWalnutGames.TTG.TerrainGeneration.Tests.dll" fullname="D:/Tiny Walnut Games/TTG/Library/ScriptAssemblies/TinyWalnutGames.TTG.TerrainGeneration.Tests.dll" runstate="Runnable" testcasecount="151" result="Failed" site="Child" start-time="2025-07-26 19:12:12Z" end-time="2025-07-26 19:14:20Z" duration="127.897225" total="151" passed="145" failed="6" inconclusive="0" skipped="0" asserts="0">
      <properties>
        <property name="_PID" value="25588" />
        <property name="_APPDOMAIN" value="Unity Child Domain" />
        <property name="platform" value="PlayMode" />
        <property name="EditorOnly" value="False" />
      </properties>
      <failure>
        <message><![CDATA[One or more child tests had errors]]></message>
      </failure>
      <test-suite type="TestSuite" id="1165" name="TinyWalnutGames" fullname="TinyWalnutGames" runstate="Runnable" testcasecount="151" result="Failed" site="Child" start-time="2025-07-26 19:12:13Z" end-time="2025-07-26 19:14:20Z" duration="127.309285" total="151" passed="145" failed="6" inconclusive="0" skipped="0" asserts="0">
        <properties />
        <failure>
          <message><![CDATA[One or more child tests had errors]]></message>
        </failure>
        <test-suite type="TestSuite" id="1166" name="TTG" fullname="TinyWalnutGames.TTG" runstate="Runnable" testcasecount="151" result="Failed" site="Child" start-time="2025-07-26 19:12:13Z" end-time="2025-07-26 19:14:20Z" duration="126.731074" total="151" passed="145" failed="6" inconclusive="0" skipped="0" asserts="0">
          <properties />
          <failure>
            <message><![CDATA[One or more child tests had errors]]></message>
          </failure>
          <test-suite type="TestSuite" id="1167" name="TerrainGeneration" fullname="TinyWalnutGames.TTG.TerrainGeneration" runstate="Runnable" testcasecount="151" result="Failed" site="Child" start-time="2025-07-26 19:12:14Z" end-time="2025-07-26 19:14:20Z" duration="126.153526" total="151" passed="145" failed="6" inconclusive="0" skipped="0" asserts="0">
            <properties />
            <failure>
              <message><![CDATA[One or more child tests had errors]]></message>
            </failure>
            <test-suite type="TestSuite" id="1168" name="Tests" fullname="TinyWalnutGames.TTG.TerrainGeneration.Tests" runstate="Runnable" testcasecount="151" result="Failed" site="Child" start-time="2025-07-26 19:12:14Z" end-time="2025-07-26 19:14:20Z" duration="125.577380" total="151" passed="145" failed="6" inconclusive="0" skipped="0" asserts="0">
              <properties />
              <failure>
                <message><![CDATA[One or more child tests had errors]]></message>
              </failure>
              <test-suite type="TestFixture" id="1001" name="ECSTestsFixtureVerificationTests" fullname="TinyWalnutGames.TTG.TerrainGeneration.Tests.ECSTestsFixtureVerificationTests" classname="TinyWalnutGames.TTG.TerrainGeneration.Tests.ECSTestsFixtureVerificationTests" runstate="Runnable" testcasecount="2" result="Passed" start-time="2025-07-26 19:12:15Z" end-time="2025-07-26 19:12:16Z" duration="0.664503" total="2" passed="2" failed="0" inconclusive="0" skipped="0" asserts="0">
                <properties />
                <test-case id="1002" name="ECSTestsFixture_CanCreateEntities" fullname="TinyWalnutGames.TTG.TerrainGeneration.Tests.ECSTestsFixtureVerificationTests.ECSTestsFixture_CanCreateEntities" methodname="ECSTestsFixture_CanCreateEntities" classname="TinyWalnutGames.TTG.TerrainGeneration.Tests.ECSTestsFixtureVerificationTests" runstate="Runnable" seed="887921729" result="Passed" start-time="2025-07-26 19:12:16Z" end-time="2025-07-26 19:12:16Z" duration="0.037804" asserts="0">
                  <properties>
                    <property name="retryIteration" value="0" />
                    <property name="repeatIteration" value="0" />
                  </properties>
                </test-case>
                <test-case id="1003" name="ECSTestsFixture_WorldIsValid" fullname="TinyWalnutGames.TTG.TerrainGeneration.Tests.ECSTestsFixtureVerificationTests.ECSTestsFixture_WorldIsValid" methodname="ECSTestsFixture_WorldIsValid" classname="TinyWalnutGames.TTG.TerrainGeneration.Tests.ECSTestsFixtureVerificationTests" runstate="Runnable" seed="818658130" result="Passed" start-time="2025-07-26 19:12:16Z" end-time="2025-07-26 19:12:16Z" duration="0.001348" asserts="0">
                  <properties>
                    <property name="retryIteration" value="0" />
                    <property name="repeatIteration" value="0" />
                  </properties>
                </test-case>
              </test-suite>
              <test-suite type="TestFixture" id="1004" name="MeshCreationSystemTests" fullname="TinyWalnutGames.TTG.TerrainGeneration.Tests.MeshCreationSystemTests" classname="TinyWalnutGames.TTG.TerrainGeneration.Tests.MeshCreationSystemTests" runstate="Runnable" testcasecount="10" result="Passed" start-time="2025-07-26 19:12:16Z" end-time="2025-07-26 19:12:30Z" duration="14.175667" total="10" passed="10" failed="0" inconclusive="0" skipped="0" asserts="0">
                <properties />
                <test-case id="1010" name="MeshCreationSystem_AlreadyProcessed_DoesNotReprocess" fullname="TinyWalnutGames.TTG.TerrainGeneration.Tests.MeshCreationSystemTests.MeshCreationSystem_AlreadyProcessed_DoesNotReprocess" methodname="MeshCreationSystem_AlreadyProcessed_DoesNotReprocess" classname="TinyWalnutGames.TTG.TerrainGeneration.Tests.MeshCreationSystemTests" runstate="Runnable" seed="1547227158" result="Passed" start-time="2025-07-26 19:12:16Z" end-time="2025-07-26 19:12:18Z" duration="1.773966" asserts="0">
                  <properties>
                    <property name="retryIteration" value="0" />
                    <property name="repeatIteration" value="0" />
                  </properties>
                  <output><![CDATA[MeshCreationSystem: Created URP Lit default material for terrain rendering.
Terrain generation completed for entity Entity(83:1). Created mesh entity Entity(84:1) with GameObject 'GeneratedTerrain_83' containing 3 vertices and 1 triangles.
]]></output>
                </test-case>
                <test-case id="1008" name="MeshCreationSystem_BlobAssetCleanup_DisposesCorrectly" fullname="TinyWalnutGames.TTG.TerrainGeneration.Tests.MeshCreationSystemTests.MeshCreationSystem_BlobAssetCleanup_DisposesCorrectly" methodname="MeshCreationSystem_BlobAssetCleanup_DisposesCorrectly" classname="TinyWalnutGames.TTG.TerrainGeneration.Tests.MeshCreationSystemTests" runstate="Runnable" seed="2117954016" result="Passed" start-time="2025-07-26 19:12:18Z" end-time="2025-07-26 19:12:19Z" duration="1.159140" asserts="0">
                  <properties>
                    <property name="retryIteration" value="0" />
                    <property name="repeatIteration" value="0" />
                  </properties>
                  <output><![CDATA[MeshCreationSystem: Created URP Lit default material for terrain rendering.
Terrain generation completed for entity Entity(83:3). Created mesh entity Entity(84:3) with GameObject 'GeneratedTerrain_83' containing 3 vertices and 1 triangles.
]]></output>
                </test-case>
                <test-case id="1005" name="MeshCreationSystem_CompleteTerrain_CreatesMeshAndGameObject" fullname="TinyWalnutGames.TTG.TerrainGeneration.Tests.MeshCreationSystemTests.MeshCreationSystem_CompleteTerrain_CreatesMeshAndGameObject" methodname="MeshCreationSystem_CompleteTerrain_CreatesMeshAndGameObject" classname="TinyWalnutGames.TTG.TerrainGeneration.Tests.MeshCreationSystemTests" runstate="Runnable" seed="160149659" result="Passed" start-time="2025-07-26 19:12:19Z" end-time="2025-07-26 19:12:20Z" duration="1.156839" asserts="0">
                  <properties>
                    <property name="retryIteration" value="0" />
                    <property name="repeatIteration" value="0" />
                  </properties>
                  <output><![CDATA[MeshCreationSystem: Created URP Lit default material for terrain rendering.
Terrain generation completed for entity Entity(83:5). Created mesh entity Entity(84:5) with GameObject 'GeneratedTerrain_83' containing 3 vertices and 1 triangles.
]]></output>
                </test-case>
                <test-case id="1013" name="MeshCreationSystem_CreatedMesh_HasValidGeometry" fullname="TinyWalnutGames.TTG.TerrainGeneration.Tests.MeshCreationSystemTests.MeshCreationSystem_CreatedMesh_HasValidGeometry" methodname="MeshCreationSystem_CreatedMesh_HasValidGeometry" classname="TinyWalnutGames.TTG.TerrainGeneration.Tests.MeshCreationSystemTests" runstate="Runnable" seed="30880238" result="Passed" start-time="2025-07-26 19:12:20Z" end-time="2025-07-26 19:12:22Z" duration="1.167553" asserts="0">
                  <properties>
                    <property name="retryIteration" value="0" />
                    <property name="repeatIteration" value="0" />
                  </properties>
                  <output><![CDATA[MeshCreationSystem: Created URP Lit default material for terrain rendering.
Terrain generation completed for entity Entity(83:7). Created mesh entity Entity(84:7) with GameObject 'GeneratedTerrain_83' containing 4 vertices and 2 triangles.
]]></output>
                </test-case>
                <test-case id="1014" name="MeshCreationSystem_GameObjectNaming_IsConsistent" fullname="TinyWalnutGames.TTG.TerrainGeneration.Tests.MeshCreationSystemTests.MeshCreationSystem_GameObjectNaming_IsConsistent" methodname="MeshCreationSystem_GameObjectNaming_IsConsistent" classname="TinyWalnutGames.TTG.TerrainGeneration.Tests.MeshCreationSystemTests" runstate="Runnable" seed="661938397" result="Passed" start-time="2025-07-26 19:12:22Z" end-time="2025-07-26 19:12:23Z" duration="1.719262" asserts="0">
                  <properties>
                    <property name="retryIteration" value="0" />
                    <property name="repeatIteration" value="0" />
                  </properties>
                  <output><![CDATA[MeshCreationSystem: Created URP Lit default material for terrain rendering.
Terrain generation completed for entity Entity(83:9). Created mesh entity Entity(85:1) with GameObject 'GeneratedTerrain_83' containing 3 vertices and 1 triangles.
Terrain generation completed for entity Entity(84:9). Created mesh entity Entity(86:1) with GameObject 'GeneratedTerrain_84' containing 3 vertices and 1 triangles.
]]></output>
                </test-case>
                <test-case id="1009" name="MeshCreationSystem_IncompleteGeneration_DoesNotProcess" fullname="TinyWalnutGames.TTG.TerrainGeneration.Tests.MeshCreationSystemTests.MeshCreationSystem_IncompleteGeneration_DoesNotProcess" methodname="MeshCreationSystem_IncompleteGeneration_DoesNotProcess" classname="TinyWalnutGames.TTG.TerrainGeneration.Tests.MeshCreationSystemTests" runstate="Runnable" seed="2124499128" result="Passed" start-time="2025-07-26 19:12:23Z" end-time="2025-07-26 19:12:24Z" duration="0.629783" asserts="0">
                  <properties>
                    <property name="retryIteration" value="0" />
                    <property name="repeatIteration" value="0" />
                  </properties>
                  <output><![CDATA[MeshCreationSystem: Created URP Lit default material for terrain rendering.
]]></output>
                </test-case>
                <test-case id="1012" name="MeshCreationSystem_MeshEntity_HasCorrectComponents" fullname="TinyWalnutGames.TTG.TerrainGeneration.Tests.MeshCreationSystemTests.MeshCreationSystem_MeshEntity_HasCorrectComponents" methodname="MeshCreationSystem_MeshEntity_HasCorrectComponents" classname="TinyWalnutGames.TTG.TerrainGeneration.Tests.MeshCreationSystemTests" runstate="Runnable" seed="481933537" result="Passed" start-time="2025-07-26 19:12:24Z" end-time="2025-07-26 19:12:25Z" duration="1.277092" asserts="0">
                  <properties>
                    <property name="retryIteration" value="0" />
                    <property name="repeatIteration" value="0" />
                  </properties>
                  <output><![CDATA[MeshCreationSystem: Created URP Lit default material for terrain rendering.
Terrain generation completed for entity Entity(83:13). Created mesh entity Entity(84:11) with GameObject 'GeneratedTerrain_83' containing 3 vertices and 1 triangles.
]]></output>
                </test-case>
                <test-case id="1011" name="MeshCreationSystem_MultipleEntities_ProcessesAll" fullname="TinyWalnutGames.TTG.TerrainGeneration.Tests.MeshCreationSystemTests.MeshCreationSystem_MultipleEntities_ProcessesAll" methodname="MeshCreationSystem_MultipleEntities_ProcessesAll" classname="TinyWalnutGames.TTG.TerrainGeneration.Tests.MeshCreationSystemTests" runstate="Runnable" seed="1088365340" result="Passed" start-time="2025-07-26 19:12:25Z" end-time="2025-07-26 19:12:28Z" duration="2.338691" asserts="0">
                  <properties>
                    <property name="retryIteration" value="0" />
                    <property name="repeatIteration" value="0" />
                  </properties>
                  <output><![CDATA[MeshCreationSystem: Created URP Lit default material for terrain rendering.
Terrain generation completed for entity Entity(83:15). Created mesh entity Entity(86:3) with GameObject 'GeneratedTerrain_83' containing 3 vertices and 1 triangles.
Terrain generation completed for entity Entity(84:13). Created mesh entity Entity(87:1) with GameObject 'GeneratedTerrain_84' containing 4 vertices and 1 triangles.
Terrain generation completed for entity Entity(85:3). Created mesh entity Entity(88:1) with GameObject 'GeneratedTerrain_85' containing 3 vertices and 1 triangles.
]]></output>
                </test-case>
                <test-case id="1006" name="MeshCreationSystem_URPMaterialFallback_CreatesValidMaterial" fullname="TinyWalnutGames.TTG.TerrainGeneration.Tests.MeshCreationSystemTests.MeshCreationSystem_URPMaterialFallback_CreatesValidMaterial" methodname="MeshCreationSystem_URPMaterialFallback_CreatesValidMaterial" classname="TinyWalnutGames.TTG.TerrainGeneration.Tests.MeshCreationSystemTests" runstate="Runnable" seed="154690206" result="Passed" start-time="2025-07-26 19:12:28Z" end-time="2025-07-26 19:12:29Z" duration="1.158114" asserts="0">
                  <properties>
                    <property name="retryIteration" value="0" />
                    <property name="repeatIteration" value="0" />
                  </properties>
                  <output><![CDATA[MeshCreationSystem: Created URP Lit default material for terrain rendering.
Terrain generation completed for entity Entity(83:17). Created mesh entity Entity(84:15) with GameObject 'GeneratedTerrain_83' containing 3 vertices and 1 triangles.
]]></output>
                </test-case>
                <test-case id="1007" name="MeshCreationSystem_WithCustomMaterials_AppliesCorrectly" fullname="TinyWalnutGames.TTG.TerrainGeneration.Tests.MeshCreationSystemTests.MeshCreationSystem_WithCustomMaterials_AppliesCorrectly" methodname="MeshCreationSystem_WithCustomMaterials_AppliesCorrectly" classname="TinyWalnutGames.TTG.TerrainGeneration.Tests.MeshCreationSystemTests" runstate="Runnable" seed="717030211" result="Passed" start-time="2025-07-26 19:12:29Z" end-time="2025-07-26 19:12:30Z" duration="1.178325" asserts="0">
                  <properties>
                    <property name="retryIteration" value="0" />
                    <property name="repeatIteration" value="0" />
                  </properties>
                  <output><![CDATA[MeshCreationSystem: Created URP Lit default material for terrain rendering.
Terrain generation completed for entity Entity(83:19). Created mesh entity Entity(84:17) with GameObject 'GeneratedTerrain_83' containing 3 vertices and 1 triangles.
]]></output>
                </test-case>
              </test-suite>
              <test-suite type="TestFixture" id="1015" name="RuntimeDebugConsoleTests" fullname="TinyWalnutGames.TTG.TerrainGeneration.Tests.RuntimeDebugConsoleTests" classname="TinyWalnutGames.TTG.TerrainGeneration.Tests.RuntimeDebugConsoleTests" runstate="Runnable" testcasecount="19" result="Passed" start-time="2025-07-26 19:12:30Z" end-time="2025-07-26 19:12:31Z" duration="0.730240" total="19" passed="19" failed="0" inconclusive="0" skipped="0" asserts="0">
                <properties />
                <test-case id="1022" name="RuntimeDebugConsole_AutoScroll_CanBeToggled" fullname="TinyWalnutGames.TTG.TerrainGeneration.Tests.RuntimeDebugConsoleTests.RuntimeDebugConsole_AutoScroll_CanBeToggled" methodname="RuntimeDebugConsole_AutoScroll_CanBeToggled" classname="TinyWalnutGames.TTG.TerrainGeneration.Tests.RuntimeDebugConsoleTests" runstate="Runnable" seed="1479236601" result="Passed" start-time="2025-07-26 19:12:30Z" end-time="2025-07-26 19:12:31Z" duration="0.036082" asserts="0">
                  <properties>
                    <property name="retryIteration" value="0" />
                    <property name="repeatIteration" value="0" />
                  </properties>
                  <output><![CDATA[RuntimeDebugConsole: Using NewInputSystem for input handling.
RuntimeDebugConsole: Using NewInputSystem for input handling.
Runtime Debug Console initialized. Press BackQuote to toggle visibility.
Console will automatically find and integrate with RuntimeTerrainManager if present.
]]></output>
                </test-case>
                <test-case id="1021" name="RuntimeDebugConsole_BackgroundOpacity_CanBeSet" fullname="TinyWalnutGames.TTG.TerrainGeneration.Tests.RuntimeDebugConsoleTests.RuntimeDebugConsole_BackgroundOpacity_CanBeSet" methodname="RuntimeDebugConsole_BackgroundOpacity_CanBeSet" classname="TinyWalnutGames.TTG.TerrainGeneration.Tests.RuntimeDebugConsoleTests" runstate="Runnable" seed="1748931194" result="Passed" start-time="2025-07-26 19:12:31Z" end-time="2025-07-26 19:12:31Z" duration="0.004410" asserts="0">
                  <properties>
                    <property name="retryIteration" value="0" />
                    <property name="repeatIteration" value="0" />
                  </properties>
                  <output><![CDATA[RuntimeDebugConsole: Using NewInputSystem for input handling.
RuntimeDebugConsole: Using NewInputSystem for input handling.
Runtime Debug Console initialized. Press BackQuote to toggle visibility.
Console will automatically find and integrate with RuntimeTerrainManager if present.
]]></output>
                </test-case>
                <test-case id="1029" name="RuntimeDebugConsole_ComponentDestruction_HandlesCorrectly" fullname="TinyWalnutGames.TTG.TerrainGeneration.Tests.RuntimeDebugConsoleTests.RuntimeDebugConsole_ComponentDestruction_HandlesCorrectly" methodname="RuntimeDebugConsole_ComponentDestruction_HandlesCorrectly" classname="TinyWalnutGames.TTG.TerrainGeneration.Tests.RuntimeDebugConsoleTests" runstate="Runnable" seed="742713659" result="Passed" start-time="2025-07-26 19:12:31Z" end-time="2025-07-26 19:12:31Z" duration="0.006563" asserts="0">
                  <properties>
                    <property name="retryIteration" value="0" />
                    <property name="repeatIteration" value="0" />
                  </properties>
                  <output><![CDATA[RuntimeDebugConsole: Using NewInputSystem for input handling.
RuntimeDebugConsole: Using NewInputSystem for input handling.
Runtime Debug Console initialized. Press BackQuote to toggle visibility.
Console will automatically find and integrate with RuntimeTerrainManager if present.
RuntimeDebugConsole: Using NewInputSystem for input handling.
]]></output>
                </test-case>
                <test-case id="1017" name="RuntimeDebugConsole_Configuration_CanBeModified" fullname="TinyWalnutGames.TTG.TerrainGeneration.Tests.RuntimeDebugConsoleTests.RuntimeDebugConsole_Configuration_CanBeModified" methodname="RuntimeDebugConsole_Configuration_CanBeModified" classname="TinyWalnutGames.TTG.TerrainGeneration.Tests.RuntimeDebugConsoleTests" runstate="Runnable" seed="481517595" result="Passed" start-time="2025-07-26 19:12:31Z" end-time="2025-07-26 19:12:31Z" duration="0.004888" asserts="0">
                  <properties>
                    <property name="retryIteration" value="0" />
                    <property name="repeatIteration" value="0" />
                  </properties>
                  <output><![CDATA[RuntimeDebugConsole: Using NewInputSystem for input handling.
RuntimeDebugConsole: Using NewInputSystem for input handling.
Runtime Debug Console initialized. Press BackQuote to toggle visibility.
Console will automatically find and integrate with RuntimeTerrainManager if present.
]]></output>
                </test-case>
                <test-case id="1025" name="RuntimeDebugConsole_ConsoleComponents_CanBeAccessed" fullname="TinyWalnutGames.TTG.TerrainGeneration.Tests.RuntimeDebugConsoleTests.RuntimeDebugConsole_ConsoleComponents_CanBeAccessed" methodname="RuntimeDebugConsole_ConsoleComponents_CanBeAccessed" classname="TinyWalnutGames.TTG.TerrainGeneration.Tests.RuntimeDebugConsoleTests" runstate="Runnable" seed="2140351662" result="Passed" start-time="2025-07-26 19:12:31Z" end-time="2025-07-26 19:12:31Z" duration="0.004307" asserts="0">
                  <properties>
                    <property name="retryIteration" value="0" />
                    <property name="repeatIteration" value="0" />
                  </properties>
                  <output><![CDATA[RuntimeDebugConsole: Using NewInputSystem for input handling.
RuntimeDebugConsole: Using NewInputSystem for input handling.
Runtime Debug Console initialized. Press BackQuote to toggle visibility.
Console will automatically find and integrate with RuntimeTerrainManager if present.
]]></output>
                </test-case>
                <test-case id="1030" name="RuntimeDebugConsole_ErrorHandling_GracefulDegradation" fullname="TinyWalnutGames.TTG.TerrainGeneration.Tests.RuntimeDebugConsoleTests.RuntimeDebugConsole_ErrorHandling_GracefulDegradation" methodname="RuntimeDebugConsole_ErrorHandling_GracefulDegradation" classname="TinyWalnutGames.TTG.TerrainGeneration.Tests.RuntimeDebugConsoleTests" runstate="Runnable" seed="1717382939" result="Passed" start-time="2025-07-26 19:12:31Z" end-time="2025-07-26 19:12:31Z" duration="0.009812" asserts="0">
                  <properties>
                    <property name="retryIteration" value="0" />
                    <property name="repeatIteration" value="0" />
                  </properties>
                  <output><![CDATA[RuntimeDebugConsole: Using NewInputSystem for input handling.
RuntimeDebugConsole: Using NewInputSystem for input handling.
Runtime Debug Console initialized. Press BackQuote to toggle visibility.
Console will automatically find and integrate with RuntimeTerrainManager if present.
RuntimeDebugConsole: Using NewInputSystem for input handling.
[Empty log message]
[Empty log message]
   
]]></output>
                </test-case>
                <test-case id="1028" name="RuntimeDebugConsole_GameObjectCreation_WorksCorrectly" fullname="TinyWalnutGames.TTG.TerrainGeneration.Tests.RuntimeDebugConsoleTests.RuntimeDebugConsole_GameObjectCreation_WorksCorrectly" methodname="RuntimeDebugConsole_GameObjectCreation_WorksCorrectly" classname="TinyWalnutGames.TTG.TerrainGeneration.Tests.RuntimeDebugConsoleTests" runstate="Runnable" seed="108682033" result="Passed" start-time="2025-07-26 19:12:31Z" end-time="2025-07-26 19:12:31Z" duration="0.006371" asserts="0">
                  <properties>
                    <property name="retryIteration" value="0" />
                    <property name="repeatIteration" value="0" />
                  </properties>
                  <output><![CDATA[RuntimeDebugConsole: Using NewInputSystem for input handling.
RuntimeDebugConsole: Using NewInputSystem for input handling.
Runtime Debug Console initialized. Press BackQuote to toggle visibility.
Console will automatically find and integrate with RuntimeTerrainManager if present.
RuntimeDebugConsole: Using NewInputSystem for input handling.
]]></output>
                </test-case>
                <test-case id="1016" name="RuntimeDebugConsole_InitialState_IsCorrect" fullname="TinyWalnutGames.TTG.TerrainGeneration.Tests.RuntimeDebugConsoleTests.RuntimeDebugConsole_InitialState_IsCorrect" methodname="RuntimeDebugConsole_InitialState_IsCorrect" classname="TinyWalnutGames.TTG.TerrainGeneration.Tests.RuntimeDebugConsoleTests" runstate="Runnable" seed="211291192" result="Passed" start-time="2025-07-26 19:12:31Z" end-time="2025-07-26 19:12:31Z" duration="0.004464" asserts="0">
                  <properties>
                    <property name="retryIteration" value="0" />
                    <property name="repeatIteration" value="0" />
                  </properties>
                  <output><![CDATA[RuntimeDebugConsole: Using NewInputSystem for input handling.
RuntimeDebugConsole: Using NewInputSystem for input handling.
Runtime Debug Console initialized. Press BackQuote to toggle visibility.
Console will automatically find and integrate with RuntimeTerrainManager if present.
]]></output>
                </test-case>
                <test-case id="1033" name="RuntimeDebugConsole_InputMethodEnum_IsValid" fullname="TinyWalnutGames.TTG.TerrainGeneration.Tests.RuntimeDebugConsoleTests.RuntimeDebugConsole_InputMethodEnum_IsValid" methodname="RuntimeDebugConsole_InputMethodEnum_IsValid" classname="TinyWalnutGames.TTG.TerrainGeneration.Tests.RuntimeDebugConsoleTests" runstate="Runnable" seed="929728215" result="Passed" start-time="2025-07-26 19:12:31Z" end-time="2025-07-26 19:12:31Z" duration="0.004424" asserts="0">
                  <properties>
                    <property name="retryIteration" value="0" />
                    <property name="repeatIteration" value="0" />
                  </properties>
                  <output><![CDATA[RuntimeDebugConsole: Using NewInputSystem for input handling.
RuntimeDebugConsole: Using NewInputSystem for input handling.
Runtime Debug Console initialized. Press BackQuote to toggle visibility.
Console will automatically find and integrate with RuntimeTerrainManager if present.
]]></output>
                </test-case>
                <test-case id="1018" name="RuntimeDebugConsole_InputMode_Configuration" fullname="TinyWalnutGames.TTG.TerrainGeneration.Tests.RuntimeDebugConsoleTests.RuntimeDebugConsole_InputMode_Configuration" methodname="RuntimeDebugConsole_InputMode_Configuration" classname="TinyWalnutGames.TTG.TerrainGeneration.Tests.RuntimeDebugConsoleTests" runstate="Runnable" seed="984078915" result="Passed" start-time="2025-07-26 19:12:31Z" end-time="2025-07-26 19:12:31Z" duration="0.004853" asserts="0">
                  <properties>
                    <property name="retryIteration" value="0" />
                    <property name="repeatIteration" value="0" />
                  </properties>
                  <output><![CDATA[RuntimeDebugConsole: Using NewInputSystem for input handling.
RuntimeDebugConsole: Using NewInputSystem for input handling.
Runtime Debug Console initialized. Press BackQuote to toggle visibility.
Console will automatically find and integrate with RuntimeTerrainManager if present.
]]></output>
                </test-case>
                <test-case id="1024" name="RuntimeDebugConsole_InputSystemSettings_CanBeConfigured" fullname="TinyWalnutGames.TTG.TerrainGeneration.Tests.RuntimeDebugConsoleTests.RuntimeDebugConsole_InputSystemSettings_CanBeConfigured" methodname="RuntimeDebugConsole_InputSystemSettings_CanBeConfigured" classname="TinyWalnutGames.TTG.TerrainGeneration.Tests.RuntimeDebugConsoleTests" runstate="Runnable" seed="1057996590" result="Passed" start-time="2025-07-26 19:12:31Z" end-time="2025-07-26 19:12:31Z" duration="0.007793" asserts="0">
                  <properties>
                    <property name="retryIteration" value="0" />
                    <property name="repeatIteration" value="0" />
                  </properties>
                  <reason>
                    <message><![CDATA[Input System configuration test completed]]></message>
                  </reason>
                  <output><![CDATA[RuntimeDebugConsole: Using NewInputSystem for input handling.
RuntimeDebugConsole: Using NewInputSystem for input handling.
Runtime Debug Console initialized. Press BackQuote to toggle visibility.
Console will automatically find and integrate with RuntimeTerrainManager if present.
]]></output>
                </test-case>
                <test-case id="1019" name="RuntimeDebugConsole_MaxLogEntries_CanBeSet" fullname="TinyWalnutGames.TTG.TerrainGeneration.Tests.RuntimeDebugConsoleTests.RuntimeDebugConsole_MaxLogEntries_CanBeSet" methodname="RuntimeDebugConsole_MaxLogEntries_CanBeSet" classname="TinyWalnutGames.TTG.TerrainGeneration.Tests.RuntimeDebugConsoleTests" runstate="Runnable" seed="1669249721" result="Passed" start-time="2025-07-26 19:12:31Z" end-time="2025-07-26 19:12:31Z" duration="0.004892" asserts="0">
                  <properties>
                    <property name="retryIteration" value="0" />
                    <property name="repeatIteration" value="0" />
                  </properties>
                  <output><![CDATA[RuntimeDebugConsole: Using NewInputSystem for input handling.
RuntimeDebugConsole: Using NewInputSystem for input handling.
Runtime Debug Console initialized. Press BackQuote to toggle visibility.
Console will automatically find and integrate with RuntimeTerrainManager if present.
]]></output>
                </test-case>
                <test-case id="1032" name="RuntimeDebugConsole_MultipleInstances_HandleCorrectly" fullname="TinyWalnutGames.TTG.TerrainGeneration.Tests.RuntimeDebugConsoleTests.RuntimeDebugConsole_MultipleInstances_HandleCorrectly" methodname="RuntimeDebugConsole_MultipleInstances_HandleCorrectly" classname="TinyWalnutGames.TTG.TerrainGeneration.Tests.RuntimeDebugConsoleTests" runstate="Runnable" seed="1995951213" result="Passed" start-time="2025-07-26 19:12:31Z" end-time="2025-07-26 19:12:31Z" duration="0.007419" asserts="0">
                  <properties>
                    <property name="retryIteration" value="0" />
                    <property name="repeatIteration" value="0" />
                  </properties>
                  <output><![CDATA[RuntimeDebugConsole: Using NewInputSystem for input handling.
RuntimeDebugConsole: Using NewInputSystem for input handling.
Runtime Debug Console initialized. Press BackQuote to toggle visibility.
Console will automatically find and integrate with RuntimeTerrainManager if present.
RuntimeDebugConsole: Using NewInputSystem for input handling.
RuntimeDebugConsole: Using NewInputSystem for input handling.
]]></output>
                </test-case>
                <test-case id="1034" name="RuntimeDebugConsole_RangeValidation_WorksCorrectly" fullname="TinyWalnutGames.TTG.TerrainGeneration.Tests.RuntimeDebugConsoleTests.RuntimeDebugConsole_RangeValidation_WorksCorrectly" methodname="RuntimeDebugConsole_RangeValidation_WorksCorrectly" classname="TinyWalnutGames.TTG.TerrainGeneration.Tests.RuntimeDebugConsoleTests" runstate="Runnable" seed="1341833695" result="Passed" start-time="2025-07-26 19:12:31Z" end-time="2025-07-26 19:12:31Z" duration="0.004067" asserts="0">
                  <properties>
                    <property name="retryIteration" value="0" />
                    <property name="repeatIteration" value="0" />
                  </properties>
                  <output><![CDATA[RuntimeDebugConsole: Using NewInputSystem for input handling.
RuntimeDebugConsole: Using NewInputSystem for input handling.
Runtime Debug Console initialized. Press BackQuote to toggle visibility.
Console will automatically find and integrate with RuntimeTerrainManager if present.
]]></output>
                </test-case>
                <test-case id="1023" name="RuntimeDebugConsole_ShowTimestamps_CanBeToggled" fullname="TinyWalnutGames.TTG.TerrainGeneration.Tests.RuntimeDebugConsoleTests.RuntimeDebugConsole_ShowTimestamps_CanBeToggled" methodname="RuntimeDebugConsole_ShowTimestamps_CanBeToggled" classname="TinyWalnutGames.TTG.TerrainGeneration.Tests.RuntimeDebugConsoleTests" runstate="Runnable" seed="650155262" result="Passed" start-time="2025-07-26 19:12:31Z" end-time="2025-07-26 19:12:31Z" duration="0.004691" asserts="0">
                  <properties>
                    <property name="retryIteration" value="0" />
                    <property name="repeatIteration" value="0" />
                  </properties>
                  <output><![CDATA[RuntimeDebugConsole: Using NewInputSystem for input handling.
RuntimeDebugConsole: Using NewInputSystem for input handling.
Runtime Debug Console initialized. Press BackQuote to toggle visibility.
Console will automatically find and integrate with RuntimeTerrainManager if present.
]]></output>
                </test-case>
                <test-case id="1031" name="RuntimeDebugConsole_TerrainManagerIntegration_HandlesCorrectly" fullname="TinyWalnutGames.TTG.TerrainGeneration.Tests.RuntimeDebugConsoleTests.RuntimeDebugConsole_TerrainManagerIntegration_HandlesCorrectly" methodname="RuntimeDebugConsole_TerrainManagerIntegration_HandlesCorrectly" classname="TinyWalnutGames.TTG.TerrainGeneration.Tests.RuntimeDebugConsoleTests" runstate="Runnable" seed="54276968" result="Passed" start-time="2025-07-26 19:12:31Z" end-time="2025-07-26 19:12:31Z" duration="0.005271" asserts="0">
                  <properties>
                    <property name="retryIteration" value="0" />
                    <property name="repeatIteration" value="0" />
                  </properties>
                  <output><![CDATA[RuntimeDebugConsole: Using NewInputSystem for input handling.
RuntimeDebugConsole: Using NewInputSystem for input handling.
Runtime Debug Console initialized. Press BackQuote to toggle visibility.
Console will automatically find and integrate with RuntimeTerrainManager if present.
Test with terrain manager
]]></output>
                </test-case>
                <test-case id="1020" name="RuntimeDebugConsole_ToggleKey_CanBeSet" fullname="TinyWalnutGames.TTG.TerrainGeneration.Tests.RuntimeDebugConsoleTests.RuntimeDebugConsole_ToggleKey_CanBeSet" methodname="RuntimeDebugConsole_ToggleKey_CanBeSet" classname="TinyWalnutGames.TTG.TerrainGeneration.Tests.RuntimeDebugConsoleTests" runstate="Runnable" seed="1004021042" result="Passed" start-time="2025-07-26 19:12:31Z" end-time="2025-07-26 19:12:31Z" duration="0.004409" asserts="0">
                  <properties>
                    <property name="retryIteration" value="0" />
                    <property name="repeatIteration" value="0" />
                  </properties>
                  <output><![CDATA[RuntimeDebugConsole: Using NewInputSystem for input handling.
RuntimeDebugConsole: Using NewInputSystem for input handling.
Runtime Debug Console initialized. Press BackQuote to toggle visibility.
Console will automatically find and integrate with RuntimeTerrainManager if present.
]]></output>
                </test-case>
                <test-case id="1027" name="RuntimeDebugConsoleSetup_GetConsoleInstance_HandlesCorrectly" fullname="TinyWalnutGames.TTG.TerrainGeneration.Tests.RuntimeDebugConsoleTests.RuntimeDebugConsoleSetup_GetConsoleInstance_HandlesCorrectly" methodname="RuntimeDebugConsoleSetup_GetConsoleInstance_HandlesCorrectly" classname="TinyWalnutGames.TTG.TerrainGeneration.Tests.RuntimeDebugConsoleTests" runstate="Runnable" seed="927939316" result="Passed" start-time="2025-07-26 19:12:31Z" end-time="2025-07-26 19:12:31Z" duration="0.006156" asserts="0">
                  <properties>
                    <property name="retryIteration" value="0" />
                    <property name="repeatIteration" value="0" />
                  </properties>
                  <output><![CDATA[RuntimeDebugConsole: Using NewInputSystem for input handling.
RuntimeDebugConsole: Using NewInputSystem for input handling.
Runtime Debug Console initialized. Press BackQuote to toggle visibility.
Console will automatically find and integrate with RuntimeTerrainManager if present.
]]></output>
                </test-case>
                <test-case id="1026" name="RuntimeDebugConsoleSetup_StaticMethods_WorkCorrectly" fullname="TinyWalnutGames.TTG.TerrainGeneration.Tests.RuntimeDebugConsoleTests.RuntimeDebugConsoleSetup_StaticMethods_WorkCorrectly" methodname="RuntimeDebugConsoleSetup_StaticMethods_WorkCorrectly" classname="TinyWalnutGames.TTG.TerrainGeneration.Tests.RuntimeDebugConsoleTests" runstate="Runnable" seed="2132132935" result="Passed" start-time="2025-07-26 19:12:31Z" end-time="2025-07-26 19:12:31Z" duration="0.006030" asserts="0">
                  <properties>
                    <property name="retryIteration" value="0" />
                    <property name="repeatIteration" value="0" />
                  </properties>
                  <output><![CDATA[RuntimeDebugConsole: Using NewInputSystem for input handling.
RuntimeDebugConsole: Using NewInputSystem for input handling.
Runtime Debug Console initialized. Press BackQuote to toggle visibility.
Console will automatically find and integrate with RuntimeTerrainManager if present.
Test message
]]></output>
                </test-case>
              </test-suite>
              <test-suite type="TestFixture" id="1035" name="RuntimeTerrainManagerTests" fullname="TinyWalnutGames.TTG.TerrainGeneration.Tests.RuntimeTerrainManagerTests" classname="TinyWalnutGames.TTG.TerrainGeneration.Tests.RuntimeTerrainManagerTests" runstate="Runnable" testcasecount="20" result="Passed" start-time="2025-07-26 19:12:31Z" end-time="2025-07-26 19:12:31Z" duration="0.732794" total="20" passed="20" failed="0" inconclusive="0" skipped="0" asserts="0">
                <properties />
                <output><![CDATA[RuntimeDebugConsole: Input System actions initialized successfully.
SetConsoleVisibility called with visible: False
Console canvas active set to: False
RuntimeDebugConsole: Input System actions initialized successfully.
SetConsoleVisibility called with visible: False
Console canvas active set to: False
RuntimeDebugConsole: Input System actions initialized successfully.
SetConsoleVisibility called with visible: False
Console canvas active set to: False
RuntimeDebugConsole: Input System actions initialized successfully.
SetConsoleVisibility called with visible: False
Console canvas active set to: False
RuntimeDebugConsole: Input System actions initialized successfully.
SetConsoleVisibility called with visible: False
Console canvas active set to: False
RuntimeDebugConsole: Input System actions initialized successfully.
SetConsoleVisibility called with visible: False
Console canvas active set to: False
RuntimeDebugConsole: Input System actions initialized successfully.
SetConsoleVisibility called with visible: False
Console canvas active set to: False
RuntimeDebugConsole: Input System actions initialized successfully.
SetConsoleVisibility called with visible: False
Console canvas active set to: False
RuntimeDebugConsole: Input System actions initialized successfully.
SetConsoleVisibility called with visible: False
Console canvas active set to: False
RuntimeDebugConsole: Input System actions initialized successfully.
SetConsoleVisibility called with visible: False
Console canvas active set to: False
RuntimeDebugConsole: Input System actions initialized successfully.
SetConsoleVisibility called with visible: False
Console canvas active set to: False
RuntimeDebugConsole: Input System actions initialized successfully.
SetConsoleVisibility called with visible: False
Console canvas active set to: False
RuntimeDebugConsole: Input System actions initialized successfully.
SetConsoleVisibility called with visible: False
Console canvas active set to: False
RuntimeDebugConsole: Input System actions initialized successfully.
SetConsoleVisibility called with visible: False
Console canvas active set to: False
RuntimeDebugConsole: Input System actions initialized successfully.
SetConsoleVisibility called with visible: False
Console canvas active set to: False
RuntimeDebugConsole: Input System actions initialized successfully.
SetConsoleVisibility called with visible: False
Console canvas active set to: False
RuntimeDebugConsole: Input System actions initialized successfully.
SetConsoleVisibility called with visible: False
Console canvas active set to: False
RuntimeDebugConsole: Input System actions initialized successfully.
SetConsoleVisibility called with visible: False
Console canvas active set to: False
RuntimeDebugConsole: Input System actions initialized successfully.
SetConsoleVisibility called with visible: False
Console canvas active set to: False
]]></output>
                <test-case id="1048" name="RuntimeTerrainManager_AutoInitializeOnStart_CanBeToggled" fullname="TinyWalnutGames.TTG.TerrainGeneration.Tests.RuntimeTerrainManagerTests.RuntimeTerrainManager_AutoInitializeOnStart_CanBeToggled" methodname="RuntimeTerrainManager_AutoInitializeOnStart_CanBeToggled" classname="TinyWalnutGames.TTG.TerrainGeneration.Tests.RuntimeTerrainManagerTests" runstate="Runnable" seed="954731855" result="Passed" start-time="2025-07-26 19:12:31Z" end-time="2025-07-26 19:12:31Z" duration="0.000468" asserts="0">
                  <properties>
                    <property name="retryIteration" value="0" />
                    <property name="repeatIteration" value="0" />
                  </properties>
                </test-case>
                <test-case id="1051" name="RuntimeTerrainManager_CreateDefaultTerrainEntity_CanBeToggled" fullname="TinyWalnutGames.TTG.TerrainGeneration.Tests.RuntimeTerrainManagerTests.RuntimeTerrainManager_CreateDefaultTerrainEntity_CanBeToggled" methodname="RuntimeTerrainManager_CreateDefaultTerrainEntity_CanBeToggled" classname="TinyWalnutGames.TTG.TerrainGeneration.Tests.RuntimeTerrainManagerTests" runstate="Runnable" seed="1754071470" result="Passed" start-time="2025-07-26 19:12:31Z" end-time="2025-07-26 19:12:31Z" duration="0.000178" asserts="0">
                  <properties>
                    <property name="retryIteration" value="0" />
                    <property name="repeatIteration" value="0" />
                  </properties>
                </test-case>
                <test-case id="1042" name="RuntimeTerrainManager_CreateTerrainGenerationRequest_WorksCorrectly" fullname="TinyWalnutGames.TTG.TerrainGeneration.Tests.RuntimeTerrainManagerTests.RuntimeTerrainManager_CreateTerrainGenerationRequest_WorksCorrectly" methodname="RuntimeTerrainManager_CreateTerrainGenerationRequest_WorksCorrectly" classname="TinyWalnutGames.TTG.TerrainGeneration.Tests.RuntimeTerrainManagerTests" runstate="Runnable" seed="522021330" result="Passed" start-time="2025-07-26 19:12:31Z" end-time="2025-07-26 19:12:31Z" duration="0.007357" asserts="0">
                  <properties>
                    <property name="retryIteration" value="0" />
                    <property name="repeatIteration" value="0" />
                  </properties>
                </test-case>
                <test-case id="1047" name="RuntimeTerrainManager_DebugLogging_CanBeToggled" fullname="TinyWalnutGames.TTG.TerrainGeneration.Tests.RuntimeTerrainManagerTests.RuntimeTerrainManager_DebugLogging_CanBeToggled" methodname="RuntimeTerrainManager_DebugLogging_CanBeToggled" classname="TinyWalnutGames.TTG.TerrainGeneration.Tests.RuntimeTerrainManagerTests" runstate="Runnable" seed="191247509" result="Passed" start-time="2025-07-26 19:12:31Z" end-time="2025-07-26 19:12:31Z" duration="0.000235" asserts="0">
                  <properties>
                    <property name="retryIteration" value="0" />
                    <property name="repeatIteration" value="0" />
                  </properties>
                </test-case>
                <test-case id="1040" name="RuntimeTerrainManager_DefaultTerrainData_HasValidValues" fullname="TinyWalnutGames.TTG.TerrainGeneration.Tests.RuntimeTerrainManagerTests.RuntimeTerrainManager_DefaultTerrainData_HasValidValues" methodname="RuntimeTerrainManager_DefaultTerrainData_HasValidValues" classname="TinyWalnutGames.TTG.TerrainGeneration.Tests.RuntimeTerrainManagerTests" runstate="Runnable" seed="1806248500" result="Passed" start-time="2025-07-26 19:12:31Z" end-time="2025-07-26 19:12:31Z" duration="0.001140" asserts="0">
                  <properties>
                    <property name="retryIteration" value="0" />
                    <property name="repeatIteration" value="0" />
                  </properties>
                </test-case>
                <test-case id="1052" name="RuntimeTerrainManager_DestroyBehavior_HandlesCleanup" fullname="TinyWalnutGames.TTG.TerrainGeneration.Tests.RuntimeTerrainManagerTests.RuntimeTerrainManager_DestroyBehavior_HandlesCleanup" methodname="RuntimeTerrainManager_DestroyBehavior_HandlesCleanup" classname="TinyWalnutGames.TTG.TerrainGeneration.Tests.RuntimeTerrainManagerTests" runstate="Runnable" seed="2114857699" result="Passed" start-time="2025-07-26 19:12:31Z" end-time="2025-07-26 19:12:31Z" duration="0.000552" asserts="0">
                  <properties>
                    <property name="retryIteration" value="0" />
                    <property name="repeatIteration" value="0" />
                  </properties>
                  <reason>
                    <message><![CDATA[GameObject destruction handled without errors]]></message>
                  </reason>
                </test-case>
                <test-case id="1054" name="RuntimeTerrainManager_ExtremeDelayValues_HandlesCorrectly" fullname="TinyWalnutGames.TTG.TerrainGeneration.Tests.RuntimeTerrainManagerTests.RuntimeTerrainManager_ExtremeDelayValues_HandlesCorrectly" methodname="RuntimeTerrainManager_ExtremeDelayValues_HandlesCorrectly" classname="TinyWalnutGames.TTG.TerrainGeneration.Tests.RuntimeTerrainManagerTests" runstate="Runnable" seed="1746308386" result="Passed" start-time="2025-07-26 19:12:31Z" end-time="2025-07-26 19:12:31Z" duration="0.000365" asserts="0">
                  <properties>
                    <property name="retryIteration" value="0" />
                    <property name="repeatIteration" value="0" />
                  </properties>
                </test-case>
                <test-case id="1038" name="RuntimeTerrainManager_GetSystemStatusInfo_ReturnsValidInfo" fullname="TinyWalnutGames.TTG.TerrainGeneration.Tests.RuntimeTerrainManagerTests.RuntimeTerrainManager_GetSystemStatusInfo_ReturnsValidInfo" methodname="RuntimeTerrainManager_GetSystemStatusInfo_ReturnsValidInfo" classname="TinyWalnutGames.TTG.TerrainGeneration.Tests.RuntimeTerrainManagerTests" runstate="Runnable" seed="46868175" result="Passed" start-time="2025-07-26 19:12:31Z" end-time="2025-07-26 19:12:31Z" duration="0.000971" asserts="0">
                  <properties>
                    <property name="retryIteration" value="0" />
                    <property name="repeatIteration" value="0" />
                  </properties>
                </test-case>
                <test-case id="1045" name="RuntimeTerrainManager_GetTerrainEntityCount_ReturnsValidCount" fullname="TinyWalnutGames.TTG.TerrainGeneration.Tests.RuntimeTerrainManagerTests.RuntimeTerrainManager_GetTerrainEntityCount_ReturnsValidCount" methodname="RuntimeTerrainManager_GetTerrainEntityCount_ReturnsValidCount" classname="TinyWalnutGames.TTG.TerrainGeneration.Tests.RuntimeTerrainManagerTests" runstate="Runnable" seed="808321111" result="Passed" start-time="2025-07-26 19:12:31Z" end-time="2025-07-26 19:12:31Z" duration="0.000168" asserts="0">
                  <properties>
                    <property name="retryIteration" value="0" />
                    <property name="repeatIteration" value="0" />
                  </properties>
                </test-case>
                <test-case id="1050" name="RuntimeTerrainManager_InitializationDelay_CanBeSet" fullname="TinyWalnutGames.TTG.TerrainGeneration.Tests.RuntimeTerrainManagerTests.RuntimeTerrainManager_InitializationDelay_CanBeSet" methodname="RuntimeTerrainManager_InitializationDelay_CanBeSet" classname="TinyWalnutGames.TTG.TerrainGeneration.Tests.RuntimeTerrainManagerTests" runstate="Runnable" seed="1354447403" result="Passed" start-time="2025-07-26 19:12:31Z" end-time="2025-07-26 19:12:31Z" duration="0.000195" asserts="0">
                  <properties>
                    <property name="retryIteration" value="0" />
                    <property name="repeatIteration" value="0" />
                  </properties>
                </test-case>
                <test-case id="1036" name="RuntimeTerrainManager_InitialState_HasCorrectDefaults" fullname="TinyWalnutGames.TTG.TerrainGeneration.Tests.RuntimeTerrainManagerTests.RuntimeTerrainManager_InitialState_HasCorrectDefaults" methodname="RuntimeTerrainManager_InitialState_HasCorrectDefaults" classname="TinyWalnutGames.TTG.TerrainGeneration.Tests.RuntimeTerrainManagerTests" runstate="Runnable" seed="1572768354" result="Passed" start-time="2025-07-26 19:12:31Z" end-time="2025-07-26 19:12:31Z" duration="0.000471" asserts="0">
                  <properties>
                    <property name="retryIteration" value="0" />
                    <property name="repeatIteration" value="0" />
                  </properties>
                </test-case>
                <test-case id="1053" name="RuntimeTerrainManager_InvalidSceneConfiguration_HandlesGracefully" fullname="TinyWalnutGames.TTG.TerrainGeneration.Tests.RuntimeTerrainManagerTests.RuntimeTerrainManager_InvalidSceneConfiguration_HandlesGracefully" methodname="RuntimeTerrainManager_InvalidSceneConfiguration_HandlesGracefully" classname="TinyWalnutGames.TTG.TerrainGeneration.Tests.RuntimeTerrainManagerTests" runstate="Runnable" seed="1549816228" result="Passed" start-time="2025-07-26 19:12:31Z" end-time="2025-07-26 19:12:31Z" duration="0.000298" asserts="0">
                  <properties>
                    <property name="retryIteration" value="0" />
                    <property name="repeatIteration" value="0" />
                  </properties>
                </test-case>
                <test-case id="1055" name="RuntimeTerrainManager_IsInitialized_ReflectsState" fullname="TinyWalnutGames.TTG.TerrainGeneration.Tests.RuntimeTerrainManagerTests.RuntimeTerrainManager_IsInitialized_ReflectsState" methodname="RuntimeTerrainManager_IsInitialized_ReflectsState" classname="TinyWalnutGames.TTG.TerrainGeneration.Tests.RuntimeTerrainManagerTests" runstate="Runnable" seed="472950092" result="Passed" start-time="2025-07-26 19:12:31Z" end-time="2025-07-26 19:12:31Z" duration="0.000243" asserts="0">
                  <properties>
                    <property name="retryIteration" value="0" />
                    <property name="repeatIteration" value="0" />
                  </properties>
                </test-case>
                <test-case id="1046" name="RuntimeTerrainManager_IsTerrainSystemAvailable_WorksCorrectly" fullname="TinyWalnutGames.TTG.TerrainGeneration.Tests.RuntimeTerrainManagerTests.RuntimeTerrainManager_IsTerrainSystemAvailable_WorksCorrectly" methodname="RuntimeTerrainManager_IsTerrainSystemAvailable_WorksCorrectly" classname="TinyWalnutGames.TTG.TerrainGeneration.Tests.RuntimeTerrainManagerTests" runstate="Runnable" seed="1895771039" result="Passed" start-time="2025-07-26 19:12:31Z" end-time="2025-07-26 19:12:31Z" duration="0.000193" asserts="0">
                  <properties>
                    <property name="retryIteration" value="0" />
                    <property name="repeatIteration" value="0" />
                  </properties>
                </test-case>
                <test-case id="1037" name="RuntimeTerrainManager_ManualInitialization_UpdatesStatus" fullname="TinyWalnutGames.TTG.TerrainGeneration.Tests.RuntimeTerrainManagerTests.RuntimeTerrainManager_ManualInitialization_UpdatesStatus" methodname="RuntimeTerrainManager_ManualInitialization_UpdatesStatus" classname="TinyWalnutGames.TTG.TerrainGeneration.Tests.RuntimeTerrainManagerTests" runstate="Runnable" seed="110394646" result="Passed" start-time="2025-07-26 19:12:31Z" end-time="2025-07-26 19:12:31Z" duration="0.000276" asserts="0">
                  <properties>
                    <property name="retryIteration" value="0" />
                    <property name="repeatIteration" value="0" />
                  </properties>
                </test-case>
                <test-case id="1039" name="RuntimeTerrainManager_MultipleInitialization_HandlesSafely" fullname="TinyWalnutGames.TTG.TerrainGeneration.Tests.RuntimeTerrainManagerTests.RuntimeTerrainManager_MultipleInitialization_HandlesSafely" methodname="RuntimeTerrainManager_MultipleInitialization_HandlesSafely" classname="TinyWalnutGames.TTG.TerrainGeneration.Tests.RuntimeTerrainManagerTests" runstate="Runnable" seed="1255331048" result="Passed" start-time="2025-07-26 19:12:31Z" end-time="2025-07-26 19:12:31Z" duration="0.000259" asserts="0">
                  <properties>
                    <property name="retryIteration" value="0" />
                    <property name="repeatIteration" value="0" />
                  </properties>
                </test-case>
                <test-case id="1044" name="RuntimeTerrainManager_ReloadUsingUnitySceneManager_WorksCorrectly" fullname="TinyWalnutGames.TTG.TerrainGeneration.Tests.RuntimeTerrainManagerTests.RuntimeTerrainManager_ReloadUsingUnitySceneManager_WorksCorrectly" methodname="RuntimeTerrainManager_ReloadUsingUnitySceneManager_WorksCorrectly" classname="TinyWalnutGames.TTG.TerrainGeneration.Tests.RuntimeTerrainManagerTests" runstate="Runnable" seed="352768531" result="Passed" start-time="2025-07-26 19:12:31Z" end-time="2025-07-26 19:12:31Z" duration="0.001894" asserts="0">
                  <properties>
                    <property name="retryIteration" value="0" />
                    <property name="repeatIteration" value="0" />
                  </properties>
                </test-case>
                <test-case id="1041" name="RuntimeTerrainManager_TerrainSceneConfiguration_IsValid" fullname="TinyWalnutGames.TTG.TerrainGeneration.Tests.RuntimeTerrainManagerTests.RuntimeTerrainManager_TerrainSceneConfiguration_IsValid" methodname="RuntimeTerrainManager_TerrainSceneConfiguration_IsValid" classname="TinyWalnutGames.TTG.TerrainGeneration.Tests.RuntimeTerrainManagerTests" runstate="Runnable" seed="169688217" result="Passed" start-time="2025-07-26 19:12:31Z" end-time="2025-07-26 19:12:31Z" duration="0.000265" asserts="0">
                  <properties>
                    <property name="retryIteration" value="0" />
                    <property name="repeatIteration" value="0" />
                  </properties>
                </test-case>
                <test-case id="1043" name="RuntimeTerrainManager_UpdateTerrainEntityCount_WorksCorrectly" fullname="TinyWalnutGames.TTG.TerrainGeneration.Tests.RuntimeTerrainManagerTests.RuntimeTerrainManager_UpdateTerrainEntityCount_WorksCorrectly" methodname="RuntimeTerrainManager_UpdateTerrainEntityCount_WorksCorrectly" classname="TinyWalnutGames.TTG.TerrainGeneration.Tests.RuntimeTerrainManagerTests" runstate="Runnable" seed="780949460" result="Passed" start-time="2025-07-26 19:12:31Z" end-time="2025-07-26 19:12:31Z" duration="0.000240" asserts="0">
                  <properties>
                    <property name="retryIteration" value="0" />
                    <property name="repeatIteration" value="0" />
                  </properties>
                </test-case>
                <test-case id="1049" name="RuntimeTerrainManager_UseUnitySceneLoading_CanBeToggled" fullname="TinyWalnutGames.TTG.TerrainGeneration.Tests.RuntimeTerrainManagerTests.RuntimeTerrainManager_UseUnitySceneLoading_CanBeToggled" methodname="RuntimeTerrainManager_UseUnitySceneLoading_CanBeToggled" classname="TinyWalnutGames.TTG.TerrainGeneration.Tests.RuntimeTerrainManagerTests" runstate="Runnable" seed="1327221866" result="Passed" start-time="2025-07-26 19:12:31Z" end-time="2025-07-26 19:12:31Z" duration="0.000192" asserts="0">
                  <properties>
                    <property name="retryIteration" value="0" />
                    <property name="repeatIteration" value="0" />
                  </properties>
                </test-case>
              </test-suite>
              <test-suite type="TestFixture" id="1056" name="TerrainGenerationAuthoringTests" fullname="TinyWalnutGames.TTG.TerrainGeneration.Tests.TerrainGenerationAuthoringTests" classname="TinyWalnutGames.TTG.TerrainGeneration.Tests.TerrainGenerationAuthoringTests" runstate="Runnable" testcasecount="13" result="Passed" start-time="2025-07-26 19:12:31Z" end-time="2025-07-26 19:12:32Z" duration="0.781563" total="13" passed="13" failed="0" inconclusive="0" skipped="0" asserts="0">
                <properties />
                <output><![CDATA[RuntimeEntityLoaderSystem: Processing scene loading requests for runtime build...
Processing scene loading request for: TerrainGenerationScene
Scene loading request processed for: TerrainGenerationScene
Processing scene loading request for: TerrainGenerationScene
Scene loading request processed for: TerrainGenerationScene
Processing scene loading request for: TerrainGenerationScene
Scene loading request processed for: TerrainGenerationScene
Processing scene loading request for: DefaultTerrainScene
Scene loading request processed for: DefaultTerrainScene
Processing scene loading request for: TerrainGenerationScene
Scene loading request processed for: TerrainGenerationScene
Processing scene loading request for: TerrainGenerationScene
Scene loading request processed for: TerrainGenerationScene
Processing scene loading request for: TerrainGenerationScene
Scene loading request processed for: TerrainGenerationScene
RuntimeEntityLoaderSystem: Scene loading request processing complete.
]]></output>
                <test-case id="1065" name="TerrainGenerationAuthoring_BlobAssetMemoryManagement_NoLeaks" fullname="TinyWalnutGames.TTG.TerrainGeneration.Tests.TerrainGenerationAuthoringTests.TerrainGenerationAuthoring_BlobAssetMemoryManagement_NoLeaks" methodname="TerrainGenerationAuthoring_BlobAssetMemoryManagement_NoLeaks" classname="TinyWalnutGames.TTG.TerrainGeneration.Tests.TerrainGenerationAuthoringTests" runstate="Runnable" seed="1030998515" result="Passed" start-time="2025-07-26 19:12:32Z" end-time="2025-07-26 19:12:32Z" duration="0.004514" asserts="0">
                  <properties>
                    <property name="retryIteration" value="0" />
                    <property name="repeatIteration" value="0" />
                  </properties>
                  <reason>
                    <message><![CDATA[Memory management test completed successfully]]></message>
                  </reason>
                </test-case>
                <test-case id="1069" name="TerrainGenerationAuthoring_DataConsistency_AcrossMultipleCalls" fullname="TinyWalnutGames.TTG.TerrainGeneration.Tests.TerrainGenerationAuthoringTests.TerrainGenerationAuthoring_DataConsistency_AcrossMultipleCalls" methodname="TerrainGenerationAuthoring_DataConsistency_AcrossMultipleCalls" classname="TinyWalnutGames.TTG.TerrainGeneration.Tests.TerrainGenerationAuthoringTests" runstate="Runnable" seed="2096229687" result="Passed" start-time="2025-07-26 19:12:32Z" end-time="2025-07-26 19:12:32Z" duration="0.002576" asserts="0">
                  <properties>
                    <property name="retryIteration" value="0" />
                    <property name="repeatIteration" value="0" />
                  </properties>
                </test-case>
                <test-case id="1066" name="TerrainGenerationAuthoring_DefaultTerraceHeights_AreValid" fullname="TinyWalnutGames.TTG.TerrainGeneration.Tests.TerrainGenerationAuthoringTests.TerrainGenerationAuthoring_DefaultTerraceHeights_AreValid" methodname="TerrainGenerationAuthoring_DefaultTerraceHeights_AreValid" classname="TinyWalnutGames.TTG.TerrainGeneration.Tests.TerrainGenerationAuthoringTests" runstate="Runnable" seed="1261664544" result="Passed" start-time="2025-07-26 19:12:32Z" end-time="2025-07-26 19:12:32Z" duration="0.002075" asserts="0">
                  <properties>
                    <property name="retryIteration" value="0" />
                    <property name="repeatIteration" value="0" />
                  </properties>
                </test-case>
                <test-case id="1057" name="TerrainGenerationAuthoring_DefaultValues_AreValid" fullname="TinyWalnutGames.TTG.TerrainGeneration.Tests.TerrainGenerationAuthoringTests.TerrainGenerationAuthoring_DefaultValues_AreValid" methodname="TerrainGenerationAuthoring_DefaultValues_AreValid" classname="TinyWalnutGames.TTG.TerrainGeneration.Tests.TerrainGenerationAuthoringTests" runstate="Runnable" seed="709955677" result="Passed" start-time="2025-07-26 19:12:32Z" end-time="2025-07-26 19:12:32Z" duration="0.002013" asserts="0">
                  <properties>
                    <property name="retryIteration" value="0" />
                    <property name="repeatIteration" value="0" />
                  </properties>
                </test-case>
                <test-case id="1067" name="TerrainGenerationAuthoring_ExtremeBounds_HandledCorrectly" fullname="TinyWalnutGames.TTG.TerrainGeneration.Tests.TerrainGenerationAuthoringTests.TerrainGenerationAuthoring_ExtremeBounds_HandledCorrectly" methodname="TerrainGenerationAuthoring_ExtremeBounds_HandledCorrectly" classname="TinyWalnutGames.TTG.TerrainGeneration.Tests.TerrainGenerationAuthoringTests" runstate="Runnable" seed="312989938" result="Passed" start-time="2025-07-26 19:12:32Z" end-time="2025-07-26 19:12:32Z" duration="0.001757" asserts="0">
                  <properties>
                    <property name="retryIteration" value="0" />
                    <property name="repeatIteration" value="0" />
                  </properties>
                </test-case>
                <test-case id="1061" name="TerrainGenerationAuthoring_ToTerraceConfigData_EmptyHeights" fullname="TinyWalnutGames.TTG.TerrainGeneration.Tests.TerrainGenerationAuthoringTests.TerrainGenerationAuthoring_ToTerraceConfigData_EmptyHeights" methodname="TerrainGenerationAuthoring_ToTerraceConfigData_EmptyHeights" classname="TinyWalnutGames.TTG.TerrainGeneration.Tests.TerrainGenerationAuthoringTests" runstate="Runnable" seed="714731218" result="Passed" start-time="2025-07-26 19:12:32Z" end-time="2025-07-26 19:12:32Z" duration="0.001892" asserts="0">
                  <properties>
                    <property name="retryIteration" value="0" />
                    <property name="repeatIteration" value="0" />
                  </properties>
                </test-case>
                <test-case id="1060" name="TerrainGenerationAuthoring_ToTerraceConfigData_RelativeHeightsConversion" fullname="TinyWalnutGames.TTG.TerrainGeneration.Tests.TerrainGenerationAuthoringTests.TerrainGenerationAuthoring_ToTerraceConfigData_RelativeHeightsConversion" methodname="TerrainGenerationAuthoring_ToTerraceConfigData_RelativeHeightsConversion" classname="TinyWalnutGames.TTG.TerrainGeneration.Tests.TerrainGenerationAuthoringTests" runstate="Runnable" seed="1012065996" result="Passed" start-time="2025-07-26 19:12:32Z" end-time="2025-07-26 19:12:32Z" duration="0.001915" asserts="0">
                  <properties>
                    <property name="retryIteration" value="0" />
                    <property name="repeatIteration" value="0" />
                  </properties>
                </test-case>
                <test-case id="1062" name="TerrainGenerationAuthoring_ToTerraceConfigData_SingleHeight" fullname="TinyWalnutGames.TTG.TerrainGeneration.Tests.TerrainGenerationAuthoringTests.TerrainGenerationAuthoring_ToTerraceConfigData_SingleHeight" methodname="TerrainGenerationAuthoring_ToTerraceConfigData_SingleHeight" classname="TinyWalnutGames.TTG.TerrainGeneration.Tests.TerrainGenerationAuthoringTests" runstate="Runnable" seed="1369849821" result="Passed" start-time="2025-07-26 19:12:32Z" end-time="2025-07-26 19:12:32Z" duration="0.001515" asserts="0">
                  <properties>
                    <property name="retryIteration" value="0" />
                    <property name="repeatIteration" value="0" />
                  </properties>
                </test-case>
                <test-case id="1058" name="TerrainGenerationAuthoring_ToTerrainGenerationData_PlanarConfiguration" fullname="TinyWalnutGames.TTG.TerrainGeneration.Tests.TerrainGenerationAuthoringTests.TerrainGenerationAuthoring_ToTerrainGenerationData_PlanarConfiguration" methodname="TerrainGenerationAuthoring_ToTerrainGenerationData_PlanarConfiguration" classname="TinyWalnutGames.TTG.TerrainGeneration.Tests.TerrainGenerationAuthoringTests" runstate="Runnable" seed="19128557" result="Passed" start-time="2025-07-26 19:12:32Z" end-time="2025-07-26 19:12:32Z" duration="0.002325" asserts="0">
                  <properties>
                    <property name="retryIteration" value="0" />
                    <property name="repeatIteration" value="0" />
                  </properties>
                </test-case>
                <test-case id="1059" name="TerrainGenerationAuthoring_ToTerrainGenerationData_SphericalConfiguration" fullname="TinyWalnutGames.TTG.TerrainGeneration.Tests.TerrainGenerationAuthoringTests.TerrainGenerationAuthoring_ToTerrainGenerationData_SphericalConfiguration" methodname="TerrainGenerationAuthoring_ToTerrainGenerationData_SphericalConfiguration" classname="TinyWalnutGames.TTG.TerrainGeneration.Tests.TerrainGenerationAuthoringTests" runstate="Runnable" seed="405991260" result="Passed" start-time="2025-07-26 19:12:32Z" end-time="2025-07-26 19:12:32Z" duration="0.002575" asserts="0">
                  <properties>
                    <property name="retryIteration" value="0" />
                    <property name="repeatIteration" value="0" />
                  </properties>
                </test-case>
                <test-case id="1064" name="TerrainGenerationAuthoring_ToTerrainGenerationRequest_AsyncDisabled" fullname="TinyWalnutGames.TTG.TerrainGeneration.Tests.TerrainGenerationAuthoringTests.TerrainGenerationAuthoring_ToTerrainGenerationRequest_AsyncDisabled" methodname="TerrainGenerationAuthoring_ToTerrainGenerationRequest_AsyncDisabled" classname="TinyWalnutGames.TTG.TerrainGeneration.Tests.TerrainGenerationAuthoringTests" runstate="Runnable" seed="1714525005" result="Passed" start-time="2025-07-26 19:12:32Z" end-time="2025-07-26 19:12:32Z" duration="0.001699" asserts="0">
                  <properties>
                    <property name="retryIteration" value="0" />
                    <property name="repeatIteration" value="0" />
                  </properties>
                </test-case>
                <test-case id="1063" name="TerrainGenerationAuthoring_ToTerrainGenerationRequest_AsyncEnabled" fullname="TinyWalnutGames.TTG.TerrainGeneration.Tests.TerrainGenerationAuthoringTests.TerrainGenerationAuthoring_ToTerrainGenerationRequest_AsyncEnabled" methodname="TerrainGenerationAuthoring_ToTerrainGenerationRequest_AsyncEnabled" classname="TinyWalnutGames.TTG.TerrainGeneration.Tests.TerrainGenerationAuthoringTests" runstate="Runnable" seed="1008625837" result="Passed" start-time="2025-07-26 19:12:32Z" end-time="2025-07-26 19:12:32Z" duration="0.001393" asserts="0">
                  <properties>
                    <property name="retryIteration" value="0" />
                    <property name="repeatIteration" value="0" />
                  </properties>
                </test-case>
                <test-case id="1068" name="TerrainGenerationAuthoring_ZeroHeightDelta_HandledCorrectly" fullname="TinyWalnutGames.TTG.TerrainGeneration.Tests.TerrainGenerationAuthoringTests.TerrainGenerationAuthoring_ZeroHeightDelta_HandledCorrectly" methodname="TerrainGenerationAuthoring_ZeroHeightDelta_HandledCorrectly" classname="TinyWalnutGames.TTG.TerrainGeneration.Tests.TerrainGenerationAuthoringTests" runstate="Runnable" seed="1920190281" result="Passed" start-time="2025-07-26 19:12:32Z" end-time="2025-07-26 19:12:32Z" duration="0.001812" asserts="0">
                  <properties>
                    <property name="retryIteration" value="0" />
                    <property name="repeatIteration" value="0" />
                  </properties>
                </test-case>
              </test-suite>
              <test-suite type="TestFixture" id="1070" name="TerrainGenerationComponentTests" fullname="TinyWalnutGames.TTG.TerrainGeneration.Tests.TerrainGenerationComponentTests" classname="TinyWalnutGames.TTG.TerrainGeneration.Tests.TerrainGenerationComponentTests" runstate="Runnable" testcasecount="14" result="Passed" start-time="2025-07-26 19:12:32Z" end-time="2025-07-26 19:12:33Z" duration="0.686217" total="14" passed="14" failed="0" inconclusive="0" skipped="0" asserts="0">
                <properties />
                <output><![CDATA[RuntimeDebugConsole: Using NewInputSystem for input handling.
Runtime Debug Console initialized. Press BackQuote to toggle visibility.
Console will automatically find and integrate with RuntimeTerrainManager if present.
RuntimeDebugConsole: Input System actions initialized successfully.
SetConsoleVisibility called with visible: False
Console canvas active set to: False
RuntimeTerrainManager: Waiting 0.5s before initialization...
]]></output>
                <test-case id="1084" name="ComponentArchetypeChanges_HandleGracefully" fullname="TinyWalnutGames.TTG.TerrainGeneration.Tests.TerrainGenerationComponentTests.ComponentArchetypeChanges_HandleGracefully" methodname="ComponentArchetypeChanges_HandleGracefully" classname="TinyWalnutGames.TTG.TerrainGeneration.Tests.TerrainGenerationComponentTests" runstate="Runnable" seed="208951458" result="Passed" start-time="2025-07-26 19:12:33Z" end-time="2025-07-26 19:12:33Z" duration="0.002120" asserts="0">
                  <properties>
                    <property name="retryIteration" value="0" />
                    <property name="repeatIteration" value="0" />
                  </properties>
                </test-case>
                <test-case id="1081" name="ComponentCombinations_AllTerrainComponents_WorkTogether" fullname="TinyWalnutGames.TTG.TerrainGeneration.Tests.TerrainGenerationComponentTests.ComponentCombinations_AllTerrainComponents_WorkTogether" methodname="ComponentCombinations_AllTerrainComponents_WorkTogether" classname="TinyWalnutGames.TTG.TerrainGeneration.Tests.TerrainGenerationComponentTests" runstate="Runnable" seed="1010606513" result="Passed" start-time="2025-07-26 19:12:33Z" end-time="2025-07-26 19:12:33Z" duration="0.002856" asserts="0">
                  <properties>
                    <property name="retryIteration" value="0" />
                    <property name="repeatIteration" value="0" />
                  </properties>
                </test-case>
                <test-case id="1082" name="ComponentQuery_FiltersByComponents_WorksCorrectly" fullname="TinyWalnutGames.TTG.TerrainGeneration.Tests.TerrainGenerationComponentTests.ComponentQuery_FiltersByComponents_WorksCorrectly" methodname="ComponentQuery_FiltersByComponents_WorksCorrectly" classname="TinyWalnutGames.TTG.TerrainGeneration.Tests.TerrainGenerationComponentTests" runstate="Runnable" seed="1946921831" result="Passed" start-time="2025-07-26 19:12:33Z" end-time="2025-07-26 19:12:33Z" duration="0.002434" asserts="0">
                  <properties>
                    <property name="retryIteration" value="0" />
                    <property name="repeatIteration" value="0" />
                  </properties>
                </test-case>
                <test-case id="1083" name="ComponentRemoval_CleansUpCorrectly" fullname="TinyWalnutGames.TTG.TerrainGeneration.Tests.TerrainGenerationComponentTests.ComponentRemoval_CleansUpCorrectly" methodname="ComponentRemoval_CleansUpCorrectly" classname="TinyWalnutGames.TTG.TerrainGeneration.Tests.TerrainGenerationComponentTests" runstate="Runnable" seed="652822003" result="Passed" start-time="2025-07-26 19:12:33Z" end-time="2025-07-26 19:12:33Z" duration="0.002126" asserts="0">
                  <properties>
                    <property name="retryIteration" value="0" />
                    <property name="repeatIteration" value="0" />
                  </properties>
                </test-case>
                <test-case id="1080" name="GeneratedTerrainMeshTag_TagFunctionality_WorksCorrectly" fullname="TinyWalnutGames.TTG.TerrainGeneration.Tests.TerrainGenerationComponentTests.GeneratedTerrainMeshTag_TagFunctionality_WorksCorrectly" methodname="GeneratedTerrainMeshTag_TagFunctionality_WorksCorrectly" classname="TinyWalnutGames.TTG.TerrainGeneration.Tests.TerrainGenerationComponentTests" runstate="Runnable" seed="2021334247" result="Passed" start-time="2025-07-26 19:12:33Z" end-time="2025-07-26 19:12:33Z" duration="0.001498" asserts="0">
                  <properties>
                    <property name="retryIteration" value="0" />
                    <property name="repeatIteration" value="0" />
                  </properties>
                </test-case>
                <test-case id="1078" name="MeshDataComponent_BlobAssetManagement_WorksCorrectly" fullname="TinyWalnutGames.TTG.TerrainGeneration.Tests.TerrainGenerationComponentTests.MeshDataComponent_BlobAssetManagement_WorksCorrectly" methodname="MeshDataComponent_BlobAssetManagement_WorksCorrectly" classname="TinyWalnutGames.TTG.TerrainGeneration.Tests.TerrainGenerationComponentTests" runstate="Runnable" seed="1109768380" result="Passed" start-time="2025-07-26 19:12:33Z" end-time="2025-07-26 19:12:33Z" duration="0.003674" asserts="0">
                  <properties>
                    <property name="retryIteration" value="0" />
                    <property name="repeatIteration" value="0" />
                  </properties>
                </test-case>
                <test-case id="1079" name="MeshGameObjectReference_ComponentFunctionality_WorksCorrectly" fullname="TinyWalnutGames.TTG.TerrainGeneration.Tests.TerrainGenerationComponentTests.MeshGameObjectReference_ComponentFunctionality_WorksCorrectly" methodname="MeshGameObjectReference_ComponentFunctionality_WorksCorrectly" classname="TinyWalnutGames.TTG.TerrainGeneration.Tests.TerrainGenerationComponentTests" runstate="Runnable" seed="1697971709" result="Passed" start-time="2025-07-26 19:12:33Z" end-time="2025-07-26 19:12:33Z" duration="0.002821" asserts="0">
                  <properties>
                    <property name="retryIteration" value="0" />
                    <property name="repeatIteration" value="0" />
                  </properties>
                </test-case>
                <test-case id="1073" name="TerraceConfigData_BlobAssetLifecycle_ManagedCorrectly" fullname="TinyWalnutGames.TTG.TerrainGeneration.Tests.TerrainGenerationComponentTests.TerraceConfigData_BlobAssetLifecycle_ManagedCorrectly" methodname="TerraceConfigData_BlobAssetLifecycle_ManagedCorrectly" classname="TinyWalnutGames.TTG.TerrainGeneration.Tests.TerrainGenerationComponentTests" runstate="Runnable" seed="140873107" result="Passed" start-time="2025-07-26 19:12:33Z" end-time="2025-07-26 19:12:33Z" duration="0.002303" asserts="0">
                  <properties>
                    <property name="retryIteration" value="0" />
                    <property name="repeatIteration" value="0" />
                  </properties>
                </test-case>
                <test-case id="1074" name="TerraceConfigData_BlobAssetReplacement_HandledCorrectly" fullname="TinyWalnutGames.TTG.TerrainGeneration.Tests.TerrainGenerationComponentTests.TerraceConfigData_BlobAssetReplacement_HandledCorrectly" methodname="TerraceConfigData_BlobAssetReplacement_HandledCorrectly" classname="TinyWalnutGames.TTG.TerrainGeneration.Tests.TerrainGenerationComponentTests" runstate="Runnable" seed="1260398458" result="Passed" start-time="2025-07-26 19:12:33Z" end-time="2025-07-26 19:12:33Z" duration="0.002390" asserts="0">
                  <properties>
                    <property name="retryIteration" value="0" />
                    <property name="repeatIteration" value="0" />
                  </properties>
                </test-case>
                <test-case id="1071" name="TerrainGenerationData_ComponentAddition_WorksCorrectly" fullname="TinyWalnutGames.TTG.TerrainGeneration.Tests.TerrainGenerationComponentTests.TerrainGenerationData_ComponentAddition_WorksCorrectly" methodname="TerrainGenerationData_ComponentAddition_WorksCorrectly" classname="TinyWalnutGames.TTG.TerrainGeneration.Tests.TerrainGenerationComponentTests" runstate="Runnable" seed="949645102" result="Passed" start-time="2025-07-26 19:12:33Z" end-time="2025-07-26 19:12:33Z" duration="0.001836" asserts="0">
                  <properties>
                    <property name="retryIteration" value="0" />
                    <property name="repeatIteration" value="0" />
                  </properties>
                </test-case>
                <test-case id="1072" name="TerrainGenerationData_ComponentModification_UpdatesCorrectly" fullname="TinyWalnutGames.TTG.TerrainGeneration.Tests.TerrainGenerationComponentTests.TerrainGenerationData_ComponentModification_UpdatesCorrectly" methodname="TerrainGenerationData_ComponentModification_UpdatesCorrectly" classname="TinyWalnutGames.TTG.TerrainGeneration.Tests.TerrainGenerationComponentTests" runstate="Runnable" seed="2023385400" result="Passed" start-time="2025-07-26 19:12:33Z" end-time="2025-07-26 19:12:33Z" duration="0.001615" asserts="0">
                  <properties>
                    <property name="retryIteration" value="0" />
                    <property name="repeatIteration" value="0" />
                  </properties>
                </test-case>
                <test-case id="1077" name="TerrainGenerationRequest_ComponentBehavior_WorksCorrectly" fullname="TinyWalnutGames.TTG.TerrainGeneration.Tests.TerrainGenerationComponentTests.TerrainGenerationRequest_ComponentBehavior_WorksCorrectly" methodname="TerrainGenerationRequest_ComponentBehavior_WorksCorrectly" classname="TinyWalnutGames.TTG.TerrainGeneration.Tests.TerrainGenerationComponentTests" runstate="Runnable" seed="1280535451" result="Passed" start-time="2025-07-26 19:12:33Z" end-time="2025-07-26 19:12:33Z" duration="0.001844" asserts="0">
                  <properties>
                    <property name="retryIteration" value="0" />
                    <property name="repeatIteration" value="0" />
                  </properties>
                </test-case>
[...]
                <properties />
                <failure>
                  <message><![CDATA[One or more child tests had errors]]></message>
                </failure>
                <test-case id="1154" name="TerrainGenerationSystem_AlreadyHasMeshData_NoReprocessing" fullname="TinyWalnutGames.TTG.TerrainGeneration.Tests.TerrainGenerationSystemTests.TerrainGenerationSystem_AlreadyHasMeshData_NoReprocessing" methodname="TerrainGenerationSystem_AlreadyHasMeshData_NoReprocessing" classname="TinyWalnutGames.TTG.TerrainGeneration.Tests.TerrainGenerationSystemTests" runstate="Runnable" seed="1487046411" result="Passed" start-time="2025-07-26 19:14:04Z" end-time="2025-07-26 19:14:04Z" duration="0.005454" asserts="0">
                  <properties>
                    <property name="retryIteration" value="0" />
                    <property name="repeatIteration" value="0" />
                  </properties>
                </test-case>
                <test-case id="1150" name="TerrainGenerationSystem_CompleteWorkflow_ProgressesThroughAllPhases" fullname="TinyWalnutGames.TTG.TerrainGeneration.Tests.TerrainGenerationSystemTests.TerrainGenerationSystem_CompleteWorkflow_ProgressesThroughAllPhases" methodname="TerrainGenerationSystem_CompleteWorkflow_ProgressesThroughAllPhases" classname="TinyWalnutGames.TTG.TerrainGeneration.Tests.TerrainGenerationSystemTests" runstate="Runnable" seed="1439689744" result="Passed" start-time="2025-07-26 19:14:04Z" end-time="2025-07-26 19:14:04Z" duration="0.005345" asserts="0">
                  <properties>
                    <property name="retryIteration" value="0" />
                    <property name="repeatIteration" value="0" />
                  </properties>
                </test-case>
                <test-case id="1155" name="TerrainGenerationSystem_DifferentSides_GeneratesDifferentMeshes" fullname="TinyWalnutGames.TTG.TerrainGeneration.Tests.TerrainGenerationSystemTests.TerrainGenerationSystem_DifferentSides_GeneratesDifferentMeshes" methodname="TerrainGenerationSystem_DifferentSides_GeneratesDifferentMeshes" classname="TinyWalnutGames.TTG.TerrainGeneration.Tests.TerrainGenerationSystemTests" runstate="Runnable" seed="462204417" result="Passed" start-time="2025-07-26 19:14:04Z" end-time="2025-07-26 19:14:04Z" duration="0.003734" asserts="0">
                  <properties>
                    <property name="retryIteration" value="0" />
                    <property name="repeatIteration" value="0" />
                  </properties>
                </test-case>
                <test-case id="1151" name="TerrainGenerationSystem_MultipleEntities_ProcessedIndependently" fullname="TinyWalnutGames.TTG.TerrainGeneration.Tests.TerrainGenerationSystemTests.TerrainGenerationSystem_MultipleEntities_ProcessedIndependently" methodname="TerrainGenerationSystem_MultipleEntities_ProcessedIndependently" classname="TinyWalnutGames.TTG.TerrainGeneration.Tests.TerrainGenerationSystemTests" runstate="Runnable" seed="1839138542" result="Passed" start-time="2025-07-26 19:14:04Z" end-time="2025-07-26 19:14:04Z" duration="0.004526" asserts="0">
                  <properties>
                    <property name="retryIteration" value="0" />
                    <property name="repeatIteration" value="0" />
                  </properties>
                </test-case>
                <test-case id="1145" name="TerrainGenerationSystem_NewRequest_CreatesGenerationState" fullname="TinyWalnutGames.TTG.TerrainGeneration.Tests.TerrainGenerationSystemTests.TerrainGenerationSystem_NewRequest_CreatesGenerationState" methodname="TerrainGenerationSystem_NewRequest_CreatesGenerationState" classname="TinyWalnutGames.TTG.TerrainGeneration.Tests.TerrainGenerationSystemTests" runstate="Runnable" seed="1414168857" result="Passed" start-time="2025-07-26 19:14:04Z" end-time="2025-07-26 19:14:04Z" duration="0.002655" asserts="0">
                  <properties>
                    <property name="retryIteration" value="0" />
                    <property name="repeatIteration" value="0" />
                  </properties>
                </test-case>
                <test-case id="1152" name="TerrainGenerationSystem_NoRequestComponent_NoProcessing" fullname="TinyWalnutGames.TTG.TerrainGeneration.Tests.TerrainGenerationSystemTests.TerrainGenerationSystem_NoRequestComponent_NoProcessing" methodname="TerrainGenerationSystem_NoRequestComponent_NoProcessing" classname="TinyWalnutGames.TTG.TerrainGeneration.Tests.TerrainGenerationSystemTests" runstate="Runnable" seed="634118557" result="Passed" start-time="2025-07-26 19:14:04Z" end-time="2025-07-26 19:14:04Z" duration="0.002635" asserts="0">
                  <properties>
                    <property name="retryIteration" value="0" />
                    <property name="repeatIteration" value="0" />
                  </properties>
                </test-case>
                <test-case id="1148" name="TerrainGenerationSystem_PlanarMeshGeometry_IsValid" fullname="TinyWalnutGames.TTG.TerrainGeneration.Tests.TerrainGenerationSystemTests.TerrainGenerationSystem_PlanarMeshGeometry_IsValid" methodname="TerrainGenerationSystem_PlanarMeshGeometry_IsValid" classname="TinyWalnutGames.TTG.TerrainGeneration.Tests.TerrainGenerationSystemTests" runstate="Runnable" seed="1584979653" result="Passed" start-time="2025-07-26 19:14:04Z" end-time="2025-07-26 19:14:04Z" duration="0.002775" asserts="0">
                  <properties>
                    <property name="retryIteration" value="0" />
                    <property name="repeatIteration" value="0" />
                  </properties>
                </test-case>
                <test-case id="1146" name="TerrainGenerationSystem_PlanarShapeGeneration_CreatesMeshData" fullname="TinyWalnutGames.TTG.TerrainGeneration.Tests.TerrainGenerationSystemTests.TerrainGenerationSystem_PlanarShapeGeneration_CreatesMeshData" methodname="TerrainGenerationSystem_PlanarShapeGeneration_CreatesMeshData" classname="TinyWalnutGames.TTG.TerrainGeneration.Tests.TerrainGenerationSystemTests" runstate="Runnable" seed="1097579891" result="Passed" start-time="2025-07-26 19:14:04Z" end-time="2025-07-26 19:14:04Z" duration="0.002389" asserts="0">
                  <properties>
                    <property name="retryIteration" value="0" />
                    <property name="repeatIteration" value="0" />
                  </properties>
                </test-case>
                <test-case id="1149" name="TerrainGenerationSystem_SphericalMeshGeometry_IsValid" fullname="TinyWalnutGames.TTG.TerrainGeneration.Tests.TerrainGenerationSystemTests.TerrainGenerationSystem_SphericalMeshGeometry_IsValid" methodname="TerrainGenerationSystem_SphericalMeshGeometry_IsValid" classname="TinyWalnutGames.TTG.TerrainGeneration.Tests.TerrainGenerationSystemTests" runstate="Runnable" seed="1538733831" result="Failed" start-time="2025-07-26 19:14:04Z" end-time="2025-07-26 19:14:04Z" duration="0.003397" asserts="0">
                  <properties>
                    <property name="retryIteration" value="0" />
                    <property name="repeatIteration" value="0" />
                  </properties>
                  <failure>
                    <message><![CDATA[  Expected: True
  But was:  False
]]></message>
                    <stack-trace><![CDATA[at TinyWalnutGames.TTG.TerrainGeneration.Tests.TerrainGenerationSystemTests.TerrainGenerationSystem_SphericalMeshGeometry_IsValid () [0x000d8] in D:\Tiny Walnut Games\TTG\Assets\TinyWalnutGames.TTG\Tests\TerrainGenerationSystemTests.cs:160
]]></stack-trace>
                  </failure>
                </test-case>
                <test-case id="1147" name="TerrainGenerationSystem_SphericalShapeGeneration_CreatesMeshData" fullname="TinyWalnutGames.TTG.TerrainGeneration.Tests.TerrainGenerationSystemTests.TerrainGenerationSystem_SphericalShapeGeneration_CreatesMeshData" methodname="TerrainGenerationSystem_SphericalShapeGeneration_CreatesMeshData" classname="TinyWalnutGames.TTG.TerrainGeneration.Tests.TerrainGenerationSystemTests" runstate="Runnable" seed="1793397292" result="Passed" start-time="2025-07-26 19:14:04Z" end-time="2025-07-26 19:14:04Z" duration="0.003334" asserts="0">
                  <properties>
                    <property name="retryIteration" value="0" />
                    <property name="repeatIteration" value="0" />
                  </properties>
                </test-case>
                <test-case id="1153" name="TerrainGenerationSystem_WrongPhase_NoProcessing" fullname="TinyWalnutGames.TTG.TerrainGeneration.Tests.TerrainGenerationSystemTests.TerrainGenerationSystem_WrongPhase_NoProcessing" methodname="TerrainGenerationSystem_WrongPhase_NoProcessing" classname="TinyWalnutGames.TTG.TerrainGeneration.Tests.TerrainGenerationSystemTests" runstate="Runnable" seed="347011712" result="Passed" start-time="2025-07-26 19:14:04Z" end-time="2025-07-26 19:14:04Z" duration="0.002659" asserts="0">
                  <properties>
                    <property name="retryIteration" value="0" />
                    <property name="repeatIteration" value="0" />
                  </properties>
                </test-case>
              </test-suite>
              <test-suite type="TestFixture" id="1156" name="TerrainGenerationWorkflowTests" fullname="TinyWalnutGames.TTG.TerrainGeneration.Tests.TerrainGenerationWorkflowTests" classname="TinyWalnutGames.TTG.TerrainGeneration.Tests.TerrainGenerationWorkflowTests" runstate="Runnable" testcasecount="7" result="Failed" site="Child" start-time="2025-07-26 19:14:04Z" end-time="2025-07-26 19:14:20Z" duration="15.753551" total="7" passed="4" failed="3" inconclusive="0" skipped="0" asserts="0">
                <properties />
                <failure>
                  <message><![CDATA[One or more child tests had errors]]></message>
                </failure>
                <test-case id="1160" name="MultipleTerrainWorkflow_DifferentTypes_ProcessIndependently" fullname="TinyWalnutGames.TTG.TerrainGeneration.Tests.TerrainGenerationWorkflowTests.MultipleTerrainWorkflow_DifferentTypes_ProcessIndependently" methodname="MultipleTerrainWorkflow_DifferentTypes_ProcessIndependently" classname="TinyWalnutGames.TTG.TerrainGeneration.Tests.TerrainGenerationWorkflowTests" runstate="Runnable" seed="1476439347" result="Passed" start-time="2025-07-26 19:14:05Z" end-time="2025-07-26 19:14:07Z" duration="2.420546" asserts="0">
                  <properties>
                    <property name="retryIteration" value="0" />
                    <property name="repeatIteration" value="0" />
                  </properties>
                  <output><![CDATA[MeshCreationSystem: Created URP Lit default material for terrain rendering.
Terrain generation completed for entity Entity(124:15). Created mesh entity Entity(127:11) with GameObject 'GeneratedTerrain_124' containing 25 vertices and 32 triangles.
Terrain generation completed for entity Entity(125:13). Created mesh entity Entity(128:11) with GameObject 'GeneratedTerrain_125' containing 313 vertices and 536 triangles.
Terrain generation completed for entity Entity(126:11). Created mesh entity Entity(129:11) with GameObject 'GeneratedTerrain_126' containing 65 vertices and 96 triangles.
]]></output>
                </test-case>
                <test-case id="1157" name="PlanarTerrainWorkflow_CompleteEndToEnd_CreatesValidMesh" fullname="TinyWalnutGames.TTG.TerrainGeneration.Tests.TerrainGenerationWorkflowTests.PlanarTerrainWorkflow_CompleteEndToEnd_CreatesValidMesh" methodname="PlanarTerrainWorkflow_CompleteEndToEnd_CreatesValidMesh" classname="TinyWalnutGames.TTG.TerrainGeneration.Tests.TerrainGenerationWorkflowTests" runstate="Runnable" seed="306609919" result="Failed" start-time="2025-07-26 19:14:07Z" end-time="2025-07-26 19:14:08Z" duration="1.151754" asserts="0">
                  <properties>
                    <property name="retryIteration" value="0" />
                    <property name="repeatIteration" value="0" />
                  </properties>
                  <failure>
                    <message><![CDATA[  Entity should have MeshDataComponent after complete workflow
  Expected: True
  But was:  False
]]></message>
                    <stack-trace><![CDATA[at TinyWalnutGames.TTG.TerrainGeneration.Tests.TerrainGenerationWorkflowTests.PlanarTerrainWorkflow_CompleteEndToEnd_CreatesValidMesh () [0x00146] in D:\Tiny Walnut Games\TTG\Assets\TinyWalnutGames.TTG\Tests\TerrainGenerationWorkflowTests.cs:65
]]></stack-trace>
                  </failure>
                  <output><![CDATA[MeshCreationSystem: Created URP Lit default material for terrain rendering.
Terrain generation completed for entity Entity(124:17). Created mesh entity Entity(125:15) with GameObject 'GeneratedTerrain_124' containing 15 vertices and 16 triangles.
]]></output>
                </test-case>
                <test-case id="1159" name="PlanarTerrainWorkflow_FrameByFrame_ProgressesCorrectly" fullname="TinyWalnutGames.TTG.TerrainGeneration.Tests.TerrainGenerationWorkflowTests.PlanarTerrainWorkflow_FrameByFrame_ProgressesCorrectly" methodname="PlanarTerrainWorkflow_FrameByFrame_ProgressesCorrectly" classname="TinyWalnutGames.TTG.TerrainGeneration.Tests.TerrainGenerationWorkflowTests" runstate="Runnable" seed="1578124229" result="Passed" start-time="2025-07-26 19:14:08Z" end-time="2025-07-26 19:14:15Z" duration="6.354372" asserts="0">
                  <properties>
                    <property name="_JOINTYPE" value="UnityCombinatorial" />
                    <property name="retryIteration" value="0" />
                    <property name="repeatIteration" value="0" />
                  </properties>
                  <output><![CDATA[MeshCreationSystem: Created URP Lit default material for terrain rendering.
Terrain generation completed for entity Entity(124:19). Created mesh entity Entity(125:17) with GameObject 'GeneratedTerrain_124' containing 45 vertices and 64 triangles.
]]></output>
                </test-case>
                <test-case id="1158" name="SphericalTerrainWorkflow_CompleteEndToEnd_CreatesValidMesh" fullname="TinyWalnutGames.TTG.TerrainGeneration.Tests.TerrainGenerationWorkflowTests.SphericalTerrainWorkflow_CompleteEndToEnd_CreatesValidMesh" methodname="SphericalTerrainWorkflow_CompleteEndToEnd_CreatesValidMesh" classname="TinyWalnutGames.TTG.TerrainGeneration.Tests.TerrainGenerationWorkflowTests" runstate="Runnable" seed="1143795258" result="Failed" start-time="2025-07-26 19:14:15Z" end-time="2025-07-26 19:14:16Z" duration="1.240531" asserts="0">
                  <properties>
                    <property name="retryIteration" value="0" />
                    <property name="repeatIteration" value="0" />
                  </properties>
                  <failure>
                    <message><![CDATA[  Entity should have MeshDataComponent after complete workflow
  Expected: True
  But was:  False
]]></message>
                    <stack-trace><![CDATA[at TinyWalnutGames.TTG.TerrainGeneration.Tests.TerrainGenerationWorkflowTests.SphericalTerrainWorkflow_CompleteEndToEnd_CreatesValidMesh () [0x00132] in D:\Tiny Walnut Games\TTG\Assets\TinyWalnutGames.TTG\Tests\TerrainGenerationWorkflowTests.cs:110
]]></stack-trace>
                  </failure>
                  <output><![CDATA[MeshCreationSystem: Created URP Lit default material for terrain rendering.
Terrain generation completed for entity Entity(124:21). Created mesh entity Entity(125:19) with GameObject 'GeneratedTerrain_124' containing 95 vertices and 154 triangles.
]]></output>
                </test-case>
                <test-case id="1163" name="TerrainWorkflow_RepeatedExecution_ProducesConsistentResults" fullname="TinyWalnutGames.TTG.TerrainGeneration.Tests.TerrainGenerationWorkflowTests.TerrainWorkflow_RepeatedExecution_ProducesConsistentResults" methodname="TerrainWorkflow_RepeatedExecution_ProducesConsistentResults" classname="TinyWalnutGames.TTG.TerrainGeneration.Tests.TerrainGenerationWorkflowTests" runstate="Runnable" seed="1516858964" result="Failed" start-time="2025-07-26 19:14:16Z" end-time="2025-07-26 19:14:17Z" duration="1.160970" asserts="0">
                  <properties>
                    <property name="retryIteration" value="0" />
                    <property name="repeatIteration" value="0" />
                  </properties>
                  <failure>
                    <message><![CDATA[  First entity should have MeshDataComponent after workflow
  Expected: True
  But was:  False
]]></message>
                    <stack-trace><![CDATA[at TinyWalnutGames.TTG.TerrainGeneration.Tests.TerrainGenerationWorkflowTests.TerrainWorkflow_RepeatedExecution_ProducesConsistentResults () [0x00018] in D:\Tiny Walnut Games\TTG\Assets\TinyWalnutGames.TTG\Tests\TerrainGenerationWorkflowTests.cs:332
]]></stack-trace>
                  </failure>
                  <output><![CDATA[MeshCreationSystem: Created URP Lit default material for terrain rendering.
Terrain generation completed for entity Entity(124:23). Created mesh entity Entity(125:21) with GameObject 'GeneratedTerrain_124' containing 45 vertices and 64 triangles.
]]></output>
                </test-case>
                <test-case id="1161" name="TerrainWorkflow_WithCustomTerraces_AppliesCorrectly" fullname="TinyWalnutGames.TTG.TerrainGeneration.Tests.TerrainGenerationWorkflowTests.TerrainWorkflow_WithCustomTerraces_AppliesCorrectly" methodname="TerrainWorkflow_WithCustomTerraces_AppliesCorrectly" classname="TinyWalnutGames.TTG.TerrainGeneration.Tests.TerrainGenerationWorkflowTests" runstate="Runnable" seed="1892398269" result="Passed" start-time="2025-07-26 19:14:17Z" end-time="2025-07-26 19:14:18Z" duration="1.170616" asserts="0">
                  <properties>
                    <property name="retryIteration" value="0" />
                    <property name="repeatIteration" value="0" />
                  </properties>
                  <output><![CDATA[MeshCreationSystem: Created URP Lit default material for terrain rendering.
Terrain generation completed for entity Entity(124:25). Created mesh entity Entity(125:23) with GameObject 'GeneratedTerrain_124' containing 71 vertices and 100 triangles.
]]></output>
                </test-case>
                <test-case id="1162" name="TerrainWorkflow_WithHighDetail_CompletesSuccessfully" fullname="TinyWalnutGames.TTG.TerrainGeneration.Tests.TerrainGenerationWorkflowTests.TerrainWorkflow_WithHighDetail_CompletesSuccessfully" methodname="TerrainWorkflow_WithHighDetail_CompletesSuccessfully" classname="TinyWalnutGames.TTG.TerrainGeneration.Tests.TerrainGenerationWorkflowTests" runstate="Runnable" seed="251381010" result="Passed" start-time="2025-07-26 19:14:18Z" end-time="2025-07-26 19:14:20Z" duration="1.625059" asserts="0">
                  <properties>
                    <property name="retryIteration" value="0" />
                    <property name="repeatIteration" value="0" />
                  </properties>
                  <output><![CDATA[MeshCreationSystem: Created URP Lit default material for terrain rendering.
Terrain generation completed for entity Entity(124:27). Created mesh entity Entity(125:25) with GameObject 'GeneratedTerrain_124' containing 1835 vertices and 3079 triangles.
Saving results to: C:/Users/Jerry/AppData/LocalLow/Tiny Walnut Games/TTG\TestResults.xml
]]></output>
                </test-case>
              </test-suite>
            </test-suite>
          </test-suite>
        </test-suite>
      </test-suite>
    </test-suite>
  </test-suite>
</test-run>