<?xml version="1.0" encoding="utf-8"?>
<test-run id="2" testcasecount="175" result="Failed(Child)" total="175" passed="172" failed="3" inconclusive="0" skipped="0" asserts="0" engine-version="3.5.0.0" clr-version="4.0.30319.42000" start-time="2025-07-27 22:32:38Z" end-time="2025-07-27 22:32:59Z" duration="21.4472479">
  <test-suite type="TestSuite" id="1198" name="TWG-DOTS-TTG" fullname="TWG-DOTS-TTG" runstate="Runnable" testcasecount="175" result="Failed" site="Child" start-time="2025-07-27 22:32:38Z" end-time="2025-07-27 22:32:59Z" duration="21.447248" total="175" passed="172" failed="3" inconclusive="0" skipped="0" asserts="0">
    <properties>
      <property name="platform" value="PlayMode" />
    </properties>
    <failure>
      <message><![CDATA[One or more child tests had errors]]></message>
    </failure>
    <test-suite type="Assembly" id="1190" name="TinyWalnutGames.TTG.TerrainGeneration.Tests.dll" fullname="D:/Tiny Walnut Games/TWG-DOTS-TTG/Library/ScriptAssemblies/TinyWalnutGames.TTG.TerrainGeneration.Tests.dll" runstate="Runnable" testcasecount="175" result="Failed" site="Child" start-time="2025-07-27 22:32:38Z" end-time="2025-07-27 22:32:59Z" duration="21.429714" total="175" passed="172" failed="3" inconclusive="0" skipped="0" asserts="0">
      <properties>
        <property name="_PID" value="25908" />
        <property name="_APPDOMAIN" value="Unity Child Domain" />
        <property name="platform" value="PlayMode" />
        <property name="EditorOnly" value="False" />
      </properties>
      <failure>
        <message><![CDATA[One or more child tests had errors]]></message>
      </failure>
      <test-suite type="TestSuite" id="1191" name="TinyWalnutGames" fullname="TinyWalnutGames" runstate="Runnable" testcasecount="175" result="Failed" site="Child" start-time="2025-07-27 22:32:38Z" end-time="2025-07-27 22:32:59Z" duration="21.419819" total="175" passed="172" failed="3" inconclusive="0" skipped="0" asserts="0">
        <properties />
        <failure>
          <message><![CDATA[One or more child tests had errors]]></message>
        </failure>
        <test-suite type="TestSuite" id="1192" name="TTG" fullname="TinyWalnutGames.TTG" runstate="Runnable" testcasecount="175" result="Failed" site="Child" start-time="2025-07-27 22:32:38Z" end-time="2025-07-27 22:32:59Z" duration="21.412815" total="175" passed="172" failed="3" inconclusive="0" skipped="0" asserts="0">
          <properties />
          <failure>
            <message><![CDATA[One or more child tests had errors]]></message>
          </failure>
          <test-suite type="TestSuite" id="1193" name="TerrainGeneration" fullname="TinyWalnutGames.TTG.TerrainGeneration" runstate="Runnable" testcasecount="175" result="Failed" site="Child" start-time="2025-07-27 22:32:38Z" end-time="2025-07-27 22:32:59Z" duration="21.405597" total="175" passed="172" failed="3" inconclusive="0" skipped="0" asserts="0">
            <properties />
            <failure>
              <message><![CDATA[One or more child tests had errors]]></message>
            </failure>
            <test-suite type="TestSuite" id="1194" name="Tests" fullname="TinyWalnutGames.TTG.TerrainGeneration.Tests" runstate="Runnable" testcasecount="175" result="Failed" site="Child" start-time="2025-07-27 22:32:38Z" end-time="2025-07-27 22:32:59Z" duration="21.397194" total="175" passed="172" failed="3" inconclusive="0" skipped="0" asserts="0">
              <properties />
              <failure>
                <message><![CDATA[One or more child tests had errors]]></message>
              </failure>
              <test-suite type="TestFixture" id="1001" name="ECSTestsFixtureVerificationTests" fullname="TinyWalnutGames.TTG.TerrainGeneration.Tests.ECSTestsFixtureVerificationTests" classname="TinyWalnutGames.TTG.TerrainGeneration.Tests.ECSTestsFixtureVerificationTests" runstate="Runnable" testcasecount="2" result="Passed" start-time="2025-07-27 22:32:38Z" end-time="2025-07-27 22:32:38Z" duration="0.063573" total="2" passed="2" failed="0" inconclusive="0" skipped="0" asserts="0">
                <properties />
                <test-case id="1002" name="ECSTestsFixture_CanCreateEntities" fullname="TinyWalnutGames.TTG.TerrainGeneration.Tests.ECSTestsFixtureVerificationTests.ECSTestsFixture_CanCreateEntities" methodname="ECSTestsFixture_CanCreateEntities" classname="TinyWalnutGames.TTG.TerrainGeneration.Tests.ECSTestsFixtureVerificationTests" runstate="Runnable" seed="1112259906" result="Passed" start-time="2025-07-27 22:32:38Z" end-time="2025-07-27 22:32:38Z" duration="0.040600" asserts="0">
                  <properties>
                    <property name="retryIteration" value="0" />
                    <property name="repeatIteration" value="0" />
                  </properties>
                </test-case>
                <test-case id="1003" name="ECSTestsFixture_WorldIsValid" fullname="TinyWalnutGames.TTG.TerrainGeneration.Tests.ECSTestsFixtureVerificationTests.ECSTestsFixture_WorldIsValid" methodname="ECSTestsFixture_WorldIsValid" classname="TinyWalnutGames.TTG.TerrainGeneration.Tests.ECSTestsFixtureVerificationTests" runstate="Runnable" seed="1005923048" result="Passed" start-time="2025-07-27 22:32:38Z" end-time="2025-07-27 22:32:38Z" duration="0.001451" asserts="0">
                  <properties>
                    <property name="retryIteration" value="0" />
                    <property name="repeatIteration" value="0" />
                  </properties>
                </test-case>
              </test-suite>
              <test-suite type="TestFixture" id="1004" name="MeshCreationSystemTests" fullname="TinyWalnutGames.TTG.TerrainGeneration.Tests.MeshCreationSystemTests" classname="TinyWalnutGames.TTG.TerrainGeneration.Tests.MeshCreationSystemTests" runstate="Runnable" testcasecount="10" result="Passed" start-time="2025-07-27 22:32:38Z" end-time="2025-07-27 22:32:38Z" duration="0.113580" total="10" passed="10" failed="0" inconclusive="0" skipped="0" asserts="0">
                <properties />
                <test-case id="1010" name="MeshCreationSystem_AlreadyProcessed_DoesNotReprocess" fullname="TinyWalnutGames.TTG.TerrainGeneration.Tests.MeshCreationSystemTests.MeshCreationSystem_AlreadyProcessed_DoesNotReprocess" methodname="MeshCreationSystem_AlreadyProcessed_DoesNotReprocess" classname="TinyWalnutGames.TTG.TerrainGeneration.Tests.MeshCreationSystemTests" runstate="Runnable" seed="1400957918" result="Passed" start-time="2025-07-27 22:32:38Z" end-time="2025-07-27 22:32:38Z" duration="0.042192" asserts="0">
                  <properties>
                    <property name="retryIteration" value="0" />
                    <property name="repeatIteration" value="0" />
                  </properties>
                  <output><![CDATA[MeshCreationSystem: Created URP Lit default material for terrain rendering.
Terrain generation completed for entity Entity(84:1). Created mesh entity Entity(85:1) with GameObject 'GeneratedTerrain_84' containing 3 vertices and 1 triangles.
ENABLEABLE SOLUTION: Disabled MeshDataComponent for entity 84:1 - component preserved for tests but marked as processed
]]></output>
                </test-case>
                <test-case id="1008" name="MeshCreationSystem_BlobAssetCleanup_DisposesCorrectly" fullname="TinyWalnutGames.TTG.TerrainGeneration.Tests.MeshCreationSystemTests.MeshCreationSystem_BlobAssetCleanup_DisposesCorrectly" methodname="MeshCreationSystem_BlobAssetCleanup_DisposesCorrectly" classname="TinyWalnutGames.TTG.TerrainGeneration.Tests.MeshCreationSystemTests" runstate="Runnable" seed="1734921894" result="Passed" start-time="2025-07-27 22:32:38Z" end-time="2025-07-27 22:32:38Z" duration="0.008519" asserts="0">
                  <properties>
                    <property name="retryIteration" value="0" />
                    <property name="repeatIteration" value="0" />
                  </properties>
                  <output><![CDATA[MeshCreationSystem: Created URP Lit default material for terrain rendering.
Terrain generation completed for entity Entity(84:3). Created mesh entity Entity(85:3) with GameObject 'GeneratedTerrain_84' containing 3 vertices and 1 triangles.
ENABLEABLE SOLUTION: Disabled MeshDataComponent for entity 84:3 - component preserved for tests but marked as processed
]]></output>
                </test-case>
                <test-case id="1005" name="MeshCreationSystem_CompleteTerrain_CreatesMeshAndGameObject" fullname="TinyWalnutGames.TTG.TerrainGeneration.Tests.MeshCreationSystemTests.MeshCreationSystem_CompleteTerrain_CreatesMeshAndGameObject" methodname="MeshCreationSystem_CompleteTerrain_CreatesMeshAndGameObject" classname="TinyWalnutGames.TTG.TerrainGeneration.Tests.MeshCreationSystemTests" runstate="Runnable" seed="2087276567" result="Passed" start-time="2025-07-27 22:32:38Z" end-time="2025-07-27 22:32:38Z" duration="0.006651" asserts="0">
                  <properties>
                    <property name="retryIteration" value="0" />
                    <property name="repeatIteration" value="0" />
                  </properties>
                  <output><![CDATA[MeshCreationSystem: Created URP Lit default material for terrain rendering.
Terrain generation completed for entity Entity(84:5). Created mesh entity Entity(85:5) with GameObject 'GeneratedTerrain_84' containing 3 vertices and 1 triangles.
ENABLEABLE SOLUTION: Disabled MeshDataComponent for entity 84:5 - component preserved for tests but marked as processed
]]></output>
                </test-case>
                <test-case id="1013" name="MeshCreationSystem_CreatedMesh_HasValidGeometry" fullname="TinyWalnutGames.TTG.TerrainGeneration.Tests.MeshCreationSystemTests.MeshCreationSystem_CreatedMesh_HasValidGeometry" methodname="MeshCreationSystem_CreatedMesh_HasValidGeometry" classname="TinyWalnutGames.TTG.TerrainGeneration.Tests.MeshCreationSystemTests" runstate="Runnable" seed="1747582888" result="Passed" start-time="2025-07-27 22:32:38Z" end-time="2025-07-27 22:32:38Z" duration="0.005624" asserts="0">
                  <properties>
                    <property name="retryIteration" value="0" />
                    <property name="repeatIteration" value="0" />
                  </properties>
                  <output><![CDATA[MeshCreationSystem: Created URP Lit default material for terrain rendering.
Terrain generation completed for entity Entity(84:7). Created mesh entity Entity(85:7) with GameObject 'GeneratedTerrain_84' containing 4 vertices and 2 triangles.
ENABLEABLE SOLUTION: Disabled MeshDataComponent for entity 84:7 - component preserved for tests but marked as processed
]]></output>
                </test-case>
                <test-case id="1014" name="MeshCreationSystem_GameObjectNaming_IsConsistent" fullname="TinyWalnutGames.TTG.TerrainGeneration.Tests.MeshCreationSystemTests.MeshCreationSystem_GameObjectNaming_IsConsistent" methodname="MeshCreationSystem_GameObjectNaming_IsConsistent" classname="TinyWalnutGames.TTG.TerrainGeneration.Tests.MeshCreationSystemTests" runstate="Runnable" seed="518299151" result="Passed" start-time="2025-07-27 22:32:38Z" end-time="2025-07-27 22:32:38Z" duration="0.005505" asserts="0">
                  <properties>
                    <property name="retryIteration" value="0" />
                    <property name="repeatIteration" value="0" />
                  </properties>
                  <output><![CDATA[MeshCreationSystem: Created URP Lit default material for terrain rendering.
Terrain generation completed for entity Entity(84:9). Created mesh entity Entity(86:1) with GameObject 'GeneratedTerrain_84' containing 3 vertices and 1 triangles.
ENABLEABLE SOLUTION: Disabled MeshDataComponent for entity 84:9 - component preserved for tests but marked as processed
Terrain generation completed for entity Entity(85:9). Created mesh entity Entity(87:1) with GameObject 'GeneratedTerrain_85' containing 3 vertices and 1 triangles.
ENABLEABLE SOLUTION: Disabled MeshDataComponent for entity 85:9 - component preserved for tests but marked as processed
]]></output>
                </test-case>
                <test-case id="1009" name="MeshCreationSystem_IncompleteGeneration_DoesNotProcess" fullname="TinyWalnutGames.TTG.TerrainGeneration.Tests.MeshCreationSystemTests.MeshCreationSystem_IncompleteGeneration_DoesNotProcess" methodname="MeshCreationSystem_IncompleteGeneration_DoesNotProcess" classname="TinyWalnutGames.TTG.TerrainGeneration.Tests.MeshCreationSystemTests" runstate="Runnable" seed="836963090" result="Passed" start-time="2025-07-27 22:32:38Z" end-time="2025-07-27 22:32:38Z" duration="0.002860" asserts="0">
                  <properties>
                    <property name="retryIteration" value="0" />
                    <property name="repeatIteration" value="0" />
                  </properties>
                  <output><![CDATA[MeshCreationSystem: Created URP Lit default material for terrain rendering.
]]></output>
                </test-case>
                <test-case id="1012" name="MeshCreationSystem_MeshEntity_HasCorrectComponents" fullname="TinyWalnutGames.TTG.TerrainGeneration.Tests.MeshCreationSystemTests.MeshCreationSystem_MeshEntity_HasCorrectComponents" methodname="MeshCreationSystem_MeshEntity_HasCorrectComponents" classname="TinyWalnutGames.TTG.TerrainGeneration.Tests.MeshCreationSystemTests" runstate="Runnable" seed="1005863483" result="Passed" start-time="2025-07-27 22:32:38Z" end-time="2025-07-27 22:32:38Z" duration="0.007025" asserts="0">
                  <properties>
                    <property name="retryIteration" value="0" />
                    <property name="repeatIteration" value="0" />
                  </properties>
                  <output><![CDATA[MeshCreationSystem: Created URP Lit default material for terrain rendering.
Terrain generation completed for entity Entity(84:13). Created mesh entity Entity(85:11) with GameObject 'GeneratedTerrain_84' containing 3 vertices and 1 triangles.
ENABLEABLE SOLUTION: Disabled MeshDataComponent for entity 84:13 - component preserved for tests but marked as processed
]]></output>
                </test-case>
                <test-case id="1011" name="MeshCreationSystem_MultipleEntities_ProcessesAll" fullname="TinyWalnutGames.TTG.TerrainGeneration.Tests.MeshCreationSystemTests.MeshCreationSystem_MultipleEntities_ProcessesAll" methodname="MeshCreationSystem_MultipleEntities_ProcessesAll" classname="TinyWalnutGames.TTG.TerrainGeneration.Tests.MeshCreationSystemTests" runstate="Runnable" seed="1891390994" result="Passed" start-time="2025-07-27 22:32:38Z" end-time="2025-07-27 22:32:38Z" duration="0.014314" asserts="0">
                  <properties>
                    <property name="retryIteration" value="0" />
                    <property name="repeatIteration" value="0" />
                  </properties>
                  <output><![CDATA[MeshCreationSystem: Created URP Lit default material for terrain rendering.
Terrain generation completed for entity Entity(84:15). Created mesh entity Entity(87:3) with GameObject 'GeneratedTerrain_84' containing 3 vertices and 1 triangles.
ENABLEABLE SOLUTION: Disabled MeshDataComponent for entity 84:15 - component preserved for tests but marked as processed
Terrain generation completed for entity Entity(85:13). Created mesh entity Entity(88:1) with GameObject 'GeneratedTerrain_85' containing 4 vertices and 1 triangles.
ENABLEABLE SOLUTION: Disabled MeshDataComponent for entity 85:13 - component preserved for tests but marked as processed
Terrain generation completed for entity Entity(86:3). Created mesh entity Entity(89:1) with GameObject 'GeneratedTerrain_86' containing 3 vertices and 1 triangles.
ENABLEABLE SOLUTION: Disabled MeshDataComponent for entity 86:3 - component preserved for tests but marked as processed
]]></output>
                </test-case>
                <test-case id="1006" name="MeshCreationSystem_URPMaterialFallback_CreatesValidMaterial" fullname="TinyWalnutGames.TTG.TerrainGeneration.Tests.MeshCreationSystemTests.MeshCreationSystem_URPMaterialFallback_CreatesValidMaterial" methodname="MeshCreationSystem_URPMaterialFallback_CreatesValidMaterial" classname="TinyWalnutGames.TTG.TerrainGeneration.Tests.MeshCreationSystemTests" runstate="Runnable" seed="1958281713" result="Passed" start-time="2025-07-27 22:32:38Z" end-time="2025-07-27 22:32:38Z" duration="0.004167" asserts="0">
                  <properties>
                    <property name="retryIteration" value="0" />
                    <property name="repeatIteration" value="0" />
                  </properties>
                  <output><![CDATA[MeshCreationSystem: Created URP Lit default material for terrain rendering.
Terrain generation completed for entity Entity(84:17). Created mesh entity Entity(85:15) with GameObject 'GeneratedTerrain_84' containing 3 vertices and 1 triangles.
ENABLEABLE SOLUTION: Disabled MeshDataComponent for entity 84:17 - component preserved for tests but marked as processed
]]></output>
                </test-case>
                <test-case id="1007" name="MeshCreationSystem_WithCustomMaterials_AppliesCorrectly" fullname="TinyWalnutGames.TTG.TerrainGeneration.Tests.MeshCreationSystemTests.MeshCreationSystem_WithCustomMaterials_AppliesCorrectly" methodname="MeshCreationSystem_WithCustomMaterials_AppliesCorrectly" classname="TinyWalnutGames.TTG.TerrainGeneration.Tests.MeshCreationSystemTests" runstate="Runnable" seed="2023408000" result="Passed" start-time="2025-07-27 22:32:38Z" end-time="2025-07-27 22:32:38Z" duration="0.009089" asserts="0">
                  <properties>
                    <property name="retryIteration" value="0" />
                    <property name="repeatIteration" value="0" />
                  </properties>
                  <output><![CDATA[MeshCreationSystem: Created URP Lit default material for terrain rendering.
Terrain generation completed for entity Entity(84:19). Created mesh entity Entity(85:17) with GameObject 'GeneratedTerrain_84' containing 3 vertices and 1 triangles.
ENABLEABLE SOLUTION: Disabled MeshDataComponent for entity 84:19 - component preserved for tests but marked as processed
]]></output>
                </test-case>
              </test-suite>
              <test-suite type="TestFixture" id="1015" name="RuntimeDebugConsoleTests" fullname="TinyWalnutGames.TTG.TerrainGeneration.Tests.RuntimeDebugConsoleTests" classname="TinyWalnutGames.TTG.TerrainGeneration.Tests.RuntimeDebugConsoleTests" runstate="Runnable" testcasecount="19" result="Passed" start-time="2025-07-27 22:32:38Z" end-time="2025-07-27 22:32:38Z" duration="0.192988" total="19" passed="19" failed="0" inconclusive="0" skipped="0" asserts="0">
                <properties />
                <test-case id="1022" name="RuntimeDebugConsole_AutoScroll_CanBeToggled" fullname="TinyWalnutGames.TTG.TerrainGeneration.Tests.RuntimeDebugConsoleTests.RuntimeDebugConsole_AutoScroll_CanBeToggled" methodname="RuntimeDebugConsole_AutoScroll_CanBeToggled" classname="TinyWalnutGames.TTG.TerrainGeneration.Tests.RuntimeDebugConsoleTests" runstate="Runnable" seed="947278131" result="Passed" start-time="2025-07-27 22:32:38Z" end-time="2025-07-27 22:32:38Z" duration="0.060040" asserts="0">
                  <properties>
                    <property name="retryIteration" value="0" />
                    <property name="repeatIteration" value="0" />
                  </properties>
                  <output><![CDATA[RuntimeDebugConsole: Using NewInputSystem for input handling.
RuntimeDebugConsole: Using NewInputSystem for input handling.
Runtime Debug Console initialized. Press BackQuote to toggle visibility.
Console will automatically find and integrate with RuntimeTerrainManager if present.
]]></output>
                </test-case>
                <test-case id="1021" name="RuntimeDebugConsole_BackgroundOpacity_CanBeSet" fullname="TinyWalnutGames.TTG.TerrainGeneration.Tests.RuntimeDebugConsoleTests.RuntimeDebugConsole_BackgroundOpacity_CanBeSet" methodname="RuntimeDebugConsole_BackgroundOpacity_CanBeSet" classname="TinyWalnutGames.TTG.TerrainGeneration.Tests.RuntimeDebugConsoleTests" runstate="Runnable" seed="1204479503" result="Passed" start-time="2025-07-27 22:32:38Z" end-time="2025-07-27 22:32:38Z" duration="0.004610" asserts="0">
                  <properties>
                    <property name="retryIteration" value="0" />
                    <property name="repeatIteration" value="0" />
                  </properties>
                  <output><![CDATA[RuntimeDebugConsole: Using NewInputSystem for input handling.
RuntimeDebugConsole: Using NewInputSystem for input handling.
Runtime Debug Console initialized. Press BackQuote to toggle visibility.
Console will automatically find and integrate with RuntimeTerrainManager if present.
]]></output>
                </test-case>
                <test-case id="1029" name="RuntimeDebugConsole_ComponentDestruction_HandlesCorrectly" fullname="TinyWalnutGames.TTG.TerrainGeneration.Tests.RuntimeDebugConsoleTests.RuntimeDebugConsole_ComponentDestruction_HandlesCorrectly" methodname="RuntimeDebugConsole_ComponentDestruction_HandlesCorrectly" classname="TinyWalnutGames.TTG.TerrainGeneration.Tests.RuntimeDebugConsoleTests" runstate="Runnable" seed="1328749060" result="Passed" start-time="2025-07-27 22:32:38Z" end-time="2025-07-27 22:32:38Z" duration="0.007324" asserts="0">
                  <properties>
                    <property name="retryIteration" value="0" />
                    <property name="repeatIteration" value="0" />
                  </properties>
                  <output><![CDATA[RuntimeDebugConsole: Using NewInputSystem for input handling.
RuntimeDebugConsole: Using NewInputSystem for input handling.
Runtime Debug Console initialized. Press BackQuote to toggle visibility.
Console will automatically find and integrate with RuntimeTerrainManager if present.
RuntimeDebugConsole: Using NewInputSystem for input handling.
]]></output>
                </test-case>
                <test-case id="1017" name="RuntimeDebugConsole_Configuration_CanBeModified" fullname="TinyWalnutGames.TTG.TerrainGeneration.Tests.RuntimeDebugConsoleTests.RuntimeDebugConsole_Configuration_CanBeModified" methodname="RuntimeDebugConsole_Configuration_CanBeModified" classname="TinyWalnutGames.TTG.TerrainGeneration.Tests.RuntimeDebugConsoleTests" runstate="Runnable" seed="1946164295" result="Passed" start-time="2025-07-27 22:32:38Z" end-time="2025-07-27 22:32:38Z" duration="0.004851" asserts="0">
                  <properties>
                    <property name="retryIteration" value="0" />
                    <property name="repeatIteration" value="0" />
                  </properties>
                  <output><![CDATA[RuntimeDebugConsole: Using NewInputSystem for input handling.
RuntimeDebugConsole: Using NewInputSystem for input handling.
Runtime Debug Console initialized. Press BackQuote to toggle visibility.
Console will automatically find and integrate with RuntimeTerrainManager if present.
]]></output>
                </test-case>
                <test-case id="1025" name="RuntimeDebugConsole_ConsoleComponents_CanBeAccessed" fullname="TinyWalnutGames.TTG.TerrainGeneration.Tests.RuntimeDebugConsoleTests.RuntimeDebugConsole_ConsoleComponents_CanBeAccessed" methodname="RuntimeDebugConsole_ConsoleComponents_CanBeAccessed" classname="TinyWalnutGames.TTG.TerrainGeneration.Tests.RuntimeDebugConsoleTests" runstate="Runnable" seed="432999032" result="Passed" start-time="2025-07-27 22:32:38Z" end-time="2025-07-27 22:32:38Z" duration="0.006674" asserts="0">
                  <properties>
                    <property name="retryIteration" value="0" />
                    <property name="repeatIteration" value="0" />
                  </properties>
                  <output><![CDATA[RuntimeDebugConsole: Using NewInputSystem for input handling.
RuntimeDebugConsole: Using NewInputSystem for input handling.
Runtime Debug Console initialized. Press BackQuote to toggle visibility.
Console will automatically find and integrate with RuntimeTerrainManager if present.
]]></output>
                </test-case>
                <test-case id="1030" name="RuntimeDebugConsole_ErrorHandling_GracefulDegradation" fullname="TinyWalnutGames.TTG.TerrainGeneration.Tests.RuntimeDebugConsoleTests.RuntimeDebugConsole_ErrorHandling_GracefulDegradation" methodname="RuntimeDebugConsole_ErrorHandling_GracefulDegradation" classname="TinyWalnutGames.TTG.TerrainGeneration.Tests.RuntimeDebugConsoleTests" runstate="Runnable" seed="1288270841" result="Passed" start-time="2025-07-27 22:32:38Z" end-time="2025-07-27 22:32:38Z" duration="0.010887" asserts="0">
                  <properties>
                    <property name="retryIteration" value="0" />
                    <property name="repeatIteration" value="0" />
                  </properties>
                  <output><![CDATA[RuntimeDebugConsole: Using NewInputSystem for input handling.
RuntimeDebugConsole: Using NewInputSystem for input handling.
Runtime Debug Console initialized. Press BackQuote to toggle visibility.
Console will automatically find and integrate with RuntimeTerrainManager if present.
RuntimeDebugConsole: Using NewInputSystem for input handling.
[Empty log message]
[Empty log message]
   
]]></output>
                </test-case>
                <test-case id="1028" name="RuntimeDebugConsole_GameObjectCreation_WorksCorrectly" fullname="TinyWalnutGames.TTG.TerrainGeneration.Tests.RuntimeDebugConsoleTests.RuntimeDebugConsole_GameObjectCreation_WorksCorrectly" methodname="RuntimeDebugConsole_GameObjectCreation_WorksCorrectly" classname="TinyWalnutGames.TTG.TerrainGeneration.Tests.RuntimeDebugConsoleTests" runstate="Runnable" seed="735677784" result="Passed" start-time="2025-07-27 22:32:38Z" end-time="2025-07-27 22:32:38Z" duration="0.006369" asserts="0">
                  <properties>
                    <property name="retryIteration" value="0" />
                    <property name="repeatIteration" value="0" />
                  </properties>
                  <output><![CDATA[RuntimeDebugConsole: Using NewInputSystem for input handling.
RuntimeDebugConsole: Using NewInputSystem for input handling.
Runtime Debug Console initialized. Press BackQuote to toggle visibility.
Console will automatically find and integrate with RuntimeTerrainManager if present.
RuntimeDebugConsole: Using NewInputSystem for input handling.
]]></output>
                </test-case>
                <test-case id="1016" name="RuntimeDebugConsole_InitialState_IsCorrect" fullname="TinyWalnutGames.TTG.TerrainGeneration.Tests.RuntimeDebugConsoleTests.RuntimeDebugConsole_InitialState_IsCorrect" methodname="RuntimeDebugConsole_InitialState_IsCorrect" classname="TinyWalnutGames.TTG.TerrainGeneration.Tests.RuntimeDebugConsoleTests" runstate="Runnable" seed="319725885" result="Passed" start-time="2025-07-27 22:32:38Z" end-time="2025-07-27 22:32:38Z" duration="0.005409" asserts="0">
                  <properties>
                    <property name="retryIteration" value="0" />
                    <property name="repeatIteration" value="0" />
                  </properties>
                  <output><![CDATA[RuntimeDebugConsole: Using NewInputSystem for input handling.
RuntimeDebugConsole: Using NewInputSystem for input handling.
Runtime Debug Console initialized. Press BackQuote to toggle visibility.
Console will automatically find and integrate with RuntimeTerrainManager if present.
]]></output>
                </test-case>
                <test-case id="1033" name="RuntimeDebugConsole_InputMethodEnum_IsValid" fullname="TinyWalnutGames.TTG.TerrainGeneration.Tests.RuntimeDebugConsoleTests.RuntimeDebugConsole_InputMethodEnum_IsValid" methodname="RuntimeDebugConsole_InputMethodEnum_IsValid" classname="TinyWalnutGames.TTG.TerrainGeneration.Tests.RuntimeDebugConsoleTests" runstate="Runnable" seed="516125001" result="Passed" start-time="2025-07-27 22:32:38Z" end-time="2025-07-27 22:32:38Z" duration="0.004509" asserts="0">
                  <properties>
                    <property name="retryIteration" value="0" />
                    <property name="repeatIteration" value="0" />
                  </properties>
                  <output><![CDATA[RuntimeDebugConsole: Using NewInputSystem for input handling.
RuntimeDebugConsole: Using NewInputSystem for input handling.
Runtime Debug Console initialized. Press BackQuote to toggle visibility.
Console will automatically find and integrate with RuntimeTerrainManager if present.
]]></output>
                </test-case>
                <test-case id="1018" name="RuntimeDebugConsole_InputMode_Configuration" fullname="TinyWalnutGames.TTG.TerrainGeneration.Tests.RuntimeDebugConsoleTests.RuntimeDebugConsole_InputMode_Configuration" methodname="RuntimeDebugConsole_InputMode_Configuration" classname="TinyWalnutGames.TTG.TerrainGeneration.Tests.RuntimeDebugConsoleTests" runstate="Runnable" seed="680396507" result="Passed" start-time="2025-07-27 22:32:38Z" end-time="2025-07-27 22:32:38Z" duration="0.004666" asserts="0">
                  <properties>
                    <property name="retryIteration" value="0" />
                    <property name="repeatIteration" value="0" />
                  </properties>
                  <output><![CDATA[RuntimeDebugConsole: Using NewInputSystem for input handling.
RuntimeDebugConsole: Using NewInputSystem for input handling.
Runtime Debug Console initialized. Press BackQuote to toggle visibility.
Console will automatically find and integrate with RuntimeTerrainManager if present.
]]></output>
                </test-case>
                <test-case id="1024" name="RuntimeDebugConsole_InputSystemSettings_CanBeConfigured" fullname="TinyWalnutGames.TTG.TerrainGeneration.Tests.RuntimeDebugConsoleTests.RuntimeDebugConsole_InputSystemSettings_CanBeConfigured" methodname="RuntimeDebugConsole_InputSystemSettings_CanBeConfigured" classname="TinyWalnutGames.TTG.TerrainGeneration.Tests.RuntimeDebugConsoleTests" runstate="Runnable" seed="1686333643" result="Passed" start-time="2025-07-27 22:32:38Z" end-time="2025-07-27 22:32:38Z" duration="0.011225" asserts="0">
                  <properties>
                    <property name="retryIteration" value="0" />
                    <property name="repeatIteration" value="0" />
                  </properties>
                  <reason>
                    <message><![CDATA[Input System configuration test completed]]></message>
                  </reason>
                  <output><![CDATA[RuntimeDebugConsole: Using NewInputSystem for input handling.
RuntimeDebugConsole: Using NewInputSystem for input handling.
Runtime Debug Console initialized. Press BackQuote to toggle visibility.
Console will automatically find and integrate with RuntimeTerrainManager if present.
]]></output>
                </test-case>
                <test-case id="1019" name="RuntimeDebugConsole_MaxLogEntries_CanBeSet" fullname="TinyWalnutGames.TTG.TerrainGeneration.Tests.RuntimeDebugConsoleTests.RuntimeDebugConsole_MaxLogEntries_CanBeSet" methodname="RuntimeDebugConsole_MaxLogEntries_CanBeSet" classname="TinyWalnutGames.TTG.TerrainGeneration.Tests.RuntimeDebugConsoleTests" runstate="Runnable" seed="1138295890" result="Passed" start-time="2025-07-27 22:32:38Z" end-time="2025-07-27 22:32:38Z" duration="0.005083" asserts="0">
                  <properties>
                    <property name="retryIteration" value="0" />
                    <property name="repeatIteration" value="0" />
                  </properties>
                  <output><![CDATA[RuntimeDebugConsole: Using NewInputSystem for input handling.
RuntimeDebugConsole: Using NewInputSystem for input handling.
Runtime Debug Console initialized. Press BackQuote to toggle visibility.
Console will automatically find and integrate with RuntimeTerrainManager if present.
]]></output>
                </test-case>
                <test-case id="1032" name="RuntimeDebugConsole_MultipleInstances_HandleCorrectly" fullname="TinyWalnutGames.TTG.TerrainGeneration.Tests.RuntimeDebugConsoleTests.RuntimeDebugConsole_MultipleInstances_HandleCorrectly" methodname="RuntimeDebugConsole_MultipleInstances_HandleCorrectly" classname="TinyWalnutGames.TTG.TerrainGeneration.Tests.RuntimeDebugConsoleTests" runstate="Runnable" seed="250616045" result="Passed" start-time="2025-07-27 22:32:38Z" end-time="2025-07-27 22:32:38Z" duration="0.007880" asserts="0">
                  <properties>
                    <property name="retryIteration" value="0" />
                    <property name="repeatIteration" value="0" />
                  </properties>
                  <output><![CDATA[RuntimeDebugConsole: Using NewInputSystem for input handling.
RuntimeDebugConsole: Using NewInputSystem for input handling.
Runtime Debug Console initialized. Press BackQuote to toggle visibility.
Console will automatically find and integrate with RuntimeTerrainManager if present.
RuntimeDebugConsole: Using NewInputSystem for input handling.
RuntimeDebugConsole: Using NewInputSystem for input handling.
]]></output>
                </test-case>
                <test-case id="1034" name="RuntimeDebugConsole_RangeValidation_WorksCorrectly" fullname="TinyWalnutGames.TTG.TerrainGeneration.Tests.RuntimeDebugConsoleTests.RuntimeDebugConsole_RangeValidation_WorksCorrectly" methodname="RuntimeDebugConsole_RangeValidation_WorksCorrectly" classname="TinyWalnutGames.TTG.TerrainGeneration.Tests.RuntimeDebugConsoleTests" runstate="Runnable" seed="315632436" result="Passed" start-time="2025-07-27 22:32:38Z" end-time="2025-07-27 22:32:38Z" duration="0.004439" asserts="0">
                  <properties>
                    <property name="retryIteration" value="0" />
                    <property name="repeatIteration" value="0" />
                  </properties>
                  <output><![CDATA[RuntimeDebugConsole: Using NewInputSystem for input handling.
RuntimeDebugConsole: Using NewInputSystem for input handling.
Runtime Debug Console initialized. Press BackQuote to toggle visibility.
Console will automatically find and integrate with RuntimeTerrainManager if present.
]]></output>
                </test-case>
                <test-case id="1023" name="RuntimeDebugConsole_ShowTimestamps_CanBeToggled" fullname="TinyWalnutGames.TTG.TerrainGeneration.Tests.RuntimeDebugConsoleTests.RuntimeDebugConsole_ShowTimestamps_CanBeToggled" methodname="RuntimeDebugConsole_ShowTimestamps_CanBeToggled" classname="TinyWalnutGames.TTG.TerrainGeneration.Tests.RuntimeDebugConsoleTests" runstate="Runnable" seed="1734146541" result="Passed" start-time="2025-07-27 22:32:38Z" end-time="2025-07-27 22:32:38Z" duration="0.006667" asserts="0">
                  <properties>
                    <property name="retryIteration" value="0" />
                    <property name="repeatIteration" value="0" />
                  </properties>
                  <output><![CDATA[RuntimeDebugConsole: Using NewInputSystem for input handling.
RuntimeDebugConsole: Using NewInputSystem for input handling.
Runtime Debug Console initialized. Press BackQuote to toggle visibility.
Console will automatically find and integrate with RuntimeTerrainManager if present.
]]></output>
                </test-case>
                <test-case id="1031" name="RuntimeDebugConsole_TerrainManagerIntegration_HandlesCorrectly" fullname="TinyWalnutGames.TTG.TerrainGeneration.Tests.RuntimeDebugConsoleTests.RuntimeDebugConsole_TerrainManagerIntegration_HandlesCorrectly" methodname="RuntimeDebugConsole_TerrainManagerIntegration_HandlesCorrectly" classname="TinyWalnutGames.TTG.TerrainGeneration.Tests.RuntimeDebugConsoleTests" runstate="Runnable" seed="1704647817" result="Passed" start-time="2025-07-27 22:32:38Z" end-time="2025-07-27 22:32:38Z" duration="0.008485" asserts="0">
                  <properties>
                    <property name="retryIteration" value="0" />
                    <property name="repeatIteration" value="0" />
                  </properties>
                  <output><![CDATA[RuntimeDebugConsole: Using NewInputSystem for input handling.
RuntimeDebugConsole: Using NewInputSystem for input handling.
Runtime Debug Console initialized. Press BackQuote to toggle visibility.
Console will automatically find and integrate with RuntimeTerrainManager if present.
Test with terrain manager
]]></output>
                </test-case>
                <test-case id="1020" name="RuntimeDebugConsole_ToggleKey_CanBeSet" fullname="TinyWalnutGames.TTG.TerrainGeneration.Tests.RuntimeDebugConsoleTests.RuntimeDebugConsole_ToggleKey_CanBeSet" methodname="RuntimeDebugConsole_ToggleKey_CanBeSet" classname="TinyWalnutGames.TTG.TerrainGeneration.Tests.RuntimeDebugConsoleTests" runstate="Runnable" seed="1101436593" result="Passed" start-time="2025-07-27 22:32:38Z" end-time="2025-07-27 22:32:38Z" duration="0.005417" asserts="0">
                  <properties>
                    <property name="retryIteration" value="0" />
                    <property name="repeatIteration" value="0" />
                  </properties>
                  <output><![CDATA[RuntimeDebugConsole: Using NewInputSystem for input handling.
RuntimeDebugConsole: Using NewInputSystem for input handling.
Runtime Debug Console initialized. Press BackQuote to toggle visibility.
Console will automatically find and integrate with RuntimeTerrainManager if present.
]]></output>
                </test-case>
                <test-case id="1027" name="RuntimeDebugConsoleSetup_GetConsoleInstance_HandlesCorrectly" fullname="TinyWalnutGames.TTG.TerrainGeneration.Tests.RuntimeDebugConsoleTests.RuntimeDebugConsoleSetup_GetConsoleInstance_HandlesCorrectly" methodname="RuntimeDebugConsoleSetup_GetConsoleInstance_HandlesCorrectly" classname="TinyWalnutGames.TTG.TerrainGeneration.Tests.RuntimeDebugConsoleTests" runstate="Runnable" seed="536939895" result="Passed" start-time="2025-07-27 22:32:38Z" end-time="2025-07-27 22:32:38Z" duration="0.004670" asserts="0">
                  <properties>
                    <property name="retryIteration" value="0" />
                    <property name="repeatIteration" value="0" />
                  </properties>
                  <output><![CDATA[RuntimeDebugConsole: Using NewInputSystem for input handling.
RuntimeDebugConsole: Using NewInputSystem for input handling.
Runtime Debug Console initialized. Press BackQuote to toggle visibility.
Console will automatically find and integrate with RuntimeTerrainManager if present.
]]></output>
                </test-case>
                <test-case id="1026" name="RuntimeDebugConsoleSetup_StaticMethods_WorkCorrectly" fullname="TinyWalnutGames.TTG.TerrainGeneration.Tests.RuntimeDebugConsoleTests.RuntimeDebugConsoleSetup_StaticMethods_WorkCorrectly" methodname="RuntimeDebugConsoleSetup_StaticMethods_WorkCorrectly" classname="TinyWalnutGames.TTG.TerrainGeneration.Tests.RuntimeDebugConsoleTests" runstate="Runnable" seed="1723199165" result="Passed" start-time="2025-07-27 22:32:38Z" end-time="2025-07-27 22:32:38Z" duration="0.005398" asserts="0">
                  <properties>
                    <property name="retryIteration" value="0" />
                    <property name="repeatIteration" value="0" />
                  </properties>
                  <output><![CDATA[RuntimeDebugConsole: Using NewInputSystem for input handling.
RuntimeDebugConsole: Using NewInputSystem for input handling.
Runtime Debug Console initialized. Press BackQuote to toggle visibility.
Console will automatically find and integrate with RuntimeTerrainManager if present.
Test message
]]></output>
                </test-case>
              </test-suite>
              <test-suite type="TestFixture" id="1035" name="RuntimeEntityLoaderSystemTests" fullname="TinyWalnutGames.TTG.TerrainGeneration.Tests.RuntimeEntityLoaderSystemTests" classname="TinyWalnutGames.TTG.TerrainGeneration.Tests.RuntimeEntityLoaderSystemTests" runstate="Runnable" testcasecount="13" result="Failed" site="Child" start-time="2025-07-27 22:32:38Z" end-time="2025-07-27 22:32:40Z" duration="1.966032" total="13" passed="11" failed="2" inconclusive="0" skipped="0" asserts="0">
                <properties />
                <failure>
                  <message><![CDATA[One or more child tests had errors]]></message>
                </failure>
                <output><![CDATA[RuntimeDebugConsole: Input System actions initialized successfully.
SetConsoleVisibility called with visible: False
Console canvas active set to: False
RuntimeDebugConsole: Input System actions initialized successfully.
SetConsoleVisibility called with visible: False
Console canvas active set to: False
RuntimeDebugConsole: Input System actions initialized successfully.
SetConsoleVisibility called with visible: False
Console canvas active set to: False
RuntimeDebugConsole: Input System actions initialized successfully.
SetConsoleVisibility called with visible: False
Console canvas active set to: False
RuntimeDebugConsole: Input System actions initialized successfully.
SetConsoleVisibility called with visible: False
Console canvas active set to: False
RuntimeDebugConsole: Input System actions initialized successfully.
SetConsoleVisibility called with visible: False
Console canvas active set to: False
RuntimeDebugConsole: Input System actions initialized successfully.
SetConsoleVisibility called with visible: False
Console canvas active set to: False
RuntimeDebugConsole: Input System actions initialized successfully.
SetConsoleVisibility called with visible: False
Console canvas active set to: False
RuntimeDebugConsole: Input System actions initialized successfully.
SetConsoleVisibility called with visible: False
Console canvas active set to: False
RuntimeDebugConsole: Input System actions initialized successfully.
SetConsoleVisibility called with visible: False
Console canvas active set to: False
RuntimeDebugConsole: Input System actions initialized successfully.
SetConsoleVisibility called with visible: False
Console canvas active set to: False
RuntimeDebugConsole: Input System actions initialized successfully.
SetConsoleVisibility called with visible: False
Console canvas active set to: False
RuntimeDebugConsole: Input System actions initialized successfully.
SetConsoleVisibility called with visible: False
Console canvas active set to: False
RuntimeDebugConsole: Input System actions initialized successfully.
SetConsoleVisibility called with visible: False
Console canvas active set to: False
RuntimeDebugConsole: Input System actions initialized successfully.
SetConsoleVisibility called with visible: False
Console canvas active set to: False
RuntimeDebugConsole: Input System actions initialized successfully.
SetConsoleVisibility called with visible: False
Console canvas active set to: False
RuntimeDebugConsole: Input System actions initialized successfully.
SetConsoleVisibility called with visible: False
Console canvas active set to: False
RuntimeDebugConsole: Input System actions initialized successfully.
SetConsoleVisibility called with visible: False
Console canvas active set to: False
RuntimeDebugConsole: Input System actions initialized successfully.
SetConsoleVisibility called with visible: False
Console canvas active set to: False
]]></output>
                <test-case id="1041" name="RuntimeEntityLoaderSystem_DifferentLoadingMethods_ProcessesBoth" fullname="TinyWalnutGames.TTG.TerrainGeneration.Tests.RuntimeEntityLoaderSystemTests.RuntimeEntityLoaderSystem_DifferentLoadingMethods_ProcessesBoth" methodname="RuntimeEntityLoaderSystem_DifferentLoadingMethods_ProcessesBoth" classname="TinyWalnutGames.TTG.TerrainGeneration.Tests.RuntimeEntityLoaderSystemTests" runstate="Runnable" seed="463369924" result="Passed" start-time="2025-07-27 22:32:38Z" end-time="2025-07-27 22:32:38Z" duration="0.022918" asserts="0">
                  <properties>
                    <property name="retryIteration" value="0" />
                    <property name="repeatIteration" value="0" />
                  </properties>
                  <output><![CDATA[RuntimeEntityLoaderSystem: Processing scene loading requests for runtime build...
Processing scene loading request for: Scene1
Scene loading request processed for: Scene1
Processing scene loading request for: Scene2
Scene loading request processed for: Scene2
RuntimeEntityLoaderSystem: Scene loading request processing complete.
]]></output>
                </test-case>
                <test-case id="1039" name="RuntimeEntityLoaderSystem_EmptySceneName_HandlesGracefully" fullname="TinyWalnutGames.TTG.TerrainGeneration.Tests.RuntimeEntityLoaderSystemTests.RuntimeEntityLoaderSystem_EmptySceneName_HandlesGracefully" methodname="RuntimeEntityLoaderSystem_EmptySceneName_HandlesGracefully" classname="TinyWalnutGames.TTG.TerrainGeneration.Tests.RuntimeEntityLoaderSystemTests" runstate="Runnable" seed="1070655113" result="Passed" start-time="2025-07-27 22:32:38Z" end-time="2025-07-27 22:32:38Z" duration="0.012136" asserts="0">
                  <properties>
                    <property name="retryIteration" value="0" />
                    <property name="repeatIteration" value="0" />
                  </properties>
                  <output><![CDATA[RuntimeEntityLoaderSystem: Processing scene loading requests for runtime build...
Processing scene loading request for: 
Scene loading request processed for: 
RuntimeEntityLoaderSystem: Scene loading request processing complete.
]]></output>
                </test-case>
                <test-case id="1045" name="RuntimeEntityLoaderSystem_EntityDestruction_UpdatesCountsCorrectly" fullname="TinyWalnutGames.TTG.TerrainGeneration.Tests.RuntimeEntityLoaderSystemTests.RuntimeEntityLoaderSystem_EntityDestruction_UpdatesCountsCorrectly" methodname="RuntimeEntityLoaderSystem_EntityDestruction_UpdatesCountsCorrectly" classname="TinyWalnutGames.TTG.TerrainGeneration.Tests.RuntimeEntityLoaderSystemTests" runstate="Runnable" seed="1877839392" result="Passed" start-time="2025-07-27 22:32:38Z" end-time="2025-07-27 22:32:38Z" duration="0.013173" asserts="0">
                  <properties>
                    <property name="retryIteration" value="0" />
                    <property name="repeatIteration" value="0" />
                  </properties>
                  <output><![CDATA[RuntimeEntityLoaderSystem: Processing scene loading requests for runtime build...
Processing scene loading request for: TestScene
Scene loading request processed for: TestScene
RuntimeEntityLoaderSystem: Scene loading request processing complete.
]]></output>
                </test-case>
                <test-case id="1048" name="RuntimeEntityLoaderSystem_ErrorHandling_ContinuesProcessingOtherRequests" fullname="TinyWalnutGames.TTG.TerrainGeneration.Tests.RuntimeEntityLoaderSystemTests.RuntimeEntityLoaderSystem_ErrorHandling_ContinuesProcessingOtherRequests" methodname="RuntimeEntityLoaderSystem_ErrorHandling_ContinuesProcessingOtherRequests" classname="TinyWalnutGames.TTG.TerrainGeneration.Tests.RuntimeEntityLoaderSystemTests" runstate="Runnable" seed="744924315" result="Passed" start-time="2025-07-27 22:32:38Z" end-time="2025-07-27 22:32:38Z" duration="0.019847" asserts="0">
                  <properties>
                    <property name="retryIteration" value="0" />
                    <property name="repeatIteration" value="0" />
                  </properties>
                  <output><![CDATA[RuntimeEntityLoaderSystem: Processing scene loading requests for runtime build...
Processing scene loading request for: ValidScene
Scene loading request processed for: ValidScene
Processing scene loading request for: 
Scene loading request processed for: 
RuntimeEntityLoaderSystem: Scene loading request processing complete.
]]></output>
                </test-case>
                <test-case id="1036" name="RuntimeEntityLoaderSystem_InitialState_HasCorrectDefaults" fullname="TinyWalnutGames.TTG.TerrainGeneration.Tests.RuntimeEntityLoaderSystemTests.RuntimeEntityLoaderSystem_InitialState_HasCorrectDefaults" methodname="RuntimeEntityLoaderSystem_InitialState_HasCorrectDefaults" classname="TinyWalnutGames.TTG.TerrainGeneration.Tests.RuntimeEntityLoaderSystemTests" runstate="Runnable" seed="1925409794" result="Passed" start-time="2025-07-27 22:32:38Z" end-time="2025-07-27 22:32:38Z" duration="0.001206" asserts="0">
                  <properties>
                    <property name="retryIteration" value="0" />
                    <property name="repeatIteration" value="0" />
                  </properties>
                </test-case>
                <test-case id="1040" name="RuntimeEntityLoaderSystem_InvalidSceneIndex_HandlesGracefully" fullname="TinyWalnutGames.TTG.TerrainGeneration.Tests.RuntimeEntityLoaderSystemTests.RuntimeEntityLoaderSystem_InvalidSceneIndex_HandlesGracefully" methodname="RuntimeEntityLoaderSystem_InvalidSceneIndex_HandlesGracefully" classname="TinyWalnutGames.TTG.TerrainGeneration.Tests.RuntimeEntityLoaderSystemTests" runstate="Runnable" seed="172459330" result="Passed" start-time="2025-07-27 22:32:38Z" end-time="2025-07-27 22:32:38Z" duration="0.013791" asserts="0">
                  <properties>
                    <property name="retryIteration" value="0" />
                    <property name="repeatIteration" value="0" />
                  </properties>
                  <output><![CDATA[RuntimeEntityLoaderSystem: Processing scene loading requests for runtime build...
Processing scene loading request for: ValidScene
Scene loading request processed for: ValidScene
RuntimeEntityLoaderSystem: Scene loading request processing complete.
]]></output>
                </test-case>
                <test-case id="1044" name="RuntimeEntityLoaderSystem_LargeNumberOfRequests_HandlesEfficiently" fullname="TinyWalnutGames.TTG.TerrainGeneration.Tests.RuntimeEntityLoaderSystemTests.RuntimeEntityLoaderSystem_LargeNumberOfRequests_HandlesEfficiently" methodname="RuntimeEntityLoaderSystem_LargeNumberOfRequests_HandlesEfficiently" classname="TinyWalnutGames.TTG.TerrainGeneration.Tests.RuntimeEntityLoaderSystemTests" runstate="Runnable" seed="365341848" result="Failed" start-time="2025-07-27 22:32:38Z" end-time="2025-07-27 22:32:40Z" duration="1.420946" asserts="0">
                  <properties>
                    <property name="retryIteration" value="0" />
                    <property name="repeatIteration" value="0" />
                  </properties>
                  <failure>
                    <message><![CDATA[  Processing should complete efficiently
  Expected: less than 1000
  But was:  1416
]]></message>
                    <stack-trace><![CDATA[at TinyWalnutGames.TTG.TerrainGeneration.Tests.RuntimeEntityLoaderSystemTests.RuntimeEntityLoaderSystem_LargeNumberOfRequests_HandlesEfficiently () [0x000a7] in D:\Tiny Walnut Games\TWG-DOTS-TTG\Assets\TinyWalnutGames.TTG\Tests\RuntimeEntityLoaderSystemTests.cs:271
]]></stack-trace>
                  </failure>
                  <output><![CDATA[RuntimeEntityLoaderSystem: Processing scene loading requests for runtime build...
Processing scene loading request for: Scene_0
Scene loading request processed for: Scene_0
Processing scene loading request for: Scene_1
Scene loading request processed for: Scene_1
Processing scene loading request for: Scene_2
Scene loading request processed for: Scene_2
Processing scene loading request for: Scene_3
Scene loading request processed for: Scene_3
Processing scene loading request for: Scene_4
Scene loading request processed for: Scene_4
Processing scene loading request for: Scene_5
Scene loading request processed for: Scene_5
Processing scene loading request for: Scene_6
Scene loading request processed for: Scene_6
Processing scene loading request for: Scene_7
Scene loading request processed for: Scene_7
Processing scene loading request for: Scene_8
Scene loading request processed for: Scene_8
Processing scene loading request for: Scene_9
Scene loading request processed for: Scene_9
Processing scene loading request for: Scene_10
Scene loading request processed for: Scene_10
Processing scene loading request for: Scene_11
Scene loading request processed for: Scene_11
Processing scene loading request for: Scene_12
Scene loading request processed for: Scene_12
Processing scene loading request for: Scene_13
Scene loading request processed for: Scene_13
Processing scene loading request for: Scene_14
Scene loading request processed for: Scene_14
Processing scene loading request for: Scene_15
Scene loading request processed for: Scene_15
Processing scene loading request for: Scene_16
Scene loading request processed for: Scene_16
Processing scene loading request for: Scene_17
Scene loading request processed for: Scene_17
Processing scene loading request for: Scene_18
Scene loading request processed for: Scene_18
Processing scene loading request for: Scene_19
Scene loading request processed for: Scene_19
Processing scene loading request for: Scene_20
Scene loading request processed for: Scene_20
Processing scene loading request for: Scene_21
Scene loading request processed for: Scene_21
Processing scene loading request for: Scene_22
Scene loading request processed for: Scene_22
Processing scene loading request for: Scene_23
Scene loading request processed for: Scene_23
Processing scene loading request for: Scene_24
Scene loading request processed for: Scene_24
Processing scene loading request for: Scene_25
Scene loading request processed for: Scene_25
Processing scene loading request for: Scene_26
Scene loading request processed for: Scene_26
Processing scene loading request for: Scene_27
Scene loading request processed for: Scene_27
Processing scene loading request for: Scene_28
Scene loading request processed for: Scene_28
Processing scene loading request for: Scene_29
Scene loading request processed for: Scene_29
Processing scene loading request for: Scene_30
Scene loading request processed for: Scene_30
Processing scene loading request for: Scene_31
Scene loading request processed for: Scene_31
Processing scene loading request for: Scene_32
Scene loading request processed for: Scene_32
Processing scene loading request for: Scene_33
Scene loading request processed for: Scene_33
Processing scene loading request for: Scene_34
Scene loading request processed for: Scene_34
Processing scene loading request for: Scene_35
Scene loading request processed for: Scene_35
Processing scene loading request for: Scene_36
Scene loading request processed for: Scene_36
Processing scene loading request for: Scene_37
Scene loading request processed for: Scene_37
Processing scene loading request for: Scene_38
Scene loading request processed for: Scene_38
Processing scene loading request for: Scene_39
Scene loading request processed for: Scene_39
Processing scene loading request for: Scene_40
Scene loading request processed for: Scene_40
Processing scene loading request for: Scene_41
Scene loading request processed for: Scene_41
Processing scene loading request for: Scene_42
Scene loading request processed for: Scene_42
Processing scene loading request for: Scene_43
Scene loading request processed for: Scene_43
Processing scene loading request for: Scene_44
Scene loading request processed for: Scene_44
Processing scene loading request for: Scene_45
Scene loading request processed for: Scene_45
Processing scene loading request for: Scene_46
Scene loading request processed for: Scene_46
Processing scene loading request for: Scene_47
Scene loading request processed for: Scene_47
Processing scene loading request for: Scene_48
Scene loading request processed for: Scene_48
Processing scene loading request for: Scene_49
Scene loading request processed for: Scene_49
Processing scene loading request for: Scene_50
Scene loading request processed for: Scene_50
Processing scene loading request for: Scene_51
Scene loading request processed for: Scene_51
Processing scene loading request for: Scene_52
Scene loading request processed for: Scene_52
Processing scene loading request for: Scene_53
Scene loading request processed for: Scene_53
Processing scene loading request for: Scene_54
Scene loading request processed for: Scene_54
Processing scene loading request for: Scene_55
Scene loading request processed for: Scene_55
Processing scene loading request for: Scene_56
Scene loading request processed for: Scene_56
Processing scene loading request for: Scene_57
Scene loading request processed for: Scene_57
Processing scene loading request for: Scene_58
Scene loading request processed for: Scene_58
Processing scene loading request for: Scene_59
Scene loading request processed for: Scene_59
Processing scene loading request for: Scene_60
Scene loading request processed for: Scene_60
Processing scene loading request for: Scene_61
Scene loading request processed for: Scene_61
Processing scene loading request for: Scene_62
Scene loading request processed for: Scene_62
Processing scene loading request for: Scene_63
Scene loading request processed for: Scene_63
Processing scene loading request for: Scene_64
Scene loading request processed for: Scene_64
Processing scene loading request for: Scene_65
Scene loading request processed for: Scene_65
Processing scene loading request for: Scene_66
Scene loading request processed for: Scene_66
Processing scene loading request for: Scene_67
Scene loading request processed for: Scene_67
Processing scene loading request for: Scene_68
Scene loading request processed for: Scene_68
Processing scene loading request for: Scene_69
Scene loading request processed for: Scene_69
Processing scene loading request for: Scene_70
Scene loading request processed for: Scene_70
Processing scene loading request for: Scene_71
Scene loading request processed for: Scene_71
Processing scene loading request for: Scene_72
Scene loading request processed for: Scene_72
Processing scene loading request for: Scene_73
Scene loading request processed for: Scene_73
Processing scene loading request for: Scene_74
Scene loading request processed for: Scene_74
Processing scene loading request for: Scene_75
Scene loading request processed for: Scene_75
Processing scene loading request for: Scene_76
Scene loading request processed for: Scene_76
Processing scene loading request for: Scene_77
Scene loading request processed for: Scene_77
Processing scene loading request for: Scene_78
Scene loading request processed for: Scene_78
Processing scene loading request for: Scene_79
Scene loading request processed for: Scene_79
Processing scene loading request for: Scene_80
Scene loading request processed for: Scene_80
Processing scene loading request for: Scene_81
Scene loading request processed for: Scene_81
Processing scene loading request for: Scene_82
Scene loading request processed for: Scene_82
Processing scene loading request for: Scene_83
Scene loading request processed for: Scene_83
Processing scene loading request for: Scene_84
Scene loading request processed for: Scene_84
Processing scene loading request for: Scene_85
Scene loading request processed for: Scene_85
Processing scene loading request for: Scene_86
Scene loading request processed for: Scene_86
Processing scene loading request for: Scene_87
Scene loading request processed for: Scene_87
Processing scene loading request for: Scene_88
Scene loading request processed for: Scene_88
Processing scene loading request for: Scene_89
Scene loading request processed for: Scene_89
Processing scene loading request for: Scene_90
Scene loading request processed for: Scene_90
Processing scene loading request for: Scene_91
Scene loading request processed for: Scene_91
Processing scene loading request for: Scene_92
Scene loading request processed for: Scene_92
Processing scene loading request for: Scene_93
Scene loading request processed for: Scene_93
Processing scene loading request for: Scene_94
Scene loading request processed for: Scene_94
Processing scene loading request for: Scene_95
Scene loading request processed for: Scene_95
Processing scene loading request for: Scene_96
Scene loading request processed for: Scene_96
Processing scene loading request for: Scene_97
Scene loading request processed for: Scene_97
Processing scene loading request for: Scene_98
Scene loading request processed for: Scene_98
Processing scene loading request for: Scene_99
Scene loading request processed for: Scene_99
RuntimeEntityLoaderSystem: Scene loading request processing complete.
]]></output>
                </test-case>
                <test-case id="1046" name="RuntimeEntityLoaderSystem_MixedEntities_ProcessesOnlySceneRequests" fullname="TinyWalnutGames.TTG.TerrainGeneration.Tests.RuntimeEntityLoaderSystemTests.RuntimeEntityLoaderSystem_MixedEntities_ProcessesOnlySceneRequests" methodname="RuntimeEntityLoaderSystem_MixedEntities_ProcessesOnlySceneRequests" classname="TinyWalnutGames.TTG.TerrainGeneration.Tests.RuntimeEntityLoaderSystemTests" runstate="Runnable" seed="1121163328" result="Passed" start-time="2025-07-27 22:32:40Z" end-time="2025-07-27 22:32:40Z" duration="0.035289" asserts="0">
                  <properties>
                    <property name="retryIteration" value="0" />
                    <property name="repeatIteration" value="0" />
                  </properties>
                  <output><![CDATA[RuntimeEntityLoaderSystem: Processing scene loading requests for runtime build...
Processing scene loading request for: TestScene
Scene loading request processed for: TestScene
RuntimeEntityLoaderSystem: Scene loading request processing complete.
]]></output>
                </test-case>
                <test-case id="1038" name="RuntimeEntityLoaderSystem_MultipleRequests_ProcessesAll" fullname="TinyWalnutGames.TTG.TerrainGeneration.Tests.RuntimeEntityLoaderSystemTests.RuntimeEntityLoaderSystem_MultipleRequests_ProcessesAll" methodname="RuntimeEntityLoaderSystem_MultipleRequests_ProcessesAll" classname="TinyWalnutGames.TTG.TerrainGeneration.Tests.RuntimeEntityLoaderSystemTests" runstate="Runnable" seed="1791886862" result="Passed" start-time="2025-07-27 22:32:40Z" end-time="2025-07-27 22:32:40Z" duration="0.150875" asserts="0">
                  <properties>
                    <property name="retryIteration" value="0" />
                    <property name="repeatIteration" value="0" />
                  </properties>
                  <output><![CDATA[RuntimeEntityLoaderSystem: Processing scene loading requests for runtime build...
Processing scene loading request for: TestScene_0
Scene loading request processed for: TestScene_0
Processing scene loading request for: TestScene_1
Scene loading request processed for: TestScene_1
Processing scene loading request for: TestScene_2
Scene loading request processed for: TestScene_2
Processing scene loading request for: TestScene_3
Scene loading request processed for: TestScene_3
Processing scene loading request for: TestScene_4
Scene loading request processed for: TestScene_4
RuntimeEntityLoaderSystem: Scene loading request processing complete.
]]></output>
                </test-case>
                <test-case id="1043" name="RuntimeEntityLoaderSystem_NewRequestsAfterProcessing_ProcessesNewOnes" fullname="TinyWalnutGames.TTG.TerrainGeneration.Tests.RuntimeEntityLoaderSystemTests.RuntimeEntityLoaderSystem_NewRequestsAfterProcessing_ProcessesNewOnes" methodname="RuntimeEntityLoaderSystem_NewRequestsAfterProcessing_ProcessesNewOnes" classname="TinyWalnutGames.TTG.TerrainGeneration.Tests.RuntimeEntityLoaderSystemTests" runstate="Runnable" seed="1305294207" result="Failed" start-time="2025-07-27 22:32:40Z" end-time="2025-07-27 22:32:40Z" duration="0.033922" asserts="0">
                  <properties>
                    <property name="retryIteration" value="0" />
                    <property name="repeatIteration" value="0" />
                  </properties>
                  <failure>
                    <message><![CDATA[  Expected: 2
  But was:  1
]]></message>
                    <stack-trace><![CDATA[at TinyWalnutGames.TTG.TerrainGeneration.Tests.RuntimeEntityLoaderSystemTests.RuntimeEntityLoaderSystem_NewRequestsAfterProcessing_ProcessesNewOnes () [0x000fd] in D:\Tiny Walnut Games\TWG-DOTS-TTG\Assets\TinyWalnutGames.TTG\Tests\RuntimeEntityLoaderSystemTests.cs:239
]]></stack-trace>
                  </failure>
                  <output><![CDATA[RuntimeEntityLoaderSystem: Processing scene loading requests for runtime build...
Processing scene loading request for: Scene1
Scene loading request processed for: Scene1
RuntimeEntityLoaderSystem: Scene loading request processing complete.
]]></output>
                </test-case>
                <test-case id="1042" name="RuntimeEntityLoaderSystem_RepeatedUpdates_DoesNotReprocessRequests" fullname="TinyWalnutGames.TTG.TerrainGeneration.Tests.RuntimeEntityLoaderSystemTests.RuntimeEntityLoaderSystem_RepeatedUpdates_DoesNotReprocessRequests" methodname="RuntimeEntityLoaderSystem_RepeatedUpdates_DoesNotReprocessRequests" classname="TinyWalnutGames.TTG.TerrainGeneration.Tests.RuntimeEntityLoaderSystemTests" runstate="Runnable" seed="1169133542" result="Passed" start-time="2025-07-27 22:32:40Z" end-time="2025-07-27 22:32:40Z" duration="0.030326" asserts="0">
                  <properties>
                    <property name="retryIteration" value="0" />
                    <property name="repeatIteration" value="0" />
                  </properties>
                  <output><![CDATA[RuntimeEntityLoaderSystem: Processing scene loading requests for runtime build...
Processing scene loading request for: TestScene
Scene loading request processed for: TestScene
RuntimeEntityLoaderSystem: Scene loading request processing complete.
]]></output>
                </test-case>
                <test-case id="1037" name="RuntimeEntityLoaderSystem_SceneLoadingRequest_ProcessesCorrectly" fullname="TinyWalnutGames.TTG.TerrainGeneration.Tests.RuntimeEntityLoaderSystemTests.RuntimeEntityLoaderSystem_SceneLoadingRequest_ProcessesCorrectly" methodname="RuntimeEntityLoaderSystem_SceneLoadingRequest_ProcessesCorrectly" classname="TinyWalnutGames.TTG.TerrainGeneration.Tests.RuntimeEntityLoaderSystemTests" runstate="Runnable" seed="2034085815" result="Passed" start-time="2025-07-27 22:32:40Z" end-time="2025-07-27 22:32:40Z" duration="0.028875" asserts="0">
                  <properties>
                    <property name="retryIteration" value="0" />
                    <property name="repeatIteration" value="0" />
                  </properties>
                  <output><![CDATA[RuntimeEntityLoaderSystem: Processing scene loading requests for runtime build...
Processing scene loading request for: TestScene
Scene loading request processed for: TestScene
RuntimeEntityLoaderSystem: Scene loading request processing complete.
]]></output>
                </test-case>
                <test-case id="1047" name="RuntimeEntityLoaderSystem_StatusMonitoring_ReflectsCurrentState" fullname="TinyWalnutGames.TTG.TerrainGeneration.Tests.RuntimeEntityLoaderSystemTests.RuntimeEntityLoaderSystem_StatusMonitoring_ReflectsCurrentState" methodname="RuntimeEntityLoaderSystem_StatusMonitoring_ReflectsCurrentState" classname="TinyWalnutGames.TTG.TerrainGeneration.Tests.RuntimeEntityLoaderSystemTests" runstate="Runnable" seed="530311776" result="Passed" start-time="2025-07-27 22:32:40Z" end-time="2025-07-27 22:32:40Z" duration="0.045090" asserts="0">
                  <properties>
                    <property name="retryIteration" value="0" />
                    <property name="repeatIteration" value="0" />
                  </properties>
                  <output><![CDATA[RuntimeEntityLoaderSystem: Processing scene loading requests for runtime build...
Processing scene loading request for: Scene1
Scene loading request processed for: Scene1
Processing scene loading request for: Scene2
Scene loading request processed for: Scene2
RuntimeEntityLoaderSystem: Scene loading request processing complete.
]]></output>
                </test-case>
              </test-suite>
              <test-suite type="TestFixture" id="1049" name="RuntimeTerrainManagerTests" fullname="TinyWalnutGames.TTG.TerrainGeneration.Tests.RuntimeTerrainManagerTests" classname="TinyWalnutGames.TTG.TerrainGeneration.Tests.RuntimeTerrainManagerTests" runstate="Runnable" testcasecount="20" result="Passed" start-time="2025-07-27 22:32:40Z" end-time="2025-07-27 22:32:40Z" duration="0.035488" total="20" passed="20" failed="0" inconclusive="0" skipped="0" asserts="0">
                <properties />
                <test-case id="1062" name="RuntimeTerrainManager_AutoInitializeOnStart_CanBeToggled" fullname="TinyWalnutGames.TTG.TerrainGeneration.Tests.RuntimeTerrainManagerTests.RuntimeTerrainManager_AutoInitializeOnStart_CanBeToggled" methodname="RuntimeTerrainManager_AutoInitializeOnStart_CanBeToggled" classname="TinyWalnutGames.TTG.TerrainGeneration.Tests.RuntimeTerrainManagerTests" runstate="Runnable" seed="1904720142" result="Passed" start-time="2025-07-27 22:32:40Z" end-time="2025-07-27 22:32:40Z" duration="0.000498" asserts="0">
                  <properties>
                    <property name="retryIteration" value="0" />
                    <property name="repeatIteration" value="0" />
                  </properties>
                </test-case>
                <test-case id="1065" name="RuntimeTerrainManager_CreateDefaultTerrainEntity_CanBeToggled" fullname="TinyWalnutGames.TTG.TerrainGeneration.Tests.RuntimeTerrainManagerTests.RuntimeTerrainManager_CreateDefaultTerrainEntity_CanBeToggled" methodname="RuntimeTerrainManager_CreateDefaultTerrainEntity_CanBeToggled" classname="TinyWalnutGames.TTG.TerrainGeneration.Tests.RuntimeTerrainManagerTests" runstate="Runnable" seed="241802116" result="Passed" start-time="2025-07-27 22:32:40Z" end-time="2025-07-27 22:32:40Z" duration="0.000219" asserts="0">
                  <properties>
                    <property name="retryIteration" value="0" />
                    <property name="repeatIteration" value="0" />
                  </properties>
                </test-case>
                <test-case id="1056" name="RuntimeTerrainManager_CreateTerrainGenerationRequest_WorksCorrectly" fullname="TinyWalnutGames.TTG.TerrainGeneration.Tests.RuntimeTerrainManagerTests.RuntimeTerrainManager_CreateTerrainGenerationRequest_WorksCorrectly" methodname="RuntimeTerrainManager_CreateTerrainGenerationRequest_WorksCorrectly" classname="TinyWalnutGames.TTG.TerrainGeneration.Tests.RuntimeTerrainManagerTests" runstate="Runnable" seed="872096399" result="Passed" start-time="2025-07-27 22:32:40Z" end-time="2025-07-27 22:32:40Z" duration="0.006436" asserts="0">
                  <properties>
                    <property name="retryIteration" value="0" />
                    <property name="repeatIteration" value="0" />
                  </properties>
                </test-case>
                <test-case id="1061" name="RuntimeTerrainManager_DebugLogging_CanBeToggled" fullname="TinyWalnutGames.TTG.TerrainGeneration.Tests.RuntimeTerrainManagerTests.RuntimeTerrainManager_DebugLogging_CanBeToggled" methodname="RuntimeTerrainManager_DebugLogging_CanBeToggled" classname="TinyWalnutGames.TTG.TerrainGeneration.Tests.RuntimeTerrainManagerTests" runstate="Runnable" seed="128161019" result="Passed" start-time="2025-07-27 22:32:40Z" end-time="2025-07-27 22:32:40Z" duration="0.000221" asserts="0">
                  <properties>
                    <property name="retryIteration" value="0" />
                    <property name="repeatIteration" value="0" />
                  </properties>
                </test-case>
                <test-case id="1054" name="RuntimeTerrainManager_DefaultTerrainData_HasValidValues" fullname="TinyWalnutGames.TTG.TerrainGeneration.Tests.RuntimeTerrainManagerTests.RuntimeTerrainManager_DefaultTerrainData_HasValidValues" methodname="RuntimeTerrainManager_DefaultTerrainData_HasValidValues" classname="TinyWalnutGames.TTG.TerrainGeneration.Tests.RuntimeTerrainManagerTests" runstate="Runnable" seed="186581161" result="Passed" start-time="2025-07-27 22:32:40Z" end-time="2025-07-27 22:32:40Z" duration="0.001051" asserts="0">
                  <properties>
                    <property name="retryIteration" value="0" />
                    <property name="repeatIteration" value="0" />
                  </properties>
                </test-case>
                <test-case id="1066" name="RuntimeTerrainManager_DestroyBehavior_HandlesCleanup" fullname="TinyWalnutGames.TTG.TerrainGeneration.Tests.RuntimeTerrainManagerTests.RuntimeTerrainManager_DestroyBehavior_HandlesCleanup" methodname="RuntimeTerrainManager_DestroyBehavior_HandlesCleanup" classname="TinyWalnutGames.TTG.TerrainGeneration.Tests.RuntimeTerrainManagerTests" runstate="Runnable" seed="59479265" result="Passed" start-time="2025-07-27 22:32:40Z" end-time="2025-07-27 22:32:40Z" duration="0.000487" asserts="0">
                  <properties>
                    <property name="retryIteration" value="0" />
                    <property name="repeatIteration" value="0" />
                  </properties>
                  <reason>
                    <message><![CDATA[GameObject destruction handled without errors]]></message>
                  </reason>
                </test-case>
                <test-case id="1068" name="RuntimeTerrainManager_ExtremeDelayValues_HandlesCorrectly" fullname="TinyWalnutGames.TTG.TerrainGeneration.Tests.RuntimeTerrainManagerTests.RuntimeTerrainManager_ExtremeDelayValues_HandlesCorrectly" methodname="RuntimeTerrainManager_ExtremeDelayValues_HandlesCorrectly" classname="TinyWalnutGames.TTG.TerrainGeneration.Tests.RuntimeTerrainManagerTests" runstate="Runnable" seed="1062001674" result="Passed" start-time="2025-07-27 22:32:40Z" end-time="2025-07-27 22:32:40Z" duration="0.000342" asserts="0">
                  <properties>
                    <property name="retryIteration" value="0" />
                    <property name="repeatIteration" value="0" />
                  </properties>
                </test-case>
                <test-case id="1052" name="RuntimeTerrainManager_GetSystemStatusInfo_ReturnsValidInfo" fullname="TinyWalnutGames.TTG.TerrainGeneration.Tests.RuntimeTerrainManagerTests.RuntimeTerrainManager_GetSystemStatusInfo_ReturnsValidInfo" methodname="RuntimeTerrainManager_GetSystemStatusInfo_ReturnsValidInfo" classname="TinyWalnutGames.TTG.TerrainGeneration.Tests.RuntimeTerrainManagerTests" runstate="Runnable" seed="671386549" result="Passed" start-time="2025-07-27 22:32:40Z" end-time="2025-07-27 22:32:40Z" duration="0.001004" asserts="0">
                  <properties>
                    <property name="retryIteration" value="0" />
                    <property name="repeatIteration" value="0" />
                  </properties>
                </test-case>
                <test-case id="1059" name="RuntimeTerrainManager_GetTerrainEntityCount_ReturnsValidCount" fullname="TinyWalnutGames.TTG.TerrainGeneration.Tests.RuntimeTerrainManagerTests.RuntimeTerrainManager_GetTerrainEntityCount_ReturnsValidCount" methodname="RuntimeTerrainManager_GetTerrainEntityCount_ReturnsValidCount" classname="TinyWalnutGames.TTG.TerrainGeneration.Tests.RuntimeTerrainManagerTests" runstate="Runnable" seed="1830140970" result="Passed" start-time="2025-07-27 22:32:40Z" end-time="2025-07-27 22:32:40Z" duration="0.000177" asserts="0">
                  <properties>
                    <property name="retryIteration" value="0" />
                    <property name="repeatIteration" value="0" />
                  </properties>
                </test-case>
                <test-case id="1064" name="RuntimeTerrainManager_InitializationDelay_CanBeSet" fullname="TinyWalnutGames.TTG.TerrainGeneration.Tests.RuntimeTerrainManagerTests.RuntimeTerrainManager_InitializationDelay_CanBeSet" methodname="RuntimeTerrainManager_InitializationDelay_CanBeSet" classname="TinyWalnutGames.TTG.TerrainGeneration.Tests.RuntimeTerrainManagerTests" runstate="Runnable" seed="1608500833" result="Passed" start-time="2025-07-27 22:32:40Z" end-time="2025-07-27 22:32:40Z" duration="0.000203" asserts="0">
                  <properties>
                    <property name="retryIteration" value="0" />
                    <property name="repeatIteration" value="0" />
                  </properties>
                </test-case>
                <test-case id="1050" name="RuntimeTerrainManager_InitialState_HasCorrectDefaults" fullname="TinyWalnutGames.TTG.TerrainGeneration.Tests.RuntimeTerrainManagerTests.RuntimeTerrainManager_InitialState_HasCorrectDefaults" methodname="RuntimeTerrainManager_InitialState_HasCorrectDefaults" classname="TinyWalnutGames.TTG.TerrainGeneration.Tests.RuntimeTerrainManagerTests" runstate="Runnable" seed="814143522" result="Passed" start-time="2025-07-27 22:32:40Z" end-time="2025-07-27 22:32:40Z" duration="0.000517" asserts="0">
                  <properties>
                    <property name="retryIteration" value="0" />
                    <property name="repeatIteration" value="0" />
                  </properties>
                </test-case>
                <test-case id="1067" name="RuntimeTerrainManager_InvalidSceneConfiguration_HandlesGracefully" fullname="TinyWalnutGames.TTG.TerrainGeneration.Tests.RuntimeTerrainManagerTests.RuntimeTerrainManager_InvalidSceneConfiguration_HandlesGracefully" methodname="RuntimeTerrainManager_InvalidSceneConfiguration_HandlesGracefully" classname="TinyWalnutGames.TTG.TerrainGeneration.Tests.RuntimeTerrainManagerTests" runstate="Runnable" seed="451068900" result="Passed" start-time="2025-07-27 22:32:40Z" end-time="2025-07-27 22:32:40Z" duration="0.000282" asserts="0">
                  <properties>
                    <property name="retryIteration" value="0" />
                    <property name="repeatIteration" value="0" />
                  </properties>
                </test-case>
                <test-case id="1069" name="RuntimeTerrainManager_IsInitialized_ReflectsState" fullname="TinyWalnutGames.TTG.TerrainGeneration.Tests.RuntimeTerrainManagerTests.RuntimeTerrainManager_IsInitialized_ReflectsState" methodname="RuntimeTerrainManager_IsInitialized_ReflectsState" classname="TinyWalnutGames.TTG.TerrainGeneration.Tests.RuntimeTerrainManagerTests" runstate="Runnable" seed="523522773" result="Passed" start-time="2025-07-27 22:32:40Z" end-time="2025-07-27 22:32:40Z" duration="0.000280" asserts="0">
                  <properties>
                    <property name="retryIteration" value="0" />
                    <property name="repeatIteration" value="0" />
                  </properties>
                </test-case>
                <test-case id="1060" name="RuntimeTerrainManager_IsTerrainSystemAvailable_WorksCorrectly" fullname="TinyWalnutGames.TTG.TerrainGeneration.Tests.RuntimeTerrainManagerTests.RuntimeTerrainManager_IsTerrainSystemAvailable_WorksCorrectly" methodname="RuntimeTerrainManager_IsTerrainSystemAvailable_WorksCorrectly" classname="TinyWalnutGames.TTG.TerrainGeneration.Tests.RuntimeTerrainManagerTests" runstate="Runnable" seed="556933296" result="Passed" start-time="2025-07-27 22:32:40Z" end-time="2025-07-27 22:32:40Z" duration="0.000190" asserts="0">
                  <properties>
                    <property name="retryIteration" value="0" />
                    <property name="repeatIteration" value="0" />
                  </properties>
                </test-case>
[...]
                  <properties>
                    <property name="retryIteration" value="0" />
                    <property name="repeatIteration" value="0" />
                  </properties>
                </test-case>
                <test-case id="1176" name="TerrainGenerationSystem_CompleteWorkflow_ProgressesThroughAllPhases" fullname="TinyWalnutGames.TTG.TerrainGeneration.Tests.TerrainGenerationSystemTests.TerrainGenerationSystem_CompleteWorkflow_ProgressesThroughAllPhases" methodname="TerrainGenerationSystem_CompleteWorkflow_ProgressesThroughAllPhases" classname="TinyWalnutGames.TTG.TerrainGeneration.Tests.TerrainGenerationSystemTests" runstate="Runnable" seed="1271784828" result="Passed" start-time="2025-07-27 22:32:58Z" end-time="2025-07-27 22:32:58Z" duration="0.003331" asserts="0">
                  <properties>
                    <property name="retryIteration" value="0" />
                    <property name="repeatIteration" value="0" />
                  </properties>
                </test-case>
                <test-case id="1181" name="TerrainGenerationSystem_DifferentSides_GeneratesDifferentMeshes" fullname="TinyWalnutGames.TTG.TerrainGeneration.Tests.TerrainGenerationSystemTests.TerrainGenerationSystem_DifferentSides_GeneratesDifferentMeshes" methodname="TerrainGenerationSystem_DifferentSides_GeneratesDifferentMeshes" classname="TinyWalnutGames.TTG.TerrainGeneration.Tests.TerrainGenerationSystemTests" runstate="Runnable" seed="1859698883" result="Passed" start-time="2025-07-27 22:32:58Z" end-time="2025-07-27 22:32:58Z" duration="0.001550" asserts="0">
                  <properties>
                    <property name="retryIteration" value="0" />
                    <property name="repeatIteration" value="0" />
                  </properties>
                </test-case>
                <test-case id="1177" name="TerrainGenerationSystem_MultipleEntities_ProcessedIndependently" fullname="TinyWalnutGames.TTG.TerrainGeneration.Tests.TerrainGenerationSystemTests.TerrainGenerationSystem_MultipleEntities_ProcessedIndependently" methodname="TerrainGenerationSystem_MultipleEntities_ProcessedIndependently" classname="TinyWalnutGames.TTG.TerrainGeneration.Tests.TerrainGenerationSystemTests" runstate="Runnable" seed="2015799215" result="Passed" start-time="2025-07-27 22:32:58Z" end-time="2025-07-27 22:32:58Z" duration="0.001747" asserts="0">
                  <properties>
                    <property name="retryIteration" value="0" />
                    <property name="repeatIteration" value="0" />
                  </properties>
                </test-case>
                <test-case id="1171" name="TerrainGenerationSystem_NewRequest_CreatesGenerationState" fullname="TinyWalnutGames.TTG.TerrainGeneration.Tests.TerrainGenerationSystemTests.TerrainGenerationSystem_NewRequest_CreatesGenerationState" methodname="TerrainGenerationSystem_NewRequest_CreatesGenerationState" classname="TinyWalnutGames.TTG.TerrainGeneration.Tests.TerrainGenerationSystemTests" runstate="Runnable" seed="1704168751" result="Passed" start-time="2025-07-27 22:32:58Z" end-time="2025-07-27 22:32:58Z" duration="0.001459" asserts="0">
                  <properties>
                    <property name="retryIteration" value="0" />
                    <property name="repeatIteration" value="0" />
                  </properties>
                </test-case>
                <test-case id="1178" name="TerrainGenerationSystem_NoRequestComponent_NoProcessing" fullname="TinyWalnutGames.TTG.TerrainGeneration.Tests.TerrainGenerationSystemTests.TerrainGenerationSystem_NoRequestComponent_NoProcessing" methodname="TerrainGenerationSystem_NoRequestComponent_NoProcessing" classname="TinyWalnutGames.TTG.TerrainGeneration.Tests.TerrainGenerationSystemTests" runstate="Runnable" seed="1955937282" result="Passed" start-time="2025-07-27 22:32:58Z" end-time="2025-07-27 22:32:58Z" duration="0.001404" asserts="0">
                  <properties>
                    <property name="retryIteration" value="0" />
                    <property name="repeatIteration" value="0" />
                  </properties>
                </test-case>
                <test-case id="1174" name="TerrainGenerationSystem_PlanarMeshGeometry_IsValid" fullname="TinyWalnutGames.TTG.TerrainGeneration.Tests.TerrainGenerationSystemTests.TerrainGenerationSystem_PlanarMeshGeometry_IsValid" methodname="TerrainGenerationSystem_PlanarMeshGeometry_IsValid" classname="TinyWalnutGames.TTG.TerrainGeneration.Tests.TerrainGenerationSystemTests" runstate="Runnable" seed="155070400" result="Passed" start-time="2025-07-27 22:32:58Z" end-time="2025-07-27 22:32:58Z" duration="0.001508" asserts="0">
                  <properties>
                    <property name="retryIteration" value="0" />
                    <property name="repeatIteration" value="0" />
                  </properties>
                </test-case>
                <test-case id="1172" name="TerrainGenerationSystem_PlanarShapeGeneration_CreatesMeshData" fullname="TinyWalnutGames.TTG.TerrainGeneration.Tests.TerrainGenerationSystemTests.TerrainGenerationSystem_PlanarShapeGeneration_CreatesMeshData" methodname="TerrainGenerationSystem_PlanarShapeGeneration_CreatesMeshData" classname="TinyWalnutGames.TTG.TerrainGeneration.Tests.TerrainGenerationSystemTests" runstate="Runnable" seed="1567928010" result="Passed" start-time="2025-07-27 22:32:58Z" end-time="2025-07-27 22:32:58Z" duration="0.001310" asserts="0">
                  <properties>
                    <property name="retryIteration" value="0" />
                    <property name="repeatIteration" value="0" />
                  </properties>
                </test-case>
                <test-case id="1175" name="TerrainGenerationSystem_SphericalMeshGeometry_IsValid" fullname="TinyWalnutGames.TTG.TerrainGeneration.Tests.TerrainGenerationSystemTests.TerrainGenerationSystem_SphericalMeshGeometry_IsValid" methodname="TerrainGenerationSystem_SphericalMeshGeometry_IsValid" classname="TinyWalnutGames.TTG.TerrainGeneration.Tests.TerrainGenerationSystemTests" runstate="Runnable" seed="1420783913" result="Failed" start-time="2025-07-27 22:32:58Z" end-time="2025-07-27 22:32:58Z" duration="0.001956" asserts="0">
                  <properties>
                    <property name="retryIteration" value="0" />
                    <property name="repeatIteration" value="0" />
                  </properties>
                  <failure>
                    <message><![CDATA[  Expected: True
  But was:  False
]]></message>
                    <stack-trace><![CDATA[at TinyWalnutGames.TTG.TerrainGeneration.Tests.TerrainGenerationSystemTests.TerrainGenerationSystem_SphericalMeshGeometry_IsValid () [0x000d8] in D:\Tiny Walnut Games\TWG-DOTS-TTG\Assets\TinyWalnutGames.TTG\Tests\TerrainGenerationSystemTests.cs:160
]]></stack-trace>
                  </failure>
                </test-case>
                <test-case id="1173" name="TerrainGenerationSystem_SphericalShapeGeneration_CreatesMeshData" fullname="TinyWalnutGames.TTG.TerrainGeneration.Tests.TerrainGenerationSystemTests.TerrainGenerationSystem_SphericalShapeGeneration_CreatesMeshData" methodname="TerrainGenerationSystem_SphericalShapeGeneration_CreatesMeshData" classname="TinyWalnutGames.TTG.TerrainGeneration.Tests.TerrainGenerationSystemTests" runstate="Runnable" seed="384710157" result="Passed" start-time="2025-07-27 22:32:58Z" end-time="2025-07-27 22:32:58Z" duration="0.001378" asserts="0">
                  <properties>
                    <property name="retryIteration" value="0" />
                    <property name="repeatIteration" value="0" />
                  </properties>
                </test-case>
                <test-case id="1179" name="TerrainGenerationSystem_WrongPhase_NoProcessing" fullname="TinyWalnutGames.TTG.TerrainGeneration.Tests.TerrainGenerationSystemTests.TerrainGenerationSystem_WrongPhase_NoProcessing" methodname="TerrainGenerationSystem_WrongPhase_NoProcessing" classname="TinyWalnutGames.TTG.TerrainGeneration.Tests.TerrainGenerationSystemTests" runstate="Runnable" seed="2039001015" result="Passed" start-time="2025-07-27 22:32:58Z" end-time="2025-07-27 22:32:58Z" duration="0.001400" asserts="0">
                  <properties>
                    <property name="retryIteration" value="0" />
                    <property name="repeatIteration" value="0" />
                  </properties>
                </test-case>
              </test-suite>
              <test-suite type="TestFixture" id="1182" name="TerrainGenerationWorkflowTests" fullname="TinyWalnutGames.TTG.TerrainGeneration.Tests.TerrainGenerationWorkflowTests" classname="TinyWalnutGames.TTG.TerrainGeneration.Tests.TerrainGenerationWorkflowTests" runstate="Runnable" testcasecount="7" result="Passed" start-time="2025-07-27 22:32:58Z" end-time="2025-07-27 22:32:59Z" duration="1.067732" total="7" passed="7" failed="0" inconclusive="0" skipped="0" asserts="0">
                <properties />
                <output><![CDATA[SceneLoadingSystem: 1 pending requests, 7 processed
SceneLoadingSystem: Scene 'TerrainGeneration' is already loaded
]]></output>
                <test-case id="1186" name="MultipleTerrainWorkflow_DifferentTypes_ProcessIndependently" fullname="TinyWalnutGames.TTG.TerrainGeneration.Tests.TerrainGenerationWorkflowTests.MultipleTerrainWorkflow_DifferentTypes_ProcessIndependently" methodname="MultipleTerrainWorkflow_DifferentTypes_ProcessIndependently" classname="TinyWalnutGames.TTG.TerrainGeneration.Tests.TerrainGenerationWorkflowTests" runstate="Runnable" seed="1051753029" result="Passed" start-time="2025-07-27 22:32:58Z" end-time="2025-07-27 22:32:58Z" duration="0.098476" asserts="0">
                  <properties>
                    <property name="retryIteration" value="0" />
                    <property name="repeatIteration" value="0" />
                  </properties>
                  <output><![CDATA[MeshCreationSystem: Created URP Lit default material for terrain rendering.
Terrain generation completed for entity Entity(125:21). Created mesh entity Entity(128:17) with GameObject 'GeneratedTerrain_125' containing 25 vertices and 32 triangles.
ENABLEABLE SOLUTION: Disabled MeshDataComponent for entity 125:21 - component preserved for tests but marked as processed
Terrain generation completed for entity Entity(126:19). Created mesh entity Entity(129:17) with GameObject 'GeneratedTerrain_126' containing 313 vertices and 536 triangles.
ENABLEABLE SOLUTION: Disabled MeshDataComponent for entity 126:19 - component preserved for tests but marked as processed
Terrain generation completed for entity Entity(127:17). Created mesh entity Entity(130:17) with GameObject 'GeneratedTerrain_127' containing 65 vertices and 96 triangles.
ENABLEABLE SOLUTION: Disabled MeshDataComponent for entity 127:17 - component preserved for tests but marked as processed
]]></output>
                </test-case>
                <test-case id="1183" name="PlanarTerrainWorkflow_CompleteEndToEnd_CreatesValidMesh" fullname="TinyWalnutGames.TTG.TerrainGeneration.Tests.TerrainGenerationWorkflowTests.PlanarTerrainWorkflow_CompleteEndToEnd_CreatesValidMesh" methodname="PlanarTerrainWorkflow_CompleteEndToEnd_CreatesValidMesh" classname="TinyWalnutGames.TTG.TerrainGeneration.Tests.TerrainGenerationWorkflowTests" runstate="Runnable" seed="668741443" result="Passed" start-time="2025-07-27 22:32:58Z" end-time="2025-07-27 22:32:58Z" duration="0.024332" asserts="0">
                  <properties>
                    <property name="retryIteration" value="0" />
                    <property name="repeatIteration" value="0" />
                  </properties>
                  <output><![CDATA[MeshCreationSystem: Created URP Lit default material for terrain rendering.
Terrain generation completed for entity Entity(125:23). Created mesh entity Entity(126:21) with GameObject 'GeneratedTerrain_125' containing 15 vertices and 16 triangles.
ENABLEABLE SOLUTION: Disabled MeshDataComponent for entity 125:23 - component preserved for tests but marked as processed
]]></output>
                </test-case>
                <test-case id="1185" name="PlanarTerrainWorkflow_FrameByFrame_ProgressesCorrectly" fullname="TinyWalnutGames.TTG.TerrainGeneration.Tests.TerrainGenerationWorkflowTests.PlanarTerrainWorkflow_FrameByFrame_ProgressesCorrectly" methodname="PlanarTerrainWorkflow_FrameByFrame_ProgressesCorrectly" classname="TinyWalnutGames.TTG.TerrainGeneration.Tests.TerrainGenerationWorkflowTests" runstate="Runnable" seed="1860749924" result="Passed" start-time="2025-07-27 22:32:58Z" end-time="2025-07-27 22:32:58Z" duration="0.260578" asserts="0">
                  <properties>
                    <property name="_JOINTYPE" value="UnityCombinatorial" />
                    <property name="retryIteration" value="0" />
                    <property name="repeatIteration" value="0" />
                  </properties>
                  <output><![CDATA[MeshCreationSystem: Created URP Lit default material for terrain rendering.
SceneLoadingSystem: 1 pending requests, 7 processed
SceneLoadingSystem: Scene 'TerrainGeneration' is already loaded
SceneLoadingSystem: 1 pending requests, 7 processed
SceneLoadingSystem: Scene 'TerrainGeneration' is already loaded
SceneLoadingSystem: 1 pending requests, 7 processed
SceneLoadingSystem: Scene 'TerrainGeneration' is already loaded
SceneLoadingSystem: 1 pending requests, 7 processed
SceneLoadingSystem: Scene 'TerrainGeneration' is already loaded
SceneLoadingSystem: 1 pending requests, 7 processed
SceneLoadingSystem: Scene 'TerrainGeneration' is already loaded
SceneLoadingSystem: 1 pending requests, 7 processed
SceneLoadingSystem: Scene 'TerrainGeneration' is already loaded
SceneLoadingSystem: 1 pending requests, 7 processed
SceneLoadingSystem: Scene 'TerrainGeneration' is already loaded
SceneLoadingSystem: 1 pending requests, 7 processed
SceneLoadingSystem: Scene 'TerrainGeneration' is already loaded
Terrain generation completed for entity Entity(125:25). Created mesh entity Entity(126:23) with GameObject 'GeneratedTerrain_125' containing 45 vertices and 64 triangles.
ENABLEABLE SOLUTION: Disabled MeshDataComponent for entity 125:25 - component preserved for tests but marked as processed
SceneLoadingSystem: 1 pending requests, 7 processed
SceneLoadingSystem: Scene 'TerrainGeneration' is already loaded
]]></output>
                </test-case>
                <test-case id="1184" name="SphericalTerrainWorkflow_CompleteEndToEnd_CreatesValidMesh" fullname="TinyWalnutGames.TTG.TerrainGeneration.Tests.TerrainGenerationWorkflowTests.SphericalTerrainWorkflow_CompleteEndToEnd_CreatesValidMesh" methodname="SphericalTerrainWorkflow_CompleteEndToEnd_CreatesValidMesh" classname="TinyWalnutGames.TTG.TerrainGeneration.Tests.TerrainGenerationWorkflowTests" runstate="Runnable" seed="811831416" result="Passed" start-time="2025-07-27 22:32:58Z" end-time="2025-07-27 22:32:58Z" duration="0.029274" asserts="0">
                  <properties>
                    <property name="retryIteration" value="0" />
                    <property name="repeatIteration" value="0" />
                  </properties>
                  <output><![CDATA[MeshCreationSystem: Created URP Lit default material for terrain rendering.
Terrain generation completed for entity Entity(125:27). Created mesh entity Entity(126:25) with GameObject 'GeneratedTerrain_125' containing 95 vertices and 154 triangles.
ENABLEABLE SOLUTION: Disabled MeshDataComponent for entity 125:27 - component preserved for tests but marked as processed
]]></output>
                </test-case>
                <test-case id="1189" name="TerrainWorkflow_RepeatedExecution_ProducesConsistentResults" fullname="TinyWalnutGames.TTG.TerrainGeneration.Tests.TerrainGenerationWorkflowTests.TerrainWorkflow_RepeatedExecution_ProducesConsistentResults" methodname="TerrainWorkflow_RepeatedExecution_ProducesConsistentResults" classname="TinyWalnutGames.TTG.TerrainGeneration.Tests.TerrainGenerationWorkflowTests" runstate="Runnable" seed="1608931434" result="Passed" start-time="2025-07-27 22:32:58Z" end-time="2025-07-27 22:32:59Z" duration="0.044866" asserts="0">
                  <properties>
                    <property name="retryIteration" value="0" />
                    <property name="repeatIteration" value="0" />
                  </properties>
                  <output><![CDATA[MeshCreationSystem: Created URP Lit default material for terrain rendering.
Terrain generation completed for entity Entity(125:29). Created mesh entity Entity(126:27) with GameObject 'GeneratedTerrain_125' containing 45 vertices and 64 triangles.
ENABLEABLE SOLUTION: Disabled MeshDataComponent for entity 125:29 - component preserved for tests but marked as processed
Terrain generation completed for entity Entity(127:19). Created mesh entity Entity(128:19) with GameObject 'GeneratedTerrain_127' containing 45 vertices and 64 triangles.
ENABLEABLE SOLUTION: Disabled MeshDataComponent for entity 127:19 - component preserved for tests but marked as processed
]]></output>
                </test-case>
                <test-case id="1187" name="TerrainWorkflow_WithCustomTerraces_AppliesCorrectly" fullname="TinyWalnutGames.TTG.TerrainGeneration.Tests.TerrainGenerationWorkflowTests.TerrainWorkflow_WithCustomTerraces_AppliesCorrectly" methodname="TerrainWorkflow_WithCustomTerraces_AppliesCorrectly" classname="TinyWalnutGames.TTG.TerrainGeneration.Tests.TerrainGenerationWorkflowTests" runstate="Runnable" seed="950245012" result="Passed" start-time="2025-07-27 22:32:59Z" end-time="2025-07-27 22:32:59Z" duration="0.026961" asserts="0">
                  <properties>
                    <property name="retryIteration" value="0" />
                    <property name="repeatIteration" value="0" />
                  </properties>
                  <output><![CDATA[MeshCreationSystem: Created URP Lit default material for terrain rendering.
Terrain generation completed for entity Entity(125:31). Created mesh entity Entity(126:29) with GameObject 'GeneratedTerrain_125' containing 71 vertices and 100 triangles.
ENABLEABLE SOLUTION: Disabled MeshDataComponent for entity 125:31 - component preserved for tests but marked as processed
]]></output>
                </test-case>
                <test-case id="1188" name="TerrainWorkflow_WithHighDetail_CompletesSuccessfully" fullname="TinyWalnutGames.TTG.TerrainGeneration.Tests.TerrainGenerationWorkflowTests.TerrainWorkflow_WithHighDetail_CompletesSuccessfully" methodname="TerrainWorkflow_WithHighDetail_CompletesSuccessfully" classname="TinyWalnutGames.TTG.TerrainGeneration.Tests.TerrainGenerationWorkflowTests" runstate="Runnable" seed="1310469252" result="Passed" start-time="2025-07-27 22:32:59Z" end-time="2025-07-27 22:32:59Z" duration="0.506322" asserts="0">
                  <properties>
                    <property name="retryIteration" value="0" />
                    <property name="repeatIteration" value="0" />
                  </properties>
                  <output><![CDATA[MeshCreationSystem: Created URP Lit default material for terrain rendering.
Terrain generation completed for entity Entity(125:33). Created mesh entity Entity(126:31) with GameObject 'GeneratedTerrain_125' containing 1835 vertices and 3079 triangles.
ENABLEABLE SOLUTION: Disabled MeshDataComponent for entity 125:33 - component preserved for tests but marked as processed
Saving results to: C:/Users/Jerry/AppData/LocalLow/Tiny Walnut Games/TWG-DOTS-TTG\TestResults.xml
]]></output>
                </test-case>
              </test-suite>
            </test-suite>
          </test-suite>
        </test-suite>
      </test-suite>
    </test-suite>
  </test-suite>
</test-run>