<?xml version="1.0" encoding="utf-8"?>
<test-run id="2" testcasecount="175" result="Failed(Child)" total="175" passed="162" failed="13" inconclusive="0" skipped="0" asserts="0" engine-version="3.5.0.0" clr-version="4.0.30319.42000" start-time="2025-07-31 23:37:56Z" end-time="2025-07-31 23:38:14Z" duration="18.4155195">
  <test-suite type="TestSuite" id="1198" name="TWG-DOTS-TTG" fullname="TWG-DOTS-TTG" runstate="Runnable" testcasecount="175" result="Failed" site="Child" start-time="2025-07-31 23:37:56Z" end-time="2025-07-31 23:38:14Z" duration="18.415520" total="175" passed="162" failed="13" inconclusive="0" skipped="0" asserts="0">
    <properties>
      <property name="platform" value="PlayMode" />
    </properties>
    <failure>
      <message><![CDATA[One or more child tests had errors]]></message>
    </failure>
    <test-suite type="Assembly" id="1190" name="TinyWalnutGames.TTG.TerrainGeneration.Tests.dll" fullname="D:/Tiny Walnut Games/TWG-DOTS-TTG/Library/ScriptAssemblies/TinyWalnutGames.TTG.TerrainGeneration.Tests.dll" runstate="Runnable" testcasecount="175" result="Failed" site="Child" start-time="2025-07-31 23:37:56Z" end-time="2025-07-31 23:38:14Z" duration="18.396429" total="175" passed="162" failed="13" inconclusive="0" skipped="0" asserts="0">
      <properties>
        <property name="_PID" value="18828" />
        <property name="_APPDOMAIN" value="Unity Child Domain" />
        <property name="platform" value="PlayMode" />
        <property name="EditorOnly" value="False" />
      </properties>
      <failure>
        <message><![CDATA[One or more child tests had errors]]></message>
      </failure>
      <test-suite type="TestSuite" id="1191" name="TinyWalnutGames" fullname="TinyWalnutGames" runstate="Runnable" testcasecount="175" result="Failed" site="Child" start-time="2025-07-31 23:37:56Z" end-time="2025-07-31 23:38:14Z" duration="18.387291" total="175" passed="162" failed="13" inconclusive="0" skipped="0" asserts="0">
        <properties />
        <failure>
          <message><![CDATA[One or more child tests had errors]]></message>
        </failure>
        <test-suite type="TestSuite" id="1192" name="TTG" fullname="TinyWalnutGames.TTG" runstate="Runnable" testcasecount="175" result="Failed" site="Child" start-time="2025-07-31 23:37:56Z" end-time="2025-07-31 23:38:14Z" duration="18.380466" total="175" passed="162" failed="13" inconclusive="0" skipped="0" asserts="0">
          <properties />
          <failure>
            <message><![CDATA[One or more child tests had errors]]></message>
          </failure>
          <test-suite type="TestSuite" id="1193" name="TerrainGeneration" fullname="TinyWalnutGames.TTG.TerrainGeneration" runstate="Runnable" testcasecount="175" result="Failed" site="Child" start-time="2025-07-31 23:37:56Z" end-time="2025-07-31 23:38:14Z" duration="18.371477" total="175" passed="162" failed="13" inconclusive="0" skipped="0" asserts="0">
            <properties />
            <failure>
              <message><![CDATA[One or more child tests had errors]]></message>
            </failure>
            <test-suite type="TestSuite" id="1194" name="Tests" fullname="TinyWalnutGames.TTG.TerrainGeneration.Tests" runstate="Runnable" testcasecount="175" result="Failed" site="Child" start-time="2025-07-31 23:37:56Z" end-time="2025-07-31 23:38:14Z" duration="18.363380" total="175" passed="162" failed="13" inconclusive="0" skipped="0" asserts="0">
              <properties />
              <failure>
                <message><![CDATA[One or more child tests had errors]]></message>
              </failure>
              <test-suite type="TestFixture" id="1001" name="ECSTestsFixtureVerificationTests" fullname="TinyWalnutGames.TTG.TerrainGeneration.Tests.ECSTestsFixtureVerificationTests" classname="TinyWalnutGames.TTG.TerrainGeneration.Tests.ECSTestsFixtureVerificationTests" runstate="Runnable" testcasecount="2" result="Passed" start-time="2025-07-31 23:37:56Z" end-time="2025-07-31 23:37:56Z" duration="0.088507" total="2" passed="2" failed="0" inconclusive="0" skipped="0" asserts="0">
                <properties />
                <test-case id="1002" name="ECSTestsFixture_CanCreateEntities" fullname="TinyWalnutGames.TTG.TerrainGeneration.Tests.ECSTestsFixtureVerificationTests.ECSTestsFixture_CanCreateEntities" methodname="ECSTestsFixture_CanCreateEntities" classname="TinyWalnutGames.TTG.TerrainGeneration.Tests.ECSTestsFixtureVerificationTests" runstate="Runnable" seed="1074822698" result="Passed" start-time="2025-07-31 23:37:56Z" end-time="2025-07-31 23:37:56Z" duration="0.054558" asserts="0">
                  <properties>
                    <property name="retryIteration" value="0" />
                    <property name="repeatIteration" value="0" />
                  </properties>
                </test-case>
                <test-case id="1003" name="ECSTestsFixture_WorldIsValid" fullname="TinyWalnutGames.TTG.TerrainGeneration.Tests.ECSTestsFixtureVerificationTests.ECSTestsFixture_WorldIsValid" methodname="ECSTestsFixture_WorldIsValid" classname="TinyWalnutGames.TTG.TerrainGeneration.Tests.ECSTestsFixtureVerificationTests" runstate="Runnable" seed="1177958225" result="Passed" start-time="2025-07-31 23:37:56Z" end-time="2025-07-31 23:37:56Z" duration="0.001669" asserts="0">
                  <properties>
                    <property name="retryIteration" value="0" />
                    <property name="repeatIteration" value="0" />
                  </properties>
                </test-case>
              </test-suite>
              <test-suite type="TestFixture" id="1004" name="MeshCreationSystemTests" fullname="TinyWalnutGames.TTG.TerrainGeneration.Tests.MeshCreationSystemTests" classname="TinyWalnutGames.TTG.TerrainGeneration.Tests.MeshCreationSystemTests" runstate="Runnable" testcasecount="10" result="Passed" start-time="2025-07-31 23:37:56Z" end-time="2025-07-31 23:37:56Z" duration="0.220868" total="10" passed="10" failed="0" inconclusive="0" skipped="0" asserts="0">
                <properties />
                <test-case id="1010" name="MeshCreationSystem_AlreadyProcessed_DoesNotReprocess" fullname="TinyWalnutGames.TTG.TerrainGeneration.Tests.MeshCreationSystemTests.MeshCreationSystem_AlreadyProcessed_DoesNotReprocess" methodname="MeshCreationSystem_AlreadyProcessed_DoesNotReprocess" classname="TinyWalnutGames.TTG.TerrainGeneration.Tests.MeshCreationSystemTests" runstate="Runnable" seed="846030187" result="Passed" start-time="2025-07-31 23:37:56Z" end-time="2025-07-31 23:37:56Z" duration="0.057031" asserts="0">
                  <properties>
                    <property name="retryIteration" value="0" />
                    <property name="repeatIteration" value="0" />
                  </properties>
                  <output><![CDATA[MeshCreationSystem: Created URP Lit default material for terrain rendering.
Terrain generation completed for entity Entity(84:1). Created mesh entity Entity(85:1) with GameObject 'GeneratedTerrain_84' containing 3 vertices and 1 triangles.
ENABLEABLE SOLUTION: Disabled MeshDataComponent for entity 84:1 - component preserved for tests but marked as processed
]]></output>
                </test-case>
                <test-case id="1008" name="MeshCreationSystem_BlobAssetCleanup_DisposesCorrectly" fullname="TinyWalnutGames.TTG.TerrainGeneration.Tests.MeshCreationSystemTests.MeshCreationSystem_BlobAssetCleanup_DisposesCorrectly" methodname="MeshCreationSystem_BlobAssetCleanup_DisposesCorrectly" classname="TinyWalnutGames.TTG.TerrainGeneration.Tests.MeshCreationSystemTests" runstate="Runnable" seed="1297901825" result="Passed" start-time="2025-07-31 23:37:56Z" end-time="2025-07-31 23:37:56Z" duration="0.015161" asserts="0">
                  <properties>
                    <property name="retryIteration" value="0" />
                    <property name="repeatIteration" value="0" />
                  </properties>
                  <output><![CDATA[MeshCreationSystem: Created URP Lit default material for terrain rendering.
Terrain generation completed for entity Entity(84:3). Created mesh entity Entity(85:3) with GameObject 'GeneratedTerrain_84' containing 3 vertices and 1 triangles.
ENABLEABLE SOLUTION: Disabled MeshDataComponent for entity 84:3 - component preserved for tests but marked as processed
]]></output>
                </test-case>
                <test-case id="1005" name="MeshCreationSystem_CompleteTerrain_CreatesMeshAndGameObject" fullname="TinyWalnutGames.TTG.TerrainGeneration.Tests.MeshCreationSystemTests.MeshCreationSystem_CompleteTerrain_CreatesMeshAndGameObject" methodname="MeshCreationSystem_CompleteTerrain_CreatesMeshAndGameObject" classname="TinyWalnutGames.TTG.TerrainGeneration.Tests.MeshCreationSystemTests" runstate="Runnable" seed="673760501" result="Passed" start-time="2025-07-31 23:37:56Z" end-time="2025-07-31 23:37:56Z" duration="0.017403" asserts="0">
                  <properties>
                    <property name="retryIteration" value="0" />
                    <property name="repeatIteration" value="0" />
                  </properties>
                  <output><![CDATA[MeshCreationSystem: Created URP Lit default material for terrain rendering.
Terrain generation completed for entity Entity(84:5). Created mesh entity Entity(85:5) with GameObject 'GeneratedTerrain_84' containing 3 vertices and 1 triangles.
ENABLEABLE SOLUTION: Disabled MeshDataComponent for entity 84:5 - component preserved for tests but marked as processed
]]></output>
                </test-case>
                <test-case id="1013" name="MeshCreationSystem_CreatedMesh_HasValidGeometry" fullname="TinyWalnutGames.TTG.TerrainGeneration.Tests.MeshCreationSystemTests.MeshCreationSystem_CreatedMesh_HasValidGeometry" methodname="MeshCreationSystem_CreatedMesh_HasValidGeometry" classname="TinyWalnutGames.TTG.TerrainGeneration.Tests.MeshCreationSystemTests" runstate="Runnable" seed="1838215909" result="Passed" start-time="2025-07-31 23:37:56Z" end-time="2025-07-31 23:37:56Z" duration="0.016157" asserts="0">
                  <properties>
                    <property name="retryIteration" value="0" />
                    <property name="repeatIteration" value="0" />
                  </properties>
                  <output><![CDATA[MeshCreationSystem: Created URP Lit default material for terrain rendering.
Terrain generation completed for entity Entity(84:7). Created mesh entity Entity(85:7) with GameObject 'GeneratedTerrain_84' containing 4 vertices and 2 triangles.
ENABLEABLE SOLUTION: Disabled MeshDataComponent for entity 84:7 - component preserved for tests but marked as processed
]]></output>
                </test-case>
                <test-case id="1014" name="MeshCreationSystem_GameObjectNaming_IsConsistent" fullname="TinyWalnutGames.TTG.TerrainGeneration.Tests.MeshCreationSystemTests.MeshCreationSystem_GameObjectNaming_IsConsistent" methodname="MeshCreationSystem_GameObjectNaming_IsConsistent" classname="TinyWalnutGames.TTG.TerrainGeneration.Tests.MeshCreationSystemTests" runstate="Runnable" seed="272603778" result="Passed" start-time="2025-07-31 23:37:56Z" end-time="2025-07-31 23:37:56Z" duration="0.022595" asserts="0">
                  <properties>
                    <property name="retryIteration" value="0" />
                    <property name="repeatIteration" value="0" />
                  </properties>
                  <output><![CDATA[MeshCreationSystem: Created URP Lit default material for terrain rendering.
Terrain generation completed for entity Entity(84:9). Created mesh entity Entity(86:1) with GameObject 'GeneratedTerrain_84' containing 3 vertices and 1 triangles.
ENABLEABLE SOLUTION: Disabled MeshDataComponent for entity 84:9 - component preserved for tests but marked as processed
Terrain generation completed for entity Entity(85:9). Created mesh entity Entity(87:1) with GameObject 'GeneratedTerrain_85' containing 3 vertices and 1 triangles.
ENABLEABLE SOLUTION: Disabled MeshDataComponent for entity 85:9 - component preserved for tests but marked as processed
]]></output>
                </test-case>
                <test-case id="1009" name="MeshCreationSystem_IncompleteGeneration_DoesNotProcess" fullname="TinyWalnutGames.TTG.TerrainGeneration.Tests.MeshCreationSystemTests.MeshCreationSystem_IncompleteGeneration_DoesNotProcess" methodname="MeshCreationSystem_IncompleteGeneration_DoesNotProcess" classname="TinyWalnutGames.TTG.TerrainGeneration.Tests.MeshCreationSystemTests" runstate="Runnable" seed="1727635581" result="Passed" start-time="2025-07-31 23:37:56Z" end-time="2025-07-31 23:37:56Z" duration="0.006283" asserts="0">
                  <properties>
                    <property name="retryIteration" value="0" />
                    <property name="repeatIteration" value="0" />
                  </properties>
                  <output><![CDATA[MeshCreationSystem: Created URP Lit default material for terrain rendering.
]]></output>
                </test-case>
                <test-case id="1012" name="MeshCreationSystem_MeshEntity_HasCorrectComponents" fullname="TinyWalnutGames.TTG.TerrainGeneration.Tests.MeshCreationSystemTests.MeshCreationSystem_MeshEntity_HasCorrectComponents" methodname="MeshCreationSystem_MeshEntity_HasCorrectComponents" classname="TinyWalnutGames.TTG.TerrainGeneration.Tests.MeshCreationSystemTests" runstate="Runnable" seed="990568378" result="Passed" start-time="2025-07-31 23:37:56Z" end-time="2025-07-31 23:37:56Z" duration="0.014285" asserts="0">
                  <properties>
                    <property name="retryIteration" value="0" />
                    <property name="repeatIteration" value="0" />
                  </properties>
                  <output><![CDATA[MeshCreationSystem: Created URP Lit default material for terrain rendering.
Terrain generation completed for entity Entity(84:13). Created mesh entity Entity(85:11) with GameObject 'GeneratedTerrain_84' containing 3 vertices and 1 triangles.
ENABLEABLE SOLUTION: Disabled MeshDataComponent for entity 84:13 - component preserved for tests but marked as processed
]]></output>
                </test-case>
                <test-case id="1011" name="MeshCreationSystem_MultipleEntities_ProcessesAll" fullname="TinyWalnutGames.TTG.TerrainGeneration.Tests.MeshCreationSystemTests.MeshCreationSystem_MultipleEntities_ProcessesAll" methodname="MeshCreationSystem_MultipleEntities_ProcessesAll" classname="TinyWalnutGames.TTG.TerrainGeneration.Tests.MeshCreationSystemTests" runstate="Runnable" seed="1787105605" result="Passed" start-time="2025-07-31 23:37:56Z" end-time="2025-07-31 23:37:56Z" duration="0.028530" asserts="0">
                  <properties>
                    <property name="retryIteration" value="0" />
                    <property name="repeatIteration" value="0" />
                  </properties>
                  <output><![CDATA[MeshCreationSystem: Created URP Lit default material for terrain rendering.
Terrain generation completed for entity Entity(84:15). Created mesh entity Entity(87:3) with GameObject 'GeneratedTerrain_84' containing 3 vertices and 1 triangles.
ENABLEABLE SOLUTION: Disabled MeshDataComponent for entity 84:15 - component preserved for tests but marked as processed
Terrain generation completed for entity Entity(85:13). Created mesh entity Entity(88:1) with GameObject 'GeneratedTerrain_85' containing 4 vertices and 1 triangles.
ENABLEABLE SOLUTION: Disabled MeshDataComponent for entity 85:13 - component preserved for tests but marked as processed
Terrain generation completed for entity Entity(86:3). Created mesh entity Entity(89:1) with GameObject 'GeneratedTerrain_86' containing 3 vertices and 1 triangles.
ENABLEABLE SOLUTION: Disabled MeshDataComponent for entity 86:3 - component preserved for tests but marked as processed
]]></output>
                </test-case>
                <test-case id="1006" name="MeshCreationSystem_URPMaterialFallback_CreatesValidMaterial" fullname="TinyWalnutGames.TTG.TerrainGeneration.Tests.MeshCreationSystemTests.MeshCreationSystem_URPMaterialFallback_CreatesValidMaterial" methodname="MeshCreationSystem_URPMaterialFallback_CreatesValidMaterial" classname="TinyWalnutGames.TTG.TerrainGeneration.Tests.MeshCreationSystemTests" runstate="Runnable" seed="1053854674" result="Passed" start-time="2025-07-31 23:37:56Z" end-time="2025-07-31 23:37:56Z" duration="0.013771" asserts="0">
                  <properties>
                    <property name="retryIteration" value="0" />
                    <property name="repeatIteration" value="0" />
                  </properties>
                  <output><![CDATA[MeshCreationSystem: Created URP Lit default material for terrain rendering.
Terrain generation completed for entity Entity(84:17). Created mesh entity Entity(85:15) with GameObject 'GeneratedTerrain_84' containing 3 vertices and 1 triangles.
ENABLEABLE SOLUTION: Disabled MeshDataComponent for entity 84:17 - component preserved for tests but marked as processed
]]></output>
                </test-case>
                <test-case id="1007" name="MeshCreationSystem_WithCustomMaterials_AppliesCorrectly" fullname="TinyWalnutGames.TTG.TerrainGeneration.Tests.MeshCreationSystemTests.MeshCreationSystem_WithCustomMaterials_AppliesCorrectly" methodname="MeshCreationSystem_WithCustomMaterials_AppliesCorrectly" classname="TinyWalnutGames.TTG.TerrainGeneration.Tests.MeshCreationSystemTests" runstate="Runnable" seed="810151501" result="Passed" start-time="2025-07-31 23:37:56Z" end-time="2025-07-31 23:37:56Z" duration="0.019407" asserts="0">
                  <properties>
                    <property name="retryIteration" value="0" />
                    <property name="repeatIteration" value="0" />
                  </properties>
                  <output><![CDATA[MeshCreationSystem: Created URP Lit default material for terrain rendering.
Terrain generation completed for entity Entity(84:19). Created mesh entity Entity(85:17) with GameObject 'GeneratedTerrain_84' containing 3 vertices and 1 triangles.
ENABLEABLE SOLUTION: Disabled MeshDataComponent for entity 84:19 - component preserved for tests but marked as processed
]]></output>
                </test-case>
              </test-suite>
              <test-suite type="TestFixture" id="1015" name="RuntimeDebugConsoleTests" fullname="TinyWalnutGames.TTG.TerrainGeneration.Tests.RuntimeDebugConsoleTests" classname="TinyWalnutGames.TTG.TerrainGeneration.Tests.RuntimeDebugConsoleTests" runstate="Runnable" testcasecount="19" result="Passed" start-time="2025-07-31 23:37:56Z" end-time="2025-07-31 23:37:57Z" duration="0.596195" total="19" passed="19" failed="0" inconclusive="0" skipped="0" asserts="0">
                <properties />
                <test-case id="1022" name="RuntimeDebugConsole_AutoScroll_CanBeToggled" fullname="TinyWalnutGames.TTG.TerrainGeneration.Tests.RuntimeDebugConsoleTests.RuntimeDebugConsole_AutoScroll_CanBeToggled" methodname="RuntimeDebugConsole_AutoScroll_CanBeToggled" classname="TinyWalnutGames.TTG.TerrainGeneration.Tests.RuntimeDebugConsoleTests" runstate="Runnable" seed="504052840" result="Passed" start-time="2025-07-31 23:37:56Z" end-time="2025-07-31 23:37:56Z" duration="0.067855" asserts="0">
                  <properties>
                    <property name="retryIteration" value="0" />
                    <property name="repeatIteration" value="0" />
                  </properties>
                  <output><![CDATA[RuntimeDebugConsole: Using NewInputSystem for input handling.
RuntimeDebugConsole: Using NewInputSystem for input handling.
Runtime Debug Console initialized. Press BackQuote to toggle visibility.
Console will automatically find and integrate with RuntimeTerrainManager if present.
]]></output>
                </test-case>
                <test-case id="1021" name="RuntimeDebugConsole_BackgroundOpacity_CanBeSet" fullname="TinyWalnutGames.TTG.TerrainGeneration.Tests.RuntimeDebugConsoleTests.RuntimeDebugConsole_BackgroundOpacity_CanBeSet" methodname="RuntimeDebugConsole_BackgroundOpacity_CanBeSet" classname="TinyWalnutGames.TTG.TerrainGeneration.Tests.RuntimeDebugConsoleTests" runstate="Runnable" seed="462288642" result="Passed" start-time="2025-07-31 23:37:56Z" end-time="2025-07-31 23:37:56Z" duration="0.025655" asserts="0">
                  <properties>
                    <property name="retryIteration" value="0" />
                    <property name="repeatIteration" value="0" />
                  </properties>
                  <output><![CDATA[RuntimeDebugConsole: Using NewInputSystem for input handling.
RuntimeDebugConsole: Using NewInputSystem for input handling.
Runtime Debug Console initialized. Press BackQuote to toggle visibility.
Console will automatically find and integrate with RuntimeTerrainManager if present.
]]></output>
                </test-case>
                <test-case id="1029" name="RuntimeDebugConsole_ComponentDestruction_HandlesCorrectly" fullname="TinyWalnutGames.TTG.TerrainGeneration.Tests.RuntimeDebugConsoleTests.RuntimeDebugConsole_ComponentDestruction_HandlesCorrectly" methodname="RuntimeDebugConsole_ComponentDestruction_HandlesCorrectly" classname="TinyWalnutGames.TTG.TerrainGeneration.Tests.RuntimeDebugConsoleTests" runstate="Runnable" seed="787963193" result="Passed" start-time="2025-07-31 23:37:56Z" end-time="2025-07-31 23:37:56Z" duration="0.030859" asserts="0">
                  <properties>
                    <property name="retryIteration" value="0" />
                    <property name="repeatIteration" value="0" />
                  </properties>
                  <output><![CDATA[RuntimeDebugConsole: Using NewInputSystem for input handling.
RuntimeDebugConsole: Using NewInputSystem for input handling.
Runtime Debug Console initialized. Press BackQuote to toggle visibility.
Console will automatically find and integrate with RuntimeTerrainManager if present.
RuntimeDebugConsole: Using NewInputSystem for input handling.
]]></output>
                </test-case>
                <test-case id="1017" name="RuntimeDebugConsole_Configuration_CanBeModified" fullname="TinyWalnutGames.TTG.TerrainGeneration.Tests.RuntimeDebugConsoleTests.RuntimeDebugConsole_Configuration_CanBeModified" methodname="RuntimeDebugConsole_Configuration_CanBeModified" classname="TinyWalnutGames.TTG.TerrainGeneration.Tests.RuntimeDebugConsoleTests" runstate="Runnable" seed="191523093" result="Passed" start-time="2025-07-31 23:37:56Z" end-time="2025-07-31 23:37:56Z" duration="0.025762" asserts="0">
                  <properties>
                    <property name="retryIteration" value="0" />
                    <property name="repeatIteration" value="0" />
                  </properties>
                  <output><![CDATA[RuntimeDebugConsole: Using NewInputSystem for input handling.
RuntimeDebugConsole: Using NewInputSystem for input handling.
Runtime Debug Console initialized. Press BackQuote to toggle visibility.
Console will automatically find and integrate with RuntimeTerrainManager if present.
]]></output>
                </test-case>
                <test-case id="1025" name="RuntimeDebugConsole_ConsoleComponents_CanBeAccessed" fullname="TinyWalnutGames.TTG.TerrainGeneration.Tests.RuntimeDebugConsoleTests.RuntimeDebugConsole_ConsoleComponents_CanBeAccessed" methodname="RuntimeDebugConsole_ConsoleComponents_CanBeAccessed" classname="TinyWalnutGames.TTG.TerrainGeneration.Tests.RuntimeDebugConsoleTests" runstate="Runnable" seed="849573296" result="Passed" start-time="2025-07-31 23:37:56Z" end-time="2025-07-31 23:37:56Z" duration="0.027241" asserts="0">
                  <properties>
                    <property name="retryIteration" value="0" />
                    <property name="repeatIteration" value="0" />
                  </properties>
                  <output><![CDATA[RuntimeDebugConsole: Using NewInputSystem for input handling.
RuntimeDebugConsole: Using NewInputSystem for input handling.
Runtime Debug Console initialized. Press BackQuote to toggle visibility.
Console will automatically find and integrate with RuntimeTerrainManager if present.
]]></output>
                </test-case>
                <test-case id="1030" name="RuntimeDebugConsole_ErrorHandling_GracefulDegradation" fullname="TinyWalnutGames.TTG.TerrainGeneration.Tests.RuntimeDebugConsoleTests.RuntimeDebugConsole_ErrorHandling_GracefulDegradation" methodname="RuntimeDebugConsole_ErrorHandling_GracefulDegradation" classname="TinyWalnutGames.TTG.TerrainGeneration.Tests.RuntimeDebugConsoleTests" runstate="Runnable" seed="1726167741" result="Passed" start-time="2025-07-31 23:37:56Z" end-time="2025-07-31 23:37:56Z" duration="0.043020" asserts="0">
                  <properties>
                    <property name="retryIteration" value="0" />
                    <property name="repeatIteration" value="0" />
                  </properties>
                  <output><![CDATA[RuntimeDebugConsole: Using NewInputSystem for input handling.
RuntimeDebugConsole: Using NewInputSystem for input handling.
Runtime Debug Console initialized. Press BackQuote to toggle visibility.
Console will automatically find and integrate with RuntimeTerrainManager if present.
RuntimeDebugConsole: Using NewInputSystem for input handling.
[Empty log message]
[Empty log message]
[Empty log message]
]]></output>
                </test-case>
                <test-case id="1028" name="RuntimeDebugConsole_GameObjectCreation_WorksCorrectly" fullname="TinyWalnutGames.TTG.TerrainGeneration.Tests.RuntimeDebugConsoleTests.RuntimeDebugConsole_GameObjectCreation_WorksCorrectly" methodname="RuntimeDebugConsole_GameObjectCreation_WorksCorrectly" classname="TinyWalnutGames.TTG.TerrainGeneration.Tests.RuntimeDebugConsoleTests" runstate="Runnable" seed="222274890" result="Passed" start-time="2025-07-31 23:37:56Z" end-time="2025-07-31 23:37:56Z" duration="0.029626" asserts="0">
                  <properties>
                    <property name="retryIteration" value="0" />
                    <property name="repeatIteration" value="0" />
                  </properties>
                  <output><![CDATA[RuntimeDebugConsole: Using NewInputSystem for input handling.
RuntimeDebugConsole: Using NewInputSystem for input handling.
Runtime Debug Console initialized. Press BackQuote to toggle visibility.
Console will automatically find and integrate with RuntimeTerrainManager if present.
RuntimeDebugConsole: Using NewInputSystem for input handling.
]]></output>
                </test-case>
                <test-case id="1016" name="RuntimeDebugConsole_InitialState_IsCorrect" fullname="TinyWalnutGames.TTG.TerrainGeneration.Tests.RuntimeDebugConsoleTests.RuntimeDebugConsole_InitialState_IsCorrect" methodname="RuntimeDebugConsole_InitialState_IsCorrect" classname="TinyWalnutGames.TTG.TerrainGeneration.Tests.RuntimeDebugConsoleTests" runstate="Runnable" seed="688988437" result="Passed" start-time="2025-07-31 23:37:56Z" end-time="2025-07-31 23:37:56Z" duration="0.026078" asserts="0">
                  <properties>
                    <property name="retryIteration" value="0" />
                    <property name="repeatIteration" value="0" />
                  </properties>
                  <output><![CDATA[RuntimeDebugConsole: Using NewInputSystem for input handling.
RuntimeDebugConsole: Using NewInputSystem for input handling.
Runtime Debug Console initialized. Press BackQuote to toggle visibility.
Console will automatically find and integrate with RuntimeTerrainManager if present.
]]></output>
                </test-case>
                <test-case id="1033" name="RuntimeDebugConsole_InputMethodEnum_IsValid" fullname="TinyWalnutGames.TTG.TerrainGeneration.Tests.RuntimeDebugConsoleTests.RuntimeDebugConsole_InputMethodEnum_IsValid" methodname="RuntimeDebugConsole_InputMethodEnum_IsValid" classname="TinyWalnutGames.TTG.TerrainGeneration.Tests.RuntimeDebugConsoleTests" runstate="Runnable" seed="858741274" result="Passed" start-time="2025-07-31 23:37:56Z" end-time="2025-07-31 23:37:56Z" duration="0.023314" asserts="0">
                  <properties>
                    <property name="retryIteration" value="0" />
                    <property name="repeatIteration" value="0" />
                  </properties>
                  <output><![CDATA[RuntimeDebugConsole: Using NewInputSystem for input handling.
RuntimeDebugConsole: Using NewInputSystem for input handling.
Runtime Debug Console initialized. Press BackQuote to toggle visibility.
Console will automatically find and integrate with RuntimeTerrainManager if present.
]]></output>
                </test-case>
                <test-case id="1018" name="RuntimeDebugConsole_InputMode_Configuration" fullname="TinyWalnutGames.TTG.TerrainGeneration.Tests.RuntimeDebugConsoleTests.RuntimeDebugConsole_InputMode_Configuration" methodname="RuntimeDebugConsole_InputMode_Configuration" classname="TinyWalnutGames.TTG.TerrainGeneration.Tests.RuntimeDebugConsoleTests" runstate="Runnable" seed="1894616680" result="Passed" start-time="2025-07-31 23:37:56Z" end-time="2025-07-31 23:37:56Z" duration="0.025021" asserts="0">
                  <properties>
                    <property name="retryIteration" value="0" />
                    <property name="repeatIteration" value="0" />
                  </properties>
                  <output><![CDATA[RuntimeDebugConsole: Using NewInputSystem for input handling.
RuntimeDebugConsole: Using NewInputSystem for input handling.
Runtime Debug Console initialized. Press BackQuote to toggle visibility.
Console will automatically find and integrate with RuntimeTerrainManager if present.
]]></output>
                </test-case>
                <test-case id="1024" name="RuntimeDebugConsole_InputSystemSettings_CanBeConfigured" fullname="TinyWalnutGames.TTG.TerrainGeneration.Tests.RuntimeDebugConsoleTests.RuntimeDebugConsole_InputSystemSettings_CanBeConfigured" methodname="RuntimeDebugConsole_InputSystemSettings_CanBeConfigured" classname="TinyWalnutGames.TTG.TerrainGeneration.Tests.RuntimeDebugConsoleTests" runstate="Runnable" seed="897141113" result="Passed" start-time="2025-07-31 23:37:56Z" end-time="2025-07-31 23:37:56Z" duration="0.030382" asserts="0">
                  <properties>
                    <property name="retryIteration" value="0" />
                    <property name="repeatIteration" value="0" />
                  </properties>
                  <reason>
                    <message><![CDATA[Input System configuration test completed]]></message>
                  </reason>
                  <output><![CDATA[RuntimeDebugConsole: Using NewInputSystem for input handling.
RuntimeDebugConsole: Using NewInputSystem for input handling.
Runtime Debug Console initialized. Press BackQuote to toggle visibility.
Console will automatically find and integrate with RuntimeTerrainManager if present.
]]></output>
                </test-case>
                <test-case id="1019" name="RuntimeDebugConsole_MaxLogEntries_CanBeSet" fullname="TinyWalnutGames.TTG.TerrainGeneration.Tests.RuntimeDebugConsoleTests.RuntimeDebugConsole_MaxLogEntries_CanBeSet" methodname="RuntimeDebugConsole_MaxLogEntries_CanBeSet" classname="TinyWalnutGames.TTG.TerrainGeneration.Tests.RuntimeDebugConsoleTests" runstate="Runnable" seed="701349384" result="Passed" start-time="2025-07-31 23:37:56Z" end-time="2025-07-31 23:37:56Z" duration="0.025968" asserts="0">
                  <properties>
                    <property name="retryIteration" value="0" />
                    <property name="repeatIteration" value="0" />
                  </properties>
                  <output><![CDATA[RuntimeDebugConsole: Using NewInputSystem for input handling.
RuntimeDebugConsole: Using NewInputSystem for input handling.
Runtime Debug Console initialized. Press BackQuote to toggle visibility.
Console will automatically find and integrate with RuntimeTerrainManager if present.
]]></output>
                </test-case>
                <test-case id="1032" name="RuntimeDebugConsole_MultipleInstances_HandleCorrectly" fullname="TinyWalnutGames.TTG.TerrainGeneration.Tests.RuntimeDebugConsoleTests.RuntimeDebugConsole_MultipleInstances_HandleCorrectly" methodname="RuntimeDebugConsole_MultipleInstances_HandleCorrectly" classname="TinyWalnutGames.TTG.TerrainGeneration.Tests.RuntimeDebugConsoleTests" runstate="Runnable" seed="1606972158" result="Passed" start-time="2025-07-31 23:37:56Z" end-time="2025-07-31 23:37:56Z" duration="0.038792" asserts="0">
                  <properties>
                    <property name="retryIteration" value="0" />
                    <property name="repeatIteration" value="0" />
                  </properties>
                  <output><![CDATA[RuntimeDebugConsole: Using NewInputSystem for input handling.
RuntimeDebugConsole: Using NewInputSystem for input handling.
Runtime Debug Console initialized. Press BackQuote to toggle visibility.
Console will automatically find and integrate with RuntimeTerrainManager if present.
RuntimeDebugConsole: Using NewInputSystem for input handling.
RuntimeDebugConsole: Using NewInputSystem for input handling.
]]></output>
                </test-case>
                <test-case id="1034" name="RuntimeDebugConsole_RangeValidation_WorksCorrectly" fullname="TinyWalnutGames.TTG.TerrainGeneration.Tests.RuntimeDebugConsoleTests.RuntimeDebugConsole_RangeValidation_WorksCorrectly" methodname="RuntimeDebugConsole_RangeValidation_WorksCorrectly" classname="TinyWalnutGames.TTG.TerrainGeneration.Tests.RuntimeDebugConsoleTests" runstate="Runnable" seed="1458108788" result="Passed" start-time="2025-07-31 23:37:56Z" end-time="2025-07-31 23:37:56Z" duration="0.026172" asserts="0">
                  <properties>
                    <property name="retryIteration" value="0" />
                    <property name="repeatIteration" value="0" />
                  </properties>
                  <output><![CDATA[RuntimeDebugConsole: Using NewInputSystem for input handling.
RuntimeDebugConsole: Using NewInputSystem for input handling.
Runtime Debug Console initialized. Press BackQuote to toggle visibility.
Console will automatically find and integrate with RuntimeTerrainManager if present.
]]></output>
                </test-case>
                <test-case id="1023" name="RuntimeDebugConsole_ShowTimestamps_CanBeToggled" fullname="TinyWalnutGames.TTG.TerrainGeneration.Tests.RuntimeDebugConsoleTests.RuntimeDebugConsole_ShowTimestamps_CanBeToggled" methodname="RuntimeDebugConsole_ShowTimestamps_CanBeToggled" classname="TinyWalnutGames.TTG.TerrainGeneration.Tests.RuntimeDebugConsoleTests" runstate="Runnable" seed="268138056" result="Passed" start-time="2025-07-31 23:37:56Z" end-time="2025-07-31 23:37:56Z" duration="0.024167" asserts="0">
                  <properties>
                    <property name="retryIteration" value="0" />
                    <property name="repeatIteration" value="0" />
                  </properties>
                  <output><![CDATA[RuntimeDebugConsole: Using NewInputSystem for input handling.
RuntimeDebugConsole: Using NewInputSystem for input handling.
Runtime Debug Console initialized. Press BackQuote to toggle visibility.
Console will automatically find and integrate with RuntimeTerrainManager if present.
]]></output>
                </test-case>
                <test-case id="1031" name="RuntimeDebugConsole_TerrainManagerIntegration_HandlesCorrectly" fullname="TinyWalnutGames.TTG.TerrainGeneration.Tests.RuntimeDebugConsoleTests.RuntimeDebugConsole_TerrainManagerIntegration_HandlesCorrectly" methodname="RuntimeDebugConsole_TerrainManagerIntegration_HandlesCorrectly" classname="TinyWalnutGames.TTG.TerrainGeneration.Tests.RuntimeDebugConsoleTests" runstate="Runnable" seed="2005104323" result="Passed" start-time="2025-07-31 23:37:56Z" end-time="2025-07-31 23:37:57Z" duration="0.027240" asserts="0">
                  <properties>
                    <property name="retryIteration" value="0" />
                    <property name="repeatIteration" value="0" />
                  </properties>
                  <output><![CDATA[RuntimeDebugConsole: Using NewInputSystem for input handling.
RuntimeDebugConsole: Using NewInputSystem for input handling.
Runtime Debug Console initialized. Press BackQuote to toggle visibility.
Console will automatically find and integrate with RuntimeTerrainManager if present.
Test with terrain manager
]]></output>
                </test-case>
                <test-case id="1020" name="RuntimeDebugConsole_ToggleKey_CanBeSet" fullname="TinyWalnutGames.TTG.TerrainGeneration.Tests.RuntimeDebugConsoleTests.RuntimeDebugConsole_ToggleKey_CanBeSet" methodname="RuntimeDebugConsole_ToggleKey_CanBeSet" classname="TinyWalnutGames.TTG.TerrainGeneration.Tests.RuntimeDebugConsoleTests" runstate="Runnable" seed="919895835" result="Passed" start-time="2025-07-31 23:37:57Z" end-time="2025-07-31 23:37:57Z" duration="0.023848" asserts="0">
                  <properties>
                    <property name="retryIteration" value="0" />
                    <property name="repeatIteration" value="0" />
                  </properties>
                  <output><![CDATA[RuntimeDebugConsole: Using NewInputSystem for input handling.
RuntimeDebugConsole: Using NewInputSystem for input handling.
Runtime Debug Console initialized. Press BackQuote to toggle visibility.
Console will automatically find and integrate with RuntimeTerrainManager if present.
]]></output>
                </test-case>
                <test-case id="1027" name="RuntimeDebugConsoleSetup_GetConsoleInstance_HandlesCorrectly" fullname="TinyWalnutGames.TTG.TerrainGeneration.Tests.RuntimeDebugConsoleTests.RuntimeDebugConsoleSetup_GetConsoleInstance_HandlesCorrectly" methodname="RuntimeDebugConsoleSetup_GetConsoleInstance_HandlesCorrectly" classname="TinyWalnutGames.TTG.TerrainGeneration.Tests.RuntimeDebugConsoleTests" runstate="Runnable" seed="1686760810" result="Passed" start-time="2025-07-31 23:37:57Z" end-time="2025-07-31 23:37:57Z" duration="0.024150" asserts="0">
                  <properties>
                    <property name="retryIteration" value="0" />
                    <property name="repeatIteration" value="0" />
                  </properties>
                  <output><![CDATA[RuntimeDebugConsole: Using NewInputSystem for input handling.
RuntimeDebugConsole: Using NewInputSystem for input handling.
Runtime Debug Console initialized. Press BackQuote to toggle visibility.
Console will automatically find and integrate with RuntimeTerrainManager if present.
]]></output>
                </test-case>
                <test-case id="1026" name="RuntimeDebugConsoleSetup_StaticMethods_WorkCorrectly" fullname="TinyWalnutGames.TTG.TerrainGeneration.Tests.RuntimeDebugConsoleTests.RuntimeDebugConsoleSetup_StaticMethods_WorkCorrectly" methodname="RuntimeDebugConsoleSetup_StaticMethods_WorkCorrectly" classname="TinyWalnutGames.TTG.TerrainGeneration.Tests.RuntimeDebugConsoleTests" runstate="Runnable" seed="1352260061" result="Passed" start-time="2025-07-31 23:37:57Z" end-time="2025-07-31 23:37:57Z" duration="0.031327" asserts="0">
                  <properties>
                    <property name="retryIteration" value="0" />
                    <property name="repeatIteration" value="0" />
                  </properties>
                  <output><![CDATA[RuntimeDebugConsole: Using NewInputSystem for input handling.
RuntimeDebugConsole: Using NewInputSystem for input handling.
Runtime Debug Console initialized. Press BackQuote to toggle visibility.
Console will automatically find and integrate with RuntimeTerrainManager if present.
Test message
]]></output>
                </test-case>
              </test-suite>
              <test-suite type="TestFixture" id="1035" name="RuntimeEntityLoaderSystemTests" fullname="TinyWalnutGames.TTG.TerrainGeneration.Tests.RuntimeEntityLoaderSystemTests" classname="TinyWalnutGames.TTG.TerrainGeneration.Tests.RuntimeEntityLoaderSystemTests" runstate="Runnable" testcasecount="13" result="Failed" site="Child" start-time="2025-07-31 23:37:57Z" end-time="2025-07-31 23:38:00Z" duration="3.114716" total="13" passed="12" failed="1" inconclusive="0" skipped="0" asserts="0">
                <properties />
                <failure>
                  <message><![CDATA[One or more child tests had errors]]></message>
                </failure>
                <output><![CDATA[RuntimeDebugConsole: Input System actions initialized successfully.
SetConsoleVisibility called with visible: False
Console canvas active set to: False
RuntimeDebugConsole: Input System actions initialized successfully.
SetConsoleVisibility called with visible: False
Console canvas active set to: False
RuntimeDebugConsole: Input System actions initialized successfully.
SetConsoleVisibility called with visible: False
Console canvas active set to: False
RuntimeDebugConsole: Input System actions initialized successfully.
SetConsoleVisibility called with visible: False
Console canvas active set to: False
RuntimeDebugConsole: Input System actions initialized successfully.
SetConsoleVisibility called with visible: False
Console canvas active set to: False
RuntimeDebugConsole: Input System actions initialized successfully.
SetConsoleVisibility called with visible: False
Console canvas active set to: False
RuntimeDebugConsole: Input System actions initialized successfully.
SetConsoleVisibility called with visible: False
Console canvas active set to: False
RuntimeDebugConsole: Input System actions initialized successfully.
SetConsoleVisibility called with visible: False
Console canvas active set to: False
RuntimeDebugConsole: Input System actions initialized successfully.
SetConsoleVisibility called with visible: False
Console canvas active set to: False
RuntimeDebugConsole: Input System actions initialized successfully.
SetConsoleVisibility called with visible: False
Console canvas active set to: False
RuntimeDebugConsole: Input System actions initialized successfully.
SetConsoleVisibility called with visible: False
Console canvas active set to: False
RuntimeDebugConsole: Input System actions initialized successfully.
SetConsoleVisibility called with visible: False
Console canvas active set to: False
RuntimeDebugConsole: Input System actions initialized successfully.
SetConsoleVisibility called with visible: False
Console canvas active set to: False
RuntimeDebugConsole: Input System actions initialized successfully.
SetConsoleVisibility called with visible: False
Console canvas active set to: False
RuntimeDebugConsole: Input System actions initialized successfully.
SetConsoleVisibility called with visible: False
Console canvas active set to: False
RuntimeDebugConsole: Input System actions initialized successfully.
SetConsoleVisibility called with visible: False
Console canvas active set to: False
RuntimeDebugConsole: Input System actions initialized successfully.
SetConsoleVisibility called with visible: False
Console canvas active set to: False
RuntimeDebugConsole: Input System actions initialized successfully.
SetConsoleVisibility called with visible: False
Console canvas active set to: False
RuntimeDebugConsole: Input System actions initialized successfully.
SetConsoleVisibility called with visible: False
Console canvas active set to: False
]]></output>
                <test-case id="1041" name="RuntimeEntityLoaderSystem_DifferentLoadingMethods_ProcessesBoth" fullname="TinyWalnutGames.TTG.TerrainGeneration.Tests.RuntimeEntityLoaderSystemTests.RuntimeEntityLoaderSystem_DifferentLoadingMethods_ProcessesBoth" methodname="RuntimeEntityLoaderSystem_DifferentLoadingMethods_ProcessesBoth" classname="TinyWalnutGames.TTG.TerrainGeneration.Tests.RuntimeEntityLoaderSystemTests" runstate="Runnable" seed="1269176832" result="Passed" start-time="2025-07-31 23:37:57Z" end-time="2025-07-31 23:37:57Z" duration="0.042536" asserts="0">
                  <properties>
                    <property name="retryIteration" value="0" />
                    <property name="repeatIteration" value="0" />
                  </properties>
                  <output><![CDATA[RuntimeEntityLoaderSystem: Processing scene loading requests for runtime build...
Processing scene loading request for: Scene1
Scene loading request processed for: Scene1
Processing scene loading request for: Scene2
Scene loading request processed for: Scene2
RuntimeEntityLoaderSystem: Scene loading request processing complete.
]]></output>
                </test-case>
                <test-case id="1039" name="RuntimeEntityLoaderSystem_EmptySceneName_HandlesGracefully" fullname="TinyWalnutGames.TTG.TerrainGeneration.Tests.RuntimeEntityLoaderSystemTests.RuntimeEntityLoaderSystem_EmptySceneName_HandlesGracefully" methodname="RuntimeEntityLoaderSystem_EmptySceneName_HandlesGracefully" classname="TinyWalnutGames.TTG.TerrainGeneration.Tests.RuntimeEntityLoaderSystemTests" runstate="Runnable" seed="246938961" result="Passed" start-time="2025-07-31 23:37:57Z" end-time="2025-07-31 23:37:57Z" duration="0.027688" asserts="0">
                  <properties>
                    <property name="retryIteration" value="0" />
                    <property name="repeatIteration" value="0" />
                  </properties>
                  <output><![CDATA[RuntimeEntityLoaderSystem: Processing scene loading requests for runtime build...
Processing scene loading request for: 
Scene loading request processed for: 
RuntimeEntityLoaderSystem: Scene loading request processing complete.
]]></output>
                </test-case>
                <test-case id="1045" name="RuntimeEntityLoaderSystem_EntityDestruction_UpdatesCountsCorrectly" fullname="TinyWalnutGames.TTG.TerrainGeneration.Tests.RuntimeEntityLoaderSystemTests.RuntimeEntityLoaderSystem_EntityDestruction_UpdatesCountsCorrectly" methodname="RuntimeEntityLoaderSystem_EntityDestruction_UpdatesCountsCorrectly" classname="TinyWalnutGames.TTG.TerrainGeneration.Tests.RuntimeEntityLoaderSystemTests" runstate="Runnable" seed="2116543178" result="Passed" start-time="2025-07-31 23:37:57Z" end-time="2025-07-31 23:37:57Z" duration="0.030869" asserts="0">
                  <properties>
                    <property name="retryIteration" value="0" />
                    <property name="repeatIteration" value="0" />
                  </properties>
                  <output><![CDATA[RuntimeEntityLoaderSystem: Processing scene loading requests for runtime build...
Processing scene loading request for: TestScene
Scene loading request processed for: TestScene
RuntimeEntityLoaderSystem: Scene loading request processing complete.
]]></output>
                </test-case>
                <test-case id="1048" name="RuntimeEntityLoaderSystem_ErrorHandling_ContinuesProcessingOtherRequests" fullname="TinyWalnutGames.TTG.TerrainGeneration.Tests.RuntimeEntityLoaderSystemTests.RuntimeEntityLoaderSystem_ErrorHandling_ContinuesProcessingOtherRequests" methodname="RuntimeEntityLoaderSystem_ErrorHandling_ContinuesProcessingOtherRequests" classname="TinyWalnutGames.TTG.TerrainGeneration.Tests.RuntimeEntityLoaderSystemTests" runstate="Runnable" seed="1624570565" result="Passed" start-time="2025-07-31 23:37:57Z" end-time="2025-07-31 23:37:57Z" duration="0.042611" asserts="0">
                  <properties>
                    <property name="retryIteration" value="0" />
                    <property name="repeatIteration" value="0" />
                  </properties>
                  <output><![CDATA[RuntimeEntityLoaderSystem: Processing scene loading requests for runtime build...
Processing scene loading request for: ValidScene
Scene loading request processed for: ValidScene
Processing scene loading request for: 
Scene loading request processed for: 
RuntimeEntityLoaderSystem: Scene loading request processing complete.
]]></output>
                </test-case>
                <test-case id="1036" name="RuntimeEntityLoaderSystem_InitialState_HasCorrectDefaults" fullname="TinyWalnutGames.TTG.TerrainGeneration.Tests.RuntimeEntityLoaderSystemTests.RuntimeEntityLoaderSystem_InitialState_HasCorrectDefaults" methodname="RuntimeEntityLoaderSystem_InitialState_HasCorrectDefaults" classname="TinyWalnutGames.TTG.TerrainGeneration.Tests.RuntimeEntityLoaderSystemTests" runstate="Runnable" seed="1224525993" result="Passed" start-time="2025-07-31 23:37:57Z" end-time="2025-07-31 23:37:57Z" duration="0.002577" asserts="0">
                  <properties>
                    <property name="retryIteration" value="0" />
                    <property name="repeatIteration" value="0" />
                  </properties>
                </test-case>
                <test-case id="1040" name="RuntimeEntityLoaderSystem_InvalidSceneIndex_HandlesGracefully" fullname="TinyWalnutGames.TTG.TerrainGeneration.Tests.RuntimeEntityLoaderSystemTests.RuntimeEntityLoaderSystem_InvalidSceneIndex_HandlesGracefully" methodname="RuntimeEntityLoaderSystem_InvalidSceneIndex_HandlesGracefully" classname="TinyWalnutGames.TTG.TerrainGeneration.Tests.RuntimeEntityLoaderSystemTests" runstate="Runnable" seed="1066751913" result="Passed" start-time="2025-07-31 23:37:57Z" end-time="2025-07-31 23:37:57Z" duration="0.028273" asserts="0">
                  <properties>
                    <property name="retryIteration" value="0" />
                    <property name="repeatIteration" value="0" />
                  </properties>
                  <output><![CDATA[RuntimeEntityLoaderSystem: Processing scene loading requests for runtime build...
Processing scene loading request for: ValidScene
Scene loading request processed for: ValidScene
RuntimeEntityLoaderSystem: Scene loading request processing complete.
]]></output>
                </test-case>
                <test-case id="1044" name="RuntimeEntityLoaderSystem_LargeNumberOfRequests_HandlesEfficiently" fullname="TinyWalnutGames.TTG.TerrainGeneration.Tests.RuntimeEntityLoaderSystemTests.RuntimeEntityLoaderSystem_LargeNumberOfRequests_HandlesEfficiently" methodname="RuntimeEntityLoaderSystem_LargeNumberOfRequests_HandlesEfficiently" classname="TinyWalnutGames.TTG.TerrainGeneration.Tests.RuntimeEntityLoaderSystemTests" runstate="Runnable" seed="230148619" result="Failed" start-time="2025-07-31 23:37:57Z" end-time="2025-07-31 23:37:59Z" duration="2.215245" asserts="0">
                  <properties>
                    <property name="retryIteration" value="0" />
                    <property name="repeatIteration" value="0" />
                  </properties>
                  <failure>
                    <message><![CDATA[  Processing should complete efficiently
  Expected: less than 2000
  But was:  2209
]]></message>
                    <stack-trace><![CDATA[at TinyWalnutGames.TTG.TerrainGeneration.Tests.RuntimeEntityLoaderSystemTests.RuntimeEntityLoaderSystem_LargeNumberOfRequests_HandlesEfficiently () [0x000a7] in D:\Tiny Walnut Games\TWG-DOTS-TTG\Assets\TinyWalnutGames.TTG\Tests\RuntimeEntityLoaderSystemTests.cs:271
]]></stack-trace>
                  </failure>
                  <output><![CDATA[RuntimeEntityLoaderSystem: Processing scene loading requests for runtime build...
Processing scene loading request for: Scene_0
Scene loading request processed for: Scene_0
Processing scene loading request for: Scene_1
Scene loading request processed for: Scene_1
Processing scene loading request for: Scene_2
Scene loading request processed for: Scene_2
Processing scene loading request for: Scene_3
Scene loading request processed for: Scene_3
Processing scene loading request for: Scene_4
Scene loading request processed for: Scene_4
Processing scene loading request for: Scene_5
Scene loading request processed for: Scene_5
Processing scene loading request for: Scene_6
Scene loading request processed for: Scene_6
Processing scene loading request for: Scene_7
Scene loading request processed for: Scene_7
Processing scene loading request for: Scene_8
Scene loading request processed for: Scene_8
Processing scene loading request for: Scene_9
Scene loading request processed for: Scene_9
Processing scene loading request for: Scene_10
Scene loading request processed for: Scene_10
Processing scene loading request for: Scene_11
Scene loading request processed for: Scene_11
Processing scene loading request for: Scene_12
Scene loading request processed for: Scene_12
Processing scene loading request for: Scene_13
Scene loading request processed for: Scene_13
Processing scene loading request for: Scene_14
Scene loading request processed for: Scene_14
Processing scene loading request for: Scene_15
Scene loading request processed for: Scene_15
Processing scene loading request for: Scene_16
Scene loading request processed for: Scene_16
Processing scene loading request for: Scene_17
Scene loading request processed for: Scene_17
Processing scene loading request for: Scene_18
Scene loading request processed for: Scene_18
Processing scene loading request for: Scene_19
Scene loading request processed for: Scene_19
Processing scene loading request for: Scene_20
Scene loading request processed for: Scene_20
Processing scene loading request for: Scene_21
Scene loading request processed for: Scene_21
Processing scene loading request for: Scene_22
Scene loading request processed for: Scene_22
Processing scene loading request for: Scene_23
Scene loading request processed for: Scene_23
Processing scene loading request for: Scene_24
Scene loading request processed for: Scene_24
Processing scene loading request for: Scene_25
Scene loading request processed for: Scene_25
Processing scene loading request for: Scene_26
Scene loading request processed for: Scene_26
Processing scene loading request for: Scene_27
Scene loading request processed for: Scene_27
Processing scene loading request for: Scene_28
Scene loading request processed for: Scene_28
Processing scene loading request for: Scene_29
Scene loading request processed for: Scene_29
Processing scene loading request for: Scene_30
Scene loading request processed for: Scene_30
Processing scene loading request for: Scene_31
Scene loading request processed for: Scene_31
Processing scene loading request for: Scene_32
Scene loading request processed for: Scene_32
Processing scene loading request for: Scene_33
Scene loading request processed for: Scene_33
Processing scene loading request for: Scene_34
Scene loading request processed for: Scene_34
Processing scene loading request for: Scene_35
Scene loading request processed for: Scene_35
Processing scene loading request for: Scene_36
Scene loading request processed for: Scene_36
Processing scene loading request for: Scene_37
Scene loading request processed for: Scene_37
Processing scene loading request for: Scene_38
Scene loading request processed for: Scene_38
Processing scene loading request for: Scene_39
Scene loading request processed for: Scene_39
Processing scene loading request for: Scene_40
Scene loading request processed for: Scene_40
Processing scene loading request for: Scene_41
Scene loading request processed for: Scene_41
Processing scene loading request for: Scene_42
Scene loading request processed for: Scene_42
Processing scene loading request for: Scene_43
Scene loading request processed for: Scene_43
Processing scene loading request for: Scene_44
Scene loading request processed for: Scene_44
Processing scene loading request for: Scene_45
Scene loading request processed for: Scene_45
Processing scene loading request for: Scene_46
Scene loading request processed for: Scene_46
Processing scene loading request for: Scene_47
Scene loading request processed for: Scene_47
Processing scene loading request for: Scene_48
Scene loading request processed for: Scene_48
Processing scene loading request for: Scene_49
Scene loading request processed for: Scene_49
Processing scene loading request for: Scene_50
Scene loading request processed for: Scene_50
Processing scene loading request for: Scene_51
Scene loading request processed for: Scene_51
Processing scene loading request for: Scene_52
Scene loading request processed for: Scene_52
Processing scene loading request for: Scene_53
Scene loading request processed for: Scene_53
Processing scene loading request for: Scene_54
Scene loading request processed for: Scene_54
Processing scene loading request for: Scene_55
Scene loading request processed for: Scene_55
Processing scene loading request for: Scene_56
Scene loading request processed for: Scene_56
Processing scene loading request for: Scene_57
Scene loading request processed for: Scene_57
Processing scene loading request for: Scene_58
Scene loading request processed for: Scene_58
Processing scene loading request for: Scene_59
Scene loading request processed for: Scene_59
Processing scene loading request for: Scene_60
Scene loading request processed for: Scene_60
Processing scene loading request for: Scene_61
Scene loading request processed for: Scene_61
Processing scene loading request for: Scene_62
Scene loading request processed for: Scene_62
Processing scene loading request for: Scene_63
Scene loading request processed for: Scene_63
Processing scene loading request for: Scene_64
Scene loading request processed for: Scene_64
Processing scene loading request for: Scene_65
Scene loading request processed for: Scene_65
Processing scene loading request for: Scene_66
Scene loading request processed for: Scene_66
Processing scene loading request for: Scene_67
Scene loading request processed for: Scene_67
Processing scene loading request for: Scene_68
Scene loading request processed for: Scene_68
Processing scene loading request for: Scene_69
Scene loading request processed for: Scene_69
Processing scene loading request for: Scene_70
Scene loading request processed for: Scene_70
Processing scene loading request for: Scene_71
Scene loading request processed for: Scene_71
Processing scene loading request for: Scene_72
Scene loading request processed for: Scene_72
Processing scene loading request for: Scene_73
Scene loading request processed for: Scene_73
Processing scene loading request for: Scene_74
Scene loading request processed for: Scene_74
Processing scene loading request for: Scene_75
Scene loading request processed for: Scene_75
Processing scene loading request for: Scene_76
Scene loading request processed for: Scene_76
Processing scene loading request for: Scene_77
Scene loading request processed for: Scene_77
Processing scene loading request for: Scene_78
Scene loading request processed for: Scene_78
Processing scene loading request for: Scene_79
Scene loading request processed for: Scene_79
Processing scene loading request for: Scene_80
Scene loading request processed for: Scene_80
Processing scene loading request for: Scene_81
Scene loading request processed for: Scene_81
Processing scene loading request for: Scene_82
Scene loading request processed for: Scene_82
Processing scene loading request for: Scene_83
Scene loading request processed for: Scene_83
Processing scene loading request for: Scene_84
Scene loading request processed for: Scene_84
Processing scene loading request for: Scene_85
Scene loading request processed for: Scene_85
Processing scene loading request for: Scene_86
Scene loading request processed for: Scene_86
Processing scene loading request for: Scene_87
Scene loading request processed for: Scene_87
Processing scene loading request for: Scene_88
Scene loading request processed for: Scene_88
Processing scene loading request for: Scene_89
Scene loading request processed for: Scene_89
Processing scene loading request for: Scene_90
Scene loading request processed for: Scene_90
Processing scene loading request for: Scene_91
Scene loading request processed for: Scene_91
Processing scene loading request for: Scene_92
Scene loading request processed for: Scene_92
Processing scene loading request for: Scene_93
Scene loading request processed for: Scene_93
Processing scene loading request for: Scene_94
Scene loading request processed for: Scene_94
Processing scene loading request for: Scene_95
Scene loading request processed for: Scene_95
Processing scene loading request for: Scene_96
Scene loading request processed for: Scene_96
Processing scene loading request for: Scene_97
Scene loading request processed for: Scene_97
Processing scene loading request for: Scene_98
Scene loading request processed for: Scene_98
Processing scene loading request for: Scene_99
Scene loading request processed for: Scene_99
RuntimeEntityLoaderSystem: Scene loading request processing complete.
]]></output>
                </test-case>
                <test-case id="1046" name="RuntimeEntityLoaderSystem_MixedEntities_ProcessesOnlySceneRequests" fullname="TinyWalnutGames.TTG.TerrainGeneration.Tests.RuntimeEntityLoaderSystemTests.RuntimeEntityLoaderSystem_MixedEntities_ProcessesOnlySceneRequests" methodname="RuntimeEntityLoaderSystem_MixedEntities_ProcessesOnlySceneRequests" classname="TinyWalnutGames.TTG.TerrainGeneration.Tests.RuntimeEntityLoaderSystemTests" runstate="Runnable" seed="753691884" result="Passed" start-time="2025-07-31 23:37:59Z" end-time="2025-07-31 23:37:59Z" duration="0.042271" asserts="0">
                  <properties>
                    <property name="retryIteration" value="0" />
                    <property name="repeatIteration" value="0" />
                  </properties>
                  <output><![CDATA[RuntimeEntityLoaderSystem: Processing scene loading requests for runtime build...
Processing scene loading request for: TestScene
Scene loading request processed for: TestScene
RuntimeEntityLoaderSystem: Scene loading request processing complete.
]]></output>
                </test-case>
                <test-case id="1038" name="RuntimeEntityLoaderSystem_MultipleRequests_ProcessesAll" fullname="TinyWalnutGames.TTG.TerrainGeneration.Tests.RuntimeEntityLoaderSystemTests.RuntimeEntityLoaderSystem_MultipleRequests_ProcessesAll" methodname="RuntimeEntityLoaderSystem_MultipleRequests_ProcessesAll" classname="TinyWalnutGames.TTG.TerrainGeneration.Tests.RuntimeEntityLoaderSystemTests" runstate="Runnable" seed="1691543329" result="Passed" start-time="2025-07-31 23:37:59Z" end-time="2025-07-31 23:37:59Z" duration="0.123466" asserts="0">
                  <properties>
                    <property name="retryIteration" value="0" />
                    <property name="repeatIteration" value="0" />
                  </properties>
                  <output><![CDATA[RuntimeEntityLoaderSystem: Processing scene loading requests for runtime build...
Processing scene loading request for: TestScene_0
Scene loading request processed for: TestScene_0
Processing scene loading request for: TestScene_1
Scene loading request processed for: TestScene_1
Processing scene loading request for: TestScene_2
Scene loading request processed for: TestScene_2
Processing scene loading request for: TestScene_3
Scene loading request processed for: TestScene_3
Processing scene loading request for: TestScene_4
Scene loading request processed for: TestScene_4
RuntimeEntityLoaderSystem: Scene loading request processing complete.
]]></output>
                </test-case>
                <test-case id="1043" name="RuntimeEntityLoaderSystem_NewRequestsAfterProcessing_ProcessesNewOnes" fullname="TinyWalnutGames.TTG.TerrainGeneration.Tests.RuntimeEntityLoaderSystemTests.RuntimeEntityLoaderSystem_NewRequestsAfterProcessing_ProcessesNewOnes" methodname="RuntimeEntityLoaderSystem_NewRequestsAfterProcessing_ProcessesNewOnes" classname="TinyWalnutGames.TTG.TerrainGeneration.Tests.RuntimeEntityLoaderSystemTests" runstate="Runnable" seed="254766176" result="Passed" start-time="2025-07-31 23:37:59Z" end-time="2025-07-31 23:38:00Z" duration="0.082651" asserts="0">
                  <properties>
                    <property name="retryIteration" value="0" />
                    <property name="repeatIteration" value="0" />
                  </properties>
                  <output><![CDATA[RuntimeEntityLoaderSystem: Processing scene loading requests for runtime build...
Processing scene loading request for: Scene1
Scene loading request processed for: Scene1
RuntimeEntityLoaderSystem: Scene loading request processing complete.
RuntimeEntityLoaderSystem: Processing scene loading requests for runtime build...
Processing scene loading request for: Scene2
Scene loading request processed for: Scene2
RuntimeEntityLoaderSystem: Scene loading request processing complete.
]]></output>
                </test-case>
                <test-case id="1042" name="RuntimeEntityLoaderSystem_RepeatedUpdates_DoesNotReprocessRequests" fullname="TinyWalnutGames.TTG.TerrainGeneration.Tests.RuntimeEntityLoaderSystemTests.RuntimeEntityLoaderSystem_RepeatedUpdates_DoesNotReprocessRequests" methodname="RuntimeEntityLoaderSystem_RepeatedUpdates_DoesNotReprocessRequests" classname="TinyWalnutGames.TTG.TerrainGeneration.Tests.RuntimeEntityLoaderSystemTests" runstate="Runnable" seed="2026999952" result="Passed" start-time="2025-07-31 23:38:00Z" end-time="2025-07-31 23:38:00Z" duration="0.044097" asserts="0">
                  <properties>
                    <property name="retryIteration" value="0" />
                    <property name="repeatIteration" value="0" />
                  </properties>
                  <output><![CDATA[RuntimeEntityLoaderSystem: Processing scene loading requests for runtime build...
Processing scene loading request for: TestScene
Scene loading request processed for: TestScene
RuntimeEntityLoaderSystem: Scene loading request processing complete.
]]></output>
                </test-case>
                <test-case id="1037" name="RuntimeEntityLoaderSystem_SceneLoadingRequest_ProcessesCorrectly" fullname="TinyWalnutGames.TTG.TerrainGeneration.Tests.RuntimeEntityLoaderSystemTests.RuntimeEntityLoaderSystem_SceneLoadingRequest_ProcessesCorrectly" methodname="RuntimeEntityLoaderSystem_SceneLoadingRequest_ProcessesCorrectly" classname="TinyWalnutGames.TTG.TerrainGeneration.Tests.RuntimeEntityLoaderSystemTests" runstate="Runnable" seed="2087784584" result="Passed" start-time="2025-07-31 23:38:00Z" end-time="2025-07-31 23:38:00Z" duration="0.041673" asserts="0">
                  <properties>
                    <property name="retryIteration" value="0" />
                    <property name="repeatIteration" value="0" />
                  </properties>
                  <output><![CDATA[RuntimeEntityLoaderSystem: Processing scene loading requests for runtime build...
Processing scene loading request for: TestScene
Scene loading request processed for: TestScene
RuntimeEntityLoaderSystem: Scene loading request processing complete.
]]></output>
                </test-case>
                <test-case id="1047" name="RuntimeEntityLoaderSystem_StatusMonitoring_ReflectsCurrentState" fullname="TinyWalnutGames.TTG.TerrainGeneration.Tests.RuntimeEntityLoaderSystemTests.RuntimeEntityLoaderSystem_StatusMonitoring_ReflectsCurrentState" methodname="RuntimeEntityLoaderSystem_StatusMonitoring_ReflectsCurrentState" classname="TinyWalnutGames.TTG.TerrainGeneration.Tests.RuntimeEntityLoaderSystemTests" runstate="Runnable" seed="1588492605" result="Passed" start-time="2025-07-31 23:38:00Z" end-time="2025-07-31 23:38:00Z" duration="0.079270" asserts="0">
                  <properties>
                    <property name="retryIteration" value="0" />
                    <property name="repeatIteration" value="0" />
                  </properties>
                  <output><![CDATA[RuntimeEntityLoaderSystem: Processing scene loading requests for runtime build...
Processing scene loading request for: Scene1
Scene loading request processed for: Scene1
Processing scene loading request for: Scene2
Scene loading request processed for: Scene2
RuntimeEntityLoaderSystem: Scene loading request processing complete.
]]></output>
                </test-case>
              </test-suite>
              <test-suite type="TestFixture" id="1049" name="RuntimeTerrainManagerTests" fullname="TinyWalnutGames.TTG.TerrainGeneration.Tests.RuntimeTerrainManagerTests" classname="TinyWalnutGames.TTG.TerrainGeneration.Tests.RuntimeTerrainManagerTests" runstate="Runnable" testcasecount="20" result="Passed" start-time="2025-07-31 23:38:00Z" end-time="2025-07-31 23:38:00Z" duration="0.173967" total="20" passed="20" failed="0" inconclusive="0" skipped="0" asserts="0">
                <properties />
                <test-case id="1062" name="RuntimeTerrainManager_AutoInitializeOnStart_CanBeToggled" fullname="TinyWalnutGames.TTG.TerrainGeneration.Tests.RuntimeTerrainManagerTests.RuntimeTerrainManager_AutoInitializeOnStart_CanBeToggled" methodname="RuntimeTerrainManager_AutoInitializeOnStart_CanBeToggled" classname="TinyWalnutGames.TTG.TerrainGeneration.Tests.RuntimeTerrainManagerTests" runstate="Runnable" seed="2095042627" result="Passed" start-time="2025-07-31 23:38:00Z" end-time="2025-07-31 23:38:00Z" duration="0.000857" asserts="0">
                  <properties>
                    <property name="retryIteration" value="0" />
                    <property name="repeatIteration" value="0" />
                  </properties>
                </test-case>
                <test-case id="1065" name="RuntimeTerrainManager_CreateDefaultTerrainEntity_CanBeToggled" fullname="TinyWalnutGames.TTG.TerrainGeneration.Tests.RuntimeTerrainManagerTests.RuntimeTerrainManager_CreateDefaultTerrainEntity_CanBeToggled" methodname="RuntimeTerrainManager_CreateDefaultTerrainEntity_CanBeToggled" classname="TinyWalnutGames.TTG.TerrainGeneration.Tests.RuntimeTerrainManagerTests" runstate="Runnable" seed="1504913700" result="Passed" start-time="2025-07-31 23:38:00Z" end-time="2025-07-31 23:38:00Z" duration="0.000579" asserts="0">
                  <properties>
                    <property name="retryIteration" value="0" />
                    <property name="repeatIteration" value="0" />
                  </properties>
                </test-case>
                <test-case id="1056" name="RuntimeTerrainManager_CreateTerrainGenerationRequest_WorksCorrectly" fullname="TinyWalnutGames.TTG.TerrainGeneration.Tests.RuntimeTerrainManagerTests.RuntimeTerrainManager_CreateTerrainGenerationRequest_WorksCorrectly" methodname="RuntimeTerrainManager_CreateTerrainGenerationRequest_WorksCorrectly" classname="TinyWalnutGames.TTG.TerrainGeneration.Tests.RuntimeTerrainManagerTests" runstate="Runnable" seed="1746108033" result="Passed" start-time="2025-07-31 23:38:00Z" end-time="2025-07-31 23:38:00Z" duration="0.008058" asserts="0">
                  <properties>
                    <property name="retryIteration" value="0" />
                    <property name="repeatIteration" value="0" />
                  </properties>
                </test-case>
                <test-case id="1061" name="RuntimeTerrainManager_DebugLogging_CanBeToggled" fullname="TinyWalnutGames.TTG.TerrainGeneration.Tests.RuntimeTerrainManagerTests.RuntimeTerrainManager_DebugLogging_CanBeToggled" methodname="RuntimeTerrainManager_DebugLogging_CanBeToggled" classname="TinyWalnutGames.TTG.TerrainGeneration.Tests.RuntimeTerrainManagerTests" runstate="Runnable" seed="715561599" result="Passed" start-time="2025-07-31 23:38:00Z" end-time="2025-07-31 23:38:00Z" duration="0.000422" asserts="0">
                  <properties>
                    <property name="retryIteration" value="0" />
                    <property name="repeatIteration" value="0" />
                  </properties>
                </test-case>
                <test-case id="1054" name="RuntimeTerrainManager_DefaultTerrainData_HasValidValues" fullname="TinyWalnutGames.TTG.TerrainGeneration.Tests.RuntimeTerrainManagerTests.RuntimeTerrainManager_DefaultTerrainData_HasValidValues" methodname="RuntimeTerrainManager_DefaultTerrainData_HasValidValues" classname="TinyWalnutGames.TTG.TerrainGeneration.Tests.RuntimeTerrainManagerTests" runstate="Runnable" seed="309396276" result="Passed" start-time="2025-07-31 23:38:00Z" end-time="2025-07-31 23:38:00Z" duration="0.001440" asserts="0">
                  <properties>
                    <property name="retryIteration" value="0" />
                    <property name="repeatIteration" value="0" />
                  </properties>
                </test-case>
                <test-case id="1066" name="RuntimeTerrainManager_DestroyBehavior_HandlesCleanup" fullname="TinyWalnutGames.TTG.TerrainGeneration.Tests.RuntimeTerrainManagerTests.RuntimeTerrainManager_DestroyBehavior_HandlesCleanup" methodname="RuntimeTerrainManager_DestroyBehavior_HandlesCleanup" classname="TinyWalnutGames.TTG.TerrainGeneration.Tests.RuntimeTerrainManagerTests" runstate="Runnable" seed="1398099217" result="Passed" start-time="2025-07-31 23:38:00Z" end-time="2025-07-31 23:38:00Z" duration="0.001229" asserts="0">
                  <properties>
                    <property name="retryIteration" value="0" />
                    <property name="repeatIteration" value="0" />
                  </properties>
                  <reason>
                    <message><![CDATA[GameObject destruction handled without errors]]></message>
                  </reason>
                </test-case>
                <test-case id="1068" name="RuntimeTerrainManager_ExtremeDelayValues_HandlesCorrectly" fullname="TinyWalnutGames.TTG.TerrainGeneration.Tests.RuntimeTerrainManagerTests.RuntimeTerrainManager_ExtremeDelayValues_HandlesCorrectly" methodname="RuntimeTerrainManager_ExtremeDelayValues_HandlesCorrectly" classname="TinyWalnutGames.TTG.TerrainGeneration.Tests.RuntimeTerrainManagerTests" runstate="Runnable" seed="1355075460" result="Passed" start-time="2025-07-31 23:38:00Z" end-time="2025-07-31 23:38:00Z" duration="0.000671" asserts="0">
                  <properties>
                    <property name="retryIteration" value="0" />
                    <property name="repeatIteration" value="0" />
                  </properties>
                </test-case>
                <test-case id="1052" name="RuntimeTerrainManager_GetSystemStatusInfo_ReturnsValidInfo" fullname="TinyWalnutGames.TTG.TerrainGeneration.Tests.RuntimeTerrainManagerTests.RuntimeTerrainManager_GetSystemStatusInfo_ReturnsValidInfo" methodname="RuntimeTerrainManager_GetSystemStatusInfo_ReturnsValidInfo" classname="TinyWalnutGames.TTG.TerrainGeneration.Tests.RuntimeTerrainManagerTests" runstate="Runnable" seed="198022197" result="Passed" start-time="2025-07-31 23:38:00Z" end-time="2025-07-31 23:38:00Z" duration="0.001926" asserts="0">
                  <properties>
                    <property name="retryIteration" value="0" />
                    <property name="repeatIteration" value="0" />
                  </properties>
                </test-case>
                <test-case id="1059" name="RuntimeTerrainManager_GetTerrainEntityCount_ReturnsValidCount" fullname="TinyWalnutGames.TTG.TerrainGeneration.Tests.RuntimeTerrainManagerTests.RuntimeTerrainManager_GetTerrainEntityCount_ReturnsValidCount" methodname="RuntimeTerrainManager_GetTerrainEntityCount_ReturnsValidCount" classname="TinyWalnutGames.TTG.TerrainGeneration.Tests.RuntimeTerrainManagerTests" runstate="Runnable" seed="269098020" result="Passed" start-time="2025-07-31 23:38:00Z" end-time="2025-07-31 23:38:00Z" duration="0.000482" asserts="0">
                  <properties>
                    <property name="retryIteration" value="0" />
                    <property name="repeatIteration" value="0" />
                  </properties>
                </test-case>
                <test-case id="1064" name="RuntimeTerrainManager_InitializationDelay_CanBeSet" fullname="TinyWalnutGames.TTG.TerrainGeneration.Tests.RuntimeTerrainManagerTests.RuntimeTerrainManager_InitializationDelay_CanBeSet" methodname="RuntimeTerrainManager_InitializationDelay_CanBeSet" classname="TinyWalnutGames.TTG.TerrainGeneration.Tests.RuntimeTerrainManagerTests" runstate="Runnable" seed="642087112" result="Passed" start-time="2025-07-31 23:38:00Z" end-time="2025-07-31 23:38:00Z" duration="0.000820" asserts="0">
                  <properties>
                    <property name="retryIteration" value="0" />
                    <property name="repeatIteration" value="0" />
                  </properties>
                </test-case>
                <test-case id="1050" name="RuntimeTerrainManager_InitialState_HasCorrectDefaults" fullname="TinyWalnutGames.TTG.TerrainGeneration.Tests.RuntimeTerrainManagerTests.RuntimeTerrainManager_InitialState_HasCorrectDefaults" methodname="RuntimeTerrainManager_InitialState_HasCorrectDefaults" classname="TinyWalnutGames.TTG.TerrainGeneration.Tests.RuntimeTerrainManagerTests" runstate="Runnable" seed="314442563" result="Passed" start-time="2025-07-31 23:38:00Z" end-time="2025-07-31 23:38:00Z" duration="0.001230" asserts="0">
                  <properties>
                    <property name="retryIteration" value="0" />
                    <property name="repeatIteration" value="0" />
                  </properties>
                </test-case>
                <test-case id="1067" name="RuntimeTerrainManager_InvalidSceneConfiguration_HandlesGracefully" fullname="TinyWalnutGames.TTG.TerrainGeneration.Tests.RuntimeTerrainManagerTests.RuntimeTerrainManager_InvalidSceneConfiguration_HandlesGracefully" methodname="RuntimeTerrainManager_InvalidSceneConfiguration_HandlesGracefully" classname="TinyWalnutGames.TTG.TerrainGeneration.Tests.RuntimeTerrainManagerTests" runstate="Runnable" seed="316790094" result="Passed" start-time="2025-07-31 23:38:00Z" end-time="2025-07-31 23:38:00Z" duration="0.000643" asserts="0">
                  <properties>
                    <property name="retryIteration" value="0" />
                    <property name="repeatIteration" value="0" />
                  </properties>
                </test-case>
                <test-case id="1069" name="RuntimeTerrainManager_IsInitialized_ReflectsState" fullname="TinyWalnutGames.TTG.TerrainGeneration.Tests.RuntimeTerrainManagerTests.RuntimeTerrainManager_IsInitialized_ReflectsState" methodname="RuntimeTerrainManager_IsInitialized_ReflectsState" classname="TinyWalnutGames.TTG.TerrainGeneration.Tests.RuntimeTerrainManagerTests" runstate="Runnable" seed="1218300179" result="Passed" start-time="2025-07-31 23:38:00Z" end-time="2025-07-31 23:38:00Z" duration="0.000601" asserts="0">
                  <properties>
                    <property name="retryIteration" value="0" />
                    <property name="repeatIteration" value="0" />
                  </properties>
                </test-case>
                <test-case id="1060" name="RuntimeTerrainManager_IsTerrainSystemAvailable_WorksCorrectly" fullname="TinyWalnutGames.TTG.TerrainGeneration.Tests.RuntimeTerrainManagerTests.RuntimeTerrainManager_IsTerrainSystemAvailable_WorksCorrectly" methodname="RuntimeTerrainManager_IsTerrainSystemAvailable_WorksCorrectly" classname="TinyWalnutGames.TTG.TerrainGeneration.Tests.RuntimeTerrainManagerTests" runstate="Runnable" seed="452803577" result="Passed" start-time="2025-07-31 23:38:00Z" end-time="2025-07-31 23:38:00Z" duration="0.000348" asserts="0">
                  <properties>
                    <property name="retryIteration" value="0" />
                    <property name="repeatIteration" value="0" />
                  </properties>
                </test-case>
                <test-case id="1051" name="RuntimeTerrainManager_ManualInitialization_UpdatesStatus" fullname="TinyWalnutGames.TTG.TerrainGeneration.Tests.RuntimeTerrainManagerTests.RuntimeTerrainManager_ManualInitialization_UpdatesStatus" methodname="RuntimeTerrainManager_ManualInitialization_UpdatesStatus" classname="TinyWalnutGames.TTG.TerrainGeneration.Tests.RuntimeTerrainManagerTests" runstate="Runnable" seed="1739302857" result="Passed" start-time="2025-07-31 23:38:00Z" end-time="2025-07-31 23:38:00Z" duration="0.000303" asserts="0">
                  <properties>
                    <property name="retryIteration" value="0" />
[...]
Unity.Entities.SystemBase:Update() (at ./Library/PackageCache/com.unity.entities@e581b903be8e/Unity.Entities/SystemBase.cs:418)
TinyWalnutGames.TTG.TerrainGeneration.Tests.<PlanarTerrainWorkflow_FrameByFrame_ProgressesCorrectly>d__5:MoveNext() (at Assets/TinyWalnutGames.TTG/Tests/TerrainGenerationWorkflowTests.cs:153)
UnityEngine.SetupCoroutine:InvokeMoveNext(IEnumerator, IntPtr)

]]></stack-trace>
                  </failure>
                  <output><![CDATA[MeshCreationSystem: Created URP Lit default material for terrain rendering.
]]></output>
                </test-case>
                <test-case id="1184" name="SphericalTerrainWorkflow_CompleteEndToEnd_CreatesValidMesh" fullname="TinyWalnutGames.TTG.TerrainGeneration.Tests.TerrainGenerationWorkflowTests.SphericalTerrainWorkflow_CompleteEndToEnd_CreatesValidMesh" methodname="SphericalTerrainWorkflow_CompleteEndToEnd_CreatesValidMesh" classname="TinyWalnutGames.TTG.TerrainGeneration.Tests.TerrainGenerationWorkflowTests" runstate="Runnable" seed="1526005962" result="Passed" start-time="2025-07-31 23:38:14Z" end-time="2025-07-31 23:38:14Z" duration="0.037526" asserts="0">
                  <properties>
                    <property name="retryIteration" value="0" />
                    <property name="repeatIteration" value="0" />
                  </properties>
                  <output><![CDATA[MeshCreationSystem: Created URP Lit default material for terrain rendering.
Terrain generation completed for entity Entity(125:45). Created mesh entity Entity(126:41) with GameObject 'GeneratedTerrain_125' containing 95 vertices and 154 triangles.
ENABLEABLE SOLUTION: Disabled MeshDataComponent for entity 125:45 - component preserved for tests but marked as processed
]]></output>
                </test-case>
                <test-case id="1189" name="TerrainWorkflow_RepeatedExecution_ProducesConsistentResults" fullname="TinyWalnutGames.TTG.TerrainGeneration.Tests.TerrainGenerationWorkflowTests.TerrainWorkflow_RepeatedExecution_ProducesConsistentResults" methodname="TerrainWorkflow_RepeatedExecution_ProducesConsistentResults" classname="TinyWalnutGames.TTG.TerrainGeneration.Tests.TerrainGenerationWorkflowTests" runstate="Runnable" seed="1751074181" result="Failed" start-time="2025-07-31 23:38:14Z" end-time="2025-07-31 23:38:14Z" duration="0.066494" asserts="0">
                  <properties>
                    <property name="retryIteration" value="0" />
                    <property name="repeatIteration" value="0" />
                  </properties>
                  <failure>
                    <message><![CDATA[Unhandled log message: '[Exception] IndexOutOfRangeException: Index 4 is out of restricted IJobParallelFor range [0...3] in ReadWriteBuffer.
ReadWriteBuffers are restricted to only read & write the element at the job index. You can use double buffering strategies to avoid race conditions due to reading & writing in parallel to the same elements from a job.'. Use UnityEngine.TestTools.LogAssert.Expect]]></message>
                    <stack-trace><![CDATA[Unity.Collections.NativeArray`1[T].FailOutOfRangeError (System.Int32 index) (at <318e2b825f864e1f9076755f968808cd>:0)
TinyWalnutGames.TTG.TerrainGeneration.TerrainGenerationSystem+PlanarSubdivisionJob.Execute (System.Int32 t) (at Assets/TinyWalnutGames.TTG/Runtime/ECS/Systems/TerrainGenerationSystem.cs:438)
Unity.Jobs.IJobParallelForExtensions+ParallelForJobStruct`1[T].Execute (T& jobData, System.IntPtr additionalPtr, System.IntPtr bufferRangePatchData, Unity.Jobs.LowLevel.Unsafe.JobRanges& ranges, System.Int32 jobIndex) (at <318e2b825f864e1f9076755f968808cd>:0)
Unity.Jobs.JobHandle:ScheduleBatchedJobsAndComplete(JobHandle&)
Unity.Jobs.JobHandle:Complete()
TinyWalnutGames.TTG.TerrainGeneration.TerrainGenerationSystem:ApplyCorrectMeshFragmentation(MeshDataComponent, UInt16, TerrainType) (at Assets/TinyWalnutGames.TTG/Runtime/ECS/Systems/TerrainGenerationSystem.cs:507)
TinyWalnutGames.TTG.TerrainGeneration.TerrainGenerationSystem_343109AF_LambdaJob_2_Job:OriginalLambdaBody(Entity, TerrainGenerationState&, TerrainGenerationData&, MeshDataComponent&) (at Assets/TinyWalnutGames.TTG/Runtime/ECS/Systems/TerrainGenerationSystem.cs:105)
TinyWalnutGames.TTG.TerrainGeneration.TerrainGenerationSystem_343109AF_LambdaJob_2_Job:Execute(ArchetypeChunk&, Int32, Boolean, v128&) (at SystemGenerator/Unity.Entities.SourceGen.SystemGenerator.SystemGenerator/Temp/GeneratedCode/TinyWalnutGames.TTG.TerrainGeneration/TerrainGenerationSystem__System_5115306810.g.cs:406)
TinyWalnutGames.TTG.TerrainGeneration.TerrainGenerationSystem_343109AF_LambdaJob_2_Job:Unity.Entities.IJobChunk.Execute(ArchetypeChunk&, Int32, Boolean, v128&)
Unity.Entities.JobChunkExtensions:RunByRefWithoutJobs(TerrainGenerationSystem_343109AF_LambdaJob_2_Job&, EntityQuery) (at ./Library/PackageCache/com.unity.entities@e581b903be8e/Unity.Entities/IJobChunk.cs:256)
Unity.Entities.Internal.JobChunkInterface:RunWithoutJobsInternal(TerrainGenerationSystem_343109AF_LambdaJob_2_Job&, EntityQuery&) (at ./Library/PackageCache/com.unity.entities@e581b903be8e/Unity.Entities/Internal/InternalCompilerInterface.cs:483)
TinyWalnutGames.TTG.TerrainGeneration.TerrainGenerationSystem_343109AF_LambdaJob_2_Job:RunWithoutJobSystem(EntityQuery&, IntPtr) (at SystemGenerator/Unity.Entities.SourceGen.SystemGenerator.SystemGenerator/Temp/GeneratedCode/TinyWalnutGames.TTG.TerrainGeneration/TerrainGenerationSystem__System_5115306810.g.cs:455)
TinyWalnutGames.TTG.TerrainGeneration.TerrainGenerationSystem:TerrainGenerationSystem_343109AF_LambdaJob_2_Execute(Boolean&, EntityCommandBuffer&) (at SystemGenerator/Unity.Entities.SourceGen.SystemGenerator.SystemGenerator/Temp/GeneratedCode/TinyWalnutGames.TTG.TerrainGeneration/TerrainGenerationSystem__System_5115306810.g.cs:484)
TinyWalnutGames.TTG.TerrainGeneration.TerrainGenerationSystem:ProcessFragmentation() (at Assets/TinyWalnutGames.TTG/Runtime/ECS/Systems/TerrainGenerationSystem.cs:97)
TinyWalnutGames.TTG.TerrainGeneration.TerrainGenerationSystem:OnUpdate() (at Assets/TinyWalnutGames.TTG/Runtime/ECS/Systems/TerrainGenerationSystem.cs:191)
Unity.Entities.SystemBase:Update() (at ./Library/PackageCache/com.unity.entities@e581b903be8e/Unity.Entities/SystemBase.cs:418)
TinyWalnutGames.TTG.TerrainGeneration.Tests.TerrainGenerationWorkflowTests:ExecuteCompleteWorkflow() (at Assets/TinyWalnutGames.TTG/Tests/TerrainGenerationWorkflowTests.cs:414)
TinyWalnutGames.TTG.TerrainGeneration.Tests.TerrainGenerationWorkflowTests:TerrainWorkflow_RepeatedExecution_ProducesConsistentResults() (at Assets/TinyWalnutGames.TTG/Tests/TerrainGenerationWorkflowTests.cs:322)
System.Reflection.MethodBase:Invoke(Object, Object[])
NUnit.Framework.Internal.Reflect:InvokeMethod(MethodInfo, Object, Object[])
NUnit.Framework.Internal.MethodWrapper:Invoke(Object, Object[])
NUnit.Framework.Internal.Commands.TestMethodCommand:RunNonAsyncTestMethod(ITestExecutionContext)
NUnit.Framework.Internal.Commands.TestMethodCommand:RunTestMethod(ITestExecutionContext)
NUnit.Framework.Internal.Commands.TestMethodCommand:Execute(ITestExecutionContext)
UnityEngine.SetupCoroutine:InvokeMoveNext(IEnumerator, IntPtr)

]]></stack-trace>
                  </failure>
                  <output><![CDATA[MeshCreationSystem: Created URP Lit default material for terrain rendering.
Terrain generation completed for entity Entity(125:47). Created mesh entity Entity(126:43) with GameObject 'GeneratedTerrain_125' containing 6 vertices and 64 triangles.
ENABLEABLE SOLUTION: Disabled MeshDataComponent for entity 125:47 - component preserved for tests but marked as processed
Terrain generation completed for entity Entity(127:19). Created mesh entity Entity(128:19) with GameObject 'GeneratedTerrain_127' containing 6 vertices and 64 triangles.
ENABLEABLE SOLUTION: Disabled MeshDataComponent for entity 127:19 - component preserved for tests but marked as processed
]]></output>
                </test-case>
                <test-case id="1187" name="TerrainWorkflow_WithCustomTerraces_AppliesCorrectly" fullname="TinyWalnutGames.TTG.TerrainGeneration.Tests.TerrainGenerationWorkflowTests.TerrainWorkflow_WithCustomTerraces_AppliesCorrectly" methodname="TerrainWorkflow_WithCustomTerraces_AppliesCorrectly" classname="TinyWalnutGames.TTG.TerrainGeneration.Tests.TerrainGenerationWorkflowTests" runstate="Runnable" seed="1812515562" result="Failed" start-time="2025-07-31 23:38:14Z" end-time="2025-07-31 23:38:14Z" duration="0.042616" asserts="0">
                  <properties>
                    <property name="retryIteration" value="0" />
                    <property name="repeatIteration" value="0" />
                  </properties>
                  <failure>
                    <message><![CDATA[Unhandled log message: '[Exception] IndexOutOfRangeException: Index 4 is out of restricted IJobParallelFor range [0...3] in ReadWriteBuffer.
ReadWriteBuffers are restricted to only read & write the element at the job index. You can use double buffering strategies to avoid race conditions due to reading & writing in parallel to the same elements from a job.'. Use UnityEngine.TestTools.LogAssert.Expect]]></message>
                    <stack-trace><![CDATA[Unity.Collections.NativeArray`1[T].FailOutOfRangeError (System.Int32 index) (at <318e2b825f864e1f9076755f968808cd>:0)
TinyWalnutGames.TTG.TerrainGeneration.TerrainGenerationSystem+PlanarSubdivisionJob.Execute (System.Int32 t) (at Assets/TinyWalnutGames.TTG/Runtime/ECS/Systems/TerrainGenerationSystem.cs:438)
Unity.Jobs.IJobParallelForExtensions+ParallelForJobStruct`1[T].Execute (T& jobData, System.IntPtr additionalPtr, System.IntPtr bufferRangePatchData, Unity.Jobs.LowLevel.Unsafe.JobRanges& ranges, System.Int32 jobIndex) (at <318e2b825f864e1f9076755f968808cd>:0)
Unity.Jobs.JobHandle:ScheduleBatchedJobsAndComplete(JobHandle&)
Unity.Jobs.JobHandle:Complete()
TinyWalnutGames.TTG.TerrainGeneration.TerrainGenerationSystem:ApplyCorrectMeshFragmentation(MeshDataComponent, UInt16, TerrainType) (at Assets/TinyWalnutGames.TTG/Runtime/ECS/Systems/TerrainGenerationSystem.cs:507)
TinyWalnutGames.TTG.TerrainGeneration.TerrainGenerationSystem_343109AF_LambdaJob_2_Job:OriginalLambdaBody(Entity, TerrainGenerationState&, TerrainGenerationData&, MeshDataComponent&) (at Assets/TinyWalnutGames.TTG/Runtime/ECS/Systems/TerrainGenerationSystem.cs:105)
TinyWalnutGames.TTG.TerrainGeneration.TerrainGenerationSystem_343109AF_LambdaJob_2_Job:Execute(ArchetypeChunk&, Int32, Boolean, v128&) (at SystemGenerator/Unity.Entities.SourceGen.SystemGenerator.SystemGenerator/Temp/GeneratedCode/TinyWalnutGames.TTG.TerrainGeneration/TerrainGenerationSystem__System_5115306810.g.cs:406)
TinyWalnutGames.TTG.TerrainGeneration.TerrainGenerationSystem_343109AF_LambdaJob_2_Job:Unity.Entities.IJobChunk.Execute(ArchetypeChunk&, Int32, Boolean, v128&)
Unity.Entities.JobChunkExtensions:RunByRefWithoutJobs(TerrainGenerationSystem_343109AF_LambdaJob_2_Job&, EntityQuery) (at ./Library/PackageCache/com.unity.entities@e581b903be8e/Unity.Entities/IJobChunk.cs:256)
Unity.Entities.Internal.JobChunkInterface:RunWithoutJobsInternal(TerrainGenerationSystem_343109AF_LambdaJob_2_Job&, EntityQuery&) (at ./Library/PackageCache/com.unity.entities@e581b903be8e/Unity.Entities/Internal/InternalCompilerInterface.cs:483)
TinyWalnutGames.TTG.TerrainGeneration.TerrainGenerationSystem_343109AF_LambdaJob_2_Job:RunWithoutJobSystem(EntityQuery&, IntPtr) (at SystemGenerator/Unity.Entities.SourceGen.SystemGenerator.SystemGenerator/Temp/GeneratedCode/TinyWalnutGames.TTG.TerrainGeneration/TerrainGenerationSystem__System_5115306810.g.cs:455)
TinyWalnutGames.TTG.TerrainGeneration.TerrainGenerationSystem:TerrainGenerationSystem_343109AF_LambdaJob_2_Execute(Boolean&, EntityCommandBuffer&) (at SystemGenerator/Unity.Entities.SourceGen.SystemGenerator.SystemGenerator/Temp/GeneratedCode/TinyWalnutGames.TTG.TerrainGeneration/TerrainGenerationSystem__System_5115306810.g.cs:484)
TinyWalnutGames.TTG.TerrainGeneration.TerrainGenerationSystem:ProcessFragmentation() (at Assets/TinyWalnutGames.TTG/Runtime/ECS/Systems/TerrainGenerationSystem.cs:97)
TinyWalnutGames.TTG.TerrainGeneration.TerrainGenerationSystem:OnUpdate() (at Assets/TinyWalnutGames.TTG/Runtime/ECS/Systems/TerrainGenerationSystem.cs:191)
Unity.Entities.SystemBase:Update() (at ./Library/PackageCache/com.unity.entities@e581b903be8e/Unity.Entities/SystemBase.cs:418)
TinyWalnutGames.TTG.TerrainGeneration.Tests.TerrainGenerationWorkflowTests:ExecuteCompleteWorkflow() (at Assets/TinyWalnutGames.TTG/Tests/TerrainGenerationWorkflowTests.cs:414)
TinyWalnutGames.TTG.TerrainGeneration.Tests.TerrainGenerationWorkflowTests:TerrainWorkflow_WithCustomTerraces_AppliesCorrectly() (at Assets/TinyWalnutGames.TTG/Tests/TerrainGenerationWorkflowTests.cs:248)
System.Reflection.MethodBase:Invoke(Object, Object[])
NUnit.Framework.Internal.Reflect:InvokeMethod(MethodInfo, Object, Object[])
NUnit.Framework.Internal.MethodWrapper:Invoke(Object, Object[])
NUnit.Framework.Internal.Commands.TestMethodCommand:RunNonAsyncTestMethod(ITestExecutionContext)
NUnit.Framework.Internal.Commands.TestMethodCommand:RunTestMethod(ITestExecutionContext)
NUnit.Framework.Internal.Commands.TestMethodCommand:Execute(ITestExecutionContext)
UnityEngine.SetupCoroutine:InvokeMoveNext(IEnumerator, IntPtr)

]]></stack-trace>
                  </failure>
                  <output><![CDATA[MeshCreationSystem: Created URP Lit default material for terrain rendering.
Terrain generation completed for entity Entity(125:49). Created mesh entity Entity(126:45) with GameObject 'GeneratedTerrain_125' containing 6 vertices and 64 triangles.
ENABLEABLE SOLUTION: Disabled MeshDataComponent for entity 125:49 - component preserved for tests but marked as processed
]]></output>
                </test-case>
                <test-case id="1188" name="TerrainWorkflow_WithHighDetail_CompletesSuccessfully" fullname="TinyWalnutGames.TTG.TerrainGeneration.Tests.TerrainGenerationWorkflowTests.TerrainWorkflow_WithHighDetail_CompletesSuccessfully" methodname="TerrainWorkflow_WithHighDetail_CompletesSuccessfully" classname="TinyWalnutGames.TTG.TerrainGeneration.Tests.TerrainGenerationWorkflowTests" runstate="Runnable" seed="54061148" result="Failed" start-time="2025-07-31 23:38:14Z" end-time="2025-07-31 23:38:14Z" duration="0.078707" asserts="0">
                  <properties>
                    <property name="retryIteration" value="0" />
                    <property name="repeatIteration" value="0" />
                  </properties>
                  <failure>
                    <message><![CDATA[Unhandled log message: '[Exception] IndexOutOfRangeException: Index 8 is out of restricted IJobParallelFor range [0...7] in ReadWriteBuffer.
ReadWriteBuffers are restricted to only read & write the element at the job index. You can use double buffering strategies to avoid race conditions due to reading & writing in parallel to the same elements from a job.'. Use UnityEngine.TestTools.LogAssert.Expect]]></message>
                    <stack-trace><![CDATA[Unity.Collections.NativeArray`1[T].FailOutOfRangeError (System.Int32 index) (at <318e2b825f864e1f9076755f968808cd>:0)
TinyWalnutGames.TTG.TerrainGeneration.TerrainGenerationSystem+PlanarSubdivisionJob.Execute (System.Int32 t) (at Assets/TinyWalnutGames.TTG/Runtime/ECS/Systems/TerrainGenerationSystem.cs:446)
Unity.Jobs.IJobParallelForExtensions+ParallelForJobStruct`1[T].Execute (T& jobData, System.IntPtr additionalPtr, System.IntPtr bufferRangePatchData, Unity.Jobs.LowLevel.Unsafe.JobRanges& ranges, System.Int32 jobIndex) (at <318e2b825f864e1f9076755f968808cd>:0)
Unity.Jobs.JobHandle:ScheduleBatchedJobsAndComplete(JobHandle&)
Unity.Jobs.JobHandle:Complete()
TinyWalnutGames.TTG.TerrainGeneration.TerrainGenerationSystem:ApplyCorrectMeshFragmentation(MeshDataComponent, UInt16, TerrainType) (at Assets/TinyWalnutGames.TTG/Runtime/ECS/Systems/TerrainGenerationSystem.cs:507)
TinyWalnutGames.TTG.TerrainGeneration.TerrainGenerationSystem_343109AF_LambdaJob_2_Job:OriginalLambdaBody(Entity, TerrainGenerationState&, TerrainGenerationData&, MeshDataComponent&) (at Assets/TinyWalnutGames.TTG/Runtime/ECS/Systems/TerrainGenerationSystem.cs:105)
TinyWalnutGames.TTG.TerrainGeneration.TerrainGenerationSystem_343109AF_LambdaJob_2_Job:Execute(ArchetypeChunk&, Int32, Boolean, v128&) (at SystemGenerator/Unity.Entities.SourceGen.SystemGenerator.SystemGenerator/Temp/GeneratedCode/TinyWalnutGames.TTG.TerrainGeneration/TerrainGenerationSystem__System_5115306810.g.cs:406)
TinyWalnutGames.TTG.TerrainGeneration.TerrainGenerationSystem_343109AF_LambdaJob_2_Job:Unity.Entities.IJobChunk.Execute(ArchetypeChunk&, Int32, Boolean, v128&)
Unity.Entities.JobChunkExtensions:RunByRefWithoutJobs(TerrainGenerationSystem_343109AF_LambdaJob_2_Job&, EntityQuery) (at ./Library/PackageCache/com.unity.entities@e581b903be8e/Unity.Entities/IJobChunk.cs:256)
Unity.Entities.Internal.JobChunkInterface:RunWithoutJobsInternal(TerrainGenerationSystem_343109AF_LambdaJob_2_Job&, EntityQuery&) (at ./Library/PackageCache/com.unity.entities@e581b903be8e/Unity.Entities/Internal/InternalCompilerInterface.cs:483)
TinyWalnutGames.TTG.TerrainGeneration.TerrainGenerationSystem_343109AF_LambdaJob_2_Job:RunWithoutJobSystem(EntityQuery&, IntPtr) (at SystemGenerator/Unity.Entities.SourceGen.SystemGenerator.SystemGenerator/Temp/GeneratedCode/TinyWalnutGames.TTG.TerrainGeneration/TerrainGenerationSystem__System_5115306810.g.cs:455)
TinyWalnutGames.TTG.TerrainGeneration.TerrainGenerationSystem:TerrainGenerationSystem_343109AF_LambdaJob_2_Execute(Boolean&, EntityCommandBuffer&) (at SystemGenerator/Unity.Entities.SourceGen.SystemGenerator.SystemGenerator/Temp/GeneratedCode/TinyWalnutGames.TTG.TerrainGeneration/TerrainGenerationSystem__System_5115306810.g.cs:484)
TinyWalnutGames.TTG.TerrainGeneration.TerrainGenerationSystem:ProcessFragmentation() (at Assets/TinyWalnutGames.TTG/Runtime/ECS/Systems/TerrainGenerationSystem.cs:97)
TinyWalnutGames.TTG.TerrainGeneration.TerrainGenerationSystem:OnUpdate() (at Assets/TinyWalnutGames.TTG/Runtime/ECS/Systems/TerrainGenerationSystem.cs:191)
Unity.Entities.SystemBase:Update() (at ./Library/PackageCache/com.unity.entities@e581b903be8e/Unity.Entities/SystemBase.cs:418)
TinyWalnutGames.TTG.TerrainGeneration.Tests.TerrainGenerationWorkflowTests:ExecuteCompleteWorkflow() (at Assets/TinyWalnutGames.TTG/Tests/TerrainGenerationWorkflowTests.cs:414)
TinyWalnutGames.TTG.TerrainGeneration.Tests.TerrainGenerationWorkflowTests:TerrainWorkflow_WithHighDetail_CompletesSuccessfully() (at Assets/TinyWalnutGames.TTG/Tests/TerrainGenerationWorkflowTests.cs:300)
System.Reflection.MethodBase:Invoke(Object, Object[])
NUnit.Framework.Internal.Reflect:InvokeMethod(MethodInfo, Object, Object[])
NUnit.Framework.Internal.MethodWrapper:Invoke(Object, Object[])
NUnit.Framework.Internal.Commands.TestMethodCommand:RunNonAsyncTestMethod(ITestExecutionContext)
NUnit.Framework.Internal.Commands.TestMethodCommand:RunTestMethod(ITestExecutionContext)
NUnit.Framework.Internal.Commands.TestMethodCommand:Execute(ITestExecutionContext)
UnityEngine.SetupCoroutine:InvokeMoveNext(IEnumerator, IntPtr)

]]></stack-trace>
                  </failure>
                  <output><![CDATA[MeshCreationSystem: Created URP Lit default material for terrain rendering.
Terrain generation completed for entity Entity(125:51). Created mesh entity Entity(126:47) with GameObject 'GeneratedTerrain_125' containing 22 vertices and 2048 triangles.
ENABLEABLE SOLUTION: Disabled MeshDataComponent for entity 125:51 - component preserved for tests but marked as processed
Saving results to: C:/Users/Jerry/AppData/LocalLow/Tiny Walnut Games/TWG-DOTS-TTG\TestResults.xml
]]></output>
                </test-case>
              </test-suite>
            </test-suite>
          </test-suite>
        </test-suite>
      </test-suite>
    </test-suite>
  </test-suite>
</test-run>